<?xml version="1.0" encoding="UTF-8" standalone="yes"?>
<testsuites name="Asset Tests" time="137" tests="4" failures="1" errors="0">
    <testsuite name="Asset Tests" tests="4" failures="1" errors="0" time="137" timestamp="2019-10-02 15:01:28" hostname="gansat - NOTEEG-12802.nexus.local" id="Test Suites/Marketing Content/Add Assets/Asset Tests">
        <properties>
            <property name="deviceName" value=""/>
            <property name="devicePlatform" value=""/>
            <property name="logFolder" value="C:\\Adzu UAT\\Adzu\\Adzu\\Reports\\20191002_150124\\Marketing Content\\Add Assets\\Asset Tests\\20191002_150124"/>
            <property name="logFiles" value="C:\\Adzu UAT\\Adzu\\Adzu\\Reports\\20191002_150124\\Marketing Content\\Add Assets\\Asset Tests\\20191002_150124\\execution0.log, C:\\Adzu UAT\\Adzu\\Adzu\\Reports\\20191002_150124\\Marketing Content\\Add Assets\\Asset Tests\\20191002_150124\\IEDriverServer.log"/>
            <property name="attachments" value="C:\\Adzu UAT\\Adzu\\Adzu\\Reports\\20191002_150124\\Marketing Content\\Add Assets\\Asset Tests\\20191002_150124\\1570024992405.png"/>
            <property name="hostName" value="gansat - NOTEEG-12802.nexus.local"/>
            <property name="os" value="Windows 10 64bit"/>
            <property name="katalonVersion" value="6.3.3.11"/>
            <property name="browser" value="IE 11"/>
            <property name="hostAddress" value="192.168.0.20"/>
            <property name="sessionId" value="035a3854-f1cb-4153-9cb1-d9fb542b966d"/>
            <property name="seleniumVersion" value="3.141.59"/>
            <property name="proxyInformation" value="ProxyInformation{proxyOption=NO_PROXY, proxyServerType=HTTP, password=, proxyServerAddress=, proxyServerPort=0}"/>
            <property name="platform" value="Windows 10"/>
        </properties>
        <testcase name="Test Cases/Login and Logout - Notifications/Login" classname="Test Cases/Login and Logout - Notifications/Login" status="PASSED">
            <system-out>2019-10-02 15:01:29 - [TEST_CASE][PASSED] - Test Cases/Login and Logout - Notifications/Login: Test Cases/Login and Logout - Notifications/Login&#xD;
&#xD;
2019-10-02 15:01:30 - [TEST_STEP][PASSED] - openBrowser(""): Browser is opened with url: ''&#xD;
&#xD;
2019-10-02 15:01:31 - [MESSAGE][INFO] - Starting 'IE' driver&#xD;
&#xD;
2019-10-02 15:01:31 - [MESSAGE][INFO] - User set preference: ['ignoreProtectedModeSettings', 'true']&#xD;
&#xD;
2019-10-02 15:01:31 - [MESSAGE][INFO] - Action delay is set to 1 seconds&#xD;
&#xD;
2019-10-02 15:01:38 - [MESSAGE][PASSED] - Browser is opened with url: ''&#xD;
&#xD;
2019-10-02 15:01:38 - [TEST_STEP][PASSED] - navigateToUrl("https://samsung-adzu4-staging.codeworldwide.com/#"): Navigate to 'https://samsung-adzu4-staging.codeworldwide.com/#' successfully&#xD;
&#xD;
2019-10-02 15:01:41 - [MESSAGE][PASSED] - Navigate to 'https://samsung-adzu4-staging.codeworldwide.com/#' successfully&#xD;
&#xD;
2019-10-02 15:01:41 - [TEST_STEP][PASSED] - setText(findTestObject("Object Repository/Login/Page_Samsung Marketing Cloud/Username_Text"), "satinder.gandhi@codeworldwide.com"): Text 'satinder.gandhi@codeworldwide.com' is set on object 'Object Repository/Login/Page_Samsung Marketing Cloud/Username_Text'&#xD;
&#xD;
2019-10-02 15:01:48 - [MESSAGE][PASSED] - Text 'satinder.gandhi@codeworldwide.com' is set on object 'Object Repository/Login/Page_Samsung Marketing Cloud/Username_Text'&#xD;
&#xD;
2019-10-02 15:01:48 - [TEST_STEP][PASSED] - setEncryptedText(findTestObject("Object Repository/Login/Page_Samsung Marketing Cloud/Password_text"), "yfq/9fVkW5+QvfzWq38qvg=="): Text ****** has been set on object 'Object Repository/Login/Page_Samsung Marketing Cloud/Password_text'&#xD;
&#xD;
2019-10-02 15:01:53 - [MESSAGE][PASSED] - Text ****** has been set on object 'Object Repository/Login/Page_Samsung Marketing Cloud/Password_text'&#xD;
&#xD;
2019-10-02 15:01:53 - [TEST_STEP][PASSED] - click(findTestObject("Object Repository/Login/Page_Samsung Marketing Cloud/button_Login")): Object: 'Object Repository/Login/Page_Samsung Marketing Cloud/button_Login' is clicked on&#xD;
&#xD;
2019-10-02 15:01:58 - [MESSAGE][PASSED] - Object: 'Object Repository/Login/Page_Samsung Marketing Cloud/button_Login' is clicked on&#xD;
&#xD;
2019-10-02 15:01:58 - [TEST_STEP][PASSED] - maximizeWindow(): Current window maximized&#xD;
&#xD;
2019-10-02 15:01:59 - [MESSAGE][PASSED] - Current window maximized</system-out>
            <system-err></system-err>
        </testcase>
        <testcase name="Test Cases/Assets/Open Assets Page" classname="Test Cases/Assets/Open Assets Page" status="PASSED">
            <system-out>2019-10-02 15:02:02 - [TEST_CASE][PASSED] - Test Cases/Assets/Open Assets Page: Test Cases/Assets/Open Assets Page&#xD;
&#xD;
2019-10-02 15:02:02 - [TEST_STEP][PASSED] - click(findTestObject("Assets/Samsung Marketing Cloud/a_Assets")): Object: 'Object Repository/Assets/Samsung Marketing Cloud/a_Assets' is clicked on&#xD;
&#xD;
2019-10-02 15:02:09 - [MESSAGE][PASSED] - Object: 'Object Repository/Assets/Samsung Marketing Cloud/a_Assets' is clicked on</system-out>
            <system-err></system-err>
        </testcase>
        <testcase name="Test Cases/Assets/Search Asset" classname="Test Cases/Assets/Search Asset" status="PASSED">
            <system-out>2019-10-02 15:02:11 - [TEST_CASE][PASSED] - Test Cases/Assets/Search Asset: Test Cases/Assets/Search Asset&#xD;
&#xD;
2019-10-02 15:02:13 - [TEST_STEP][PASSED] - click(findTestObject("Assets/Search Assets/Page_Samsung Marketing Cloud/filter_icon")): Object: 'Object Repository/Assets/Search Assets/Page_Samsung Marketing Cloud/filter_icon' is clicked on&#xD;
&#xD;
2019-10-02 15:02:17 - [MESSAGE][PASSED] - Object: 'Object Repository/Assets/Search Assets/Page_Samsung Marketing Cloud/filter_icon' is clicked on&#xD;
&#xD;
2019-10-02 15:02:17 - [TEST_STEP][PASSED] - setText(findTestObject("Assets/Search Assets/Page_Samsung Marketing Cloud/Text_SearchText"), search_text): Text 'Auto_ImageAsset6' is set on object 'Object Repository/Assets/Search Assets/Page_Samsung Marketing Cloud/Text_SearchText'&#xD;
&#xD;
2019-10-02 15:02:22 - [MESSAGE][PASSED] - Text 'Auto_ImageAsset6' is set on object 'Object Repository/Assets/Search Assets/Page_Samsung Marketing Cloud/Text_SearchText'&#xD;
&#xD;
2019-10-02 15:02:22 - [TEST_STEP][PASSED] - span_obj = modifyObjectProperty(findTestObject("Assets/Search Assets/Page_Samsung Marketing Cloud/span_asset"), "text", "equals", search_text, false): Modify property of object successfully&#xD;
&#xD;
2019-10-02 15:02:23 - [MESSAGE][PASSED] - Modify property of object successfully&#xD;
&#xD;
2019-10-02 15:02:23 - [TEST_STEP][PASSED] - click(span_obj): Object: 'Object Repository/Assets/Search Assets/Page_Samsung Marketing Cloud/span_asset' is clicked on&#xD;
&#xD;
2019-10-02 15:02:26 - [MESSAGE][PASSED] - Object: 'Object Repository/Assets/Search Assets/Page_Samsung Marketing Cloud/span_asset' is clicked on&#xD;
&#xD;
2019-10-02 15:02:26 - [TEST_STEP][PASSED] - click(findTestObject("Object Repository/Assets/Search Assets/Page_Samsung Marketing Cloud/button_Hide")): Object: 'Object Repository/Assets/Search Assets/Page_Samsung Marketing Cloud/button_Hide' is clicked on&#xD;
&#xD;
2019-10-02 15:02:30 - [MESSAGE][PASSED] - Object: 'Object Repository/Assets/Search Assets/Page_Samsung Marketing Cloud/button_Hide' is clicked on&#xD;
&#xD;
2019-10-02 15:02:30 - [TEST_STEP][PASSED] - delay(1): Delayed 1 second(s)&#xD;
&#xD;
2019-10-02 15:02:31 - [MESSAGE][PASSED] - Delayed 1 second(s)</system-out>
            <system-err></system-err>
        </testcase>
        <testcase name="Test Cases/Assets/Preview Asset" classname="Test Cases/Assets/Preview Asset" status="FAILED">
            <failure type="FAILED" message="Test Cases/Assets/Preview Asset FAILED.&#xA;Reason:&#xA;com.kms.katalon.core.exception.StepFailedException: Unable to click on object 'Object Repository/Assets/Samsung Marketing Cloud/Page-Samsung Marketing Cloud/div_Gallery_switcher-box sw-gallery' (Root cause: com.kms.katalon.core.exception.StepFailedException: Unable to click on object 'Object Repository/Assets/Samsung Marketing Cloud/Page-Samsung Marketing Cloud/div_Gallery_switcher-box sw-gallery'&#xD;&#xA;&#x9;at com.kms.katalon.core.webui.keyword.internal.WebUIKeywordMain.stepFailed(WebUIKeywordMain.groovy:64)&#xD;&#xA;&#x9;at com.kms.katalon.core.webui.keyword.internal.WebUIKeywordMain.runKeyword(WebUIKeywordMain.groovy:26)&#xD;&#xA;&#x9;at com.kms.katalon.core.webui.keyword.builtin.ClickKeyword.click(ClickKeyword.groovy:86)&#xD;&#xA;&#x9;at com.kms.katalon.core.webui.keyword.builtin.ClickKeyword.execute(ClickKeyword.groovy:67)&#xD;&#xA;&#x9;at com.kms.katalon.core.keyword.internal.KeywordExecutor.executeKeywordForPlatform(KeywordExecutor.groovy:56)&#xD;&#xA;&#x9;at com.kms.katalon.core.webui.keyword.WebUiBuiltInKeywords.click(WebUiBuiltInKeywords.groovy:616)&#xD;&#xA;&#x9;at com.kms.katalon.core.webui.keyword.WebUiBuiltInKeywords$click$3.call(Unknown Source)&#xD;&#xA;&#x9;at Preview Asset.run(Preview Asset:18)&#xD;&#xA;&#x9;at com.kms.katalon.core.main.ScriptEngine.run(ScriptEngine.java:194)&#xD;&#xA;&#x9;at com.kms.katalon.core.main.ScriptEngine.runScriptAsRawText(ScriptEngine.java:119)&#xD;&#xA;&#x9;at com.kms.katalon.core.main.TestCaseExecutor.runScript(TestCaseExecutor.java:337)&#xD;&#xA;&#x9;at com.kms.katalon.core.main.TestCaseExecutor.doExecute(TestCaseExecutor.java:328)&#xD;&#xA;&#x9;at com.kms.katalon.core.main.TestCaseExecutor.processExecutionPhase(TestCaseExecutor.java:307)&#xD;&#xA;&#x9;at com.kms.katalon.core.main.TestCaseExecutor.accessMainPhase(TestCaseExecutor.java:299)&#xD;&#xA;&#x9;at com.kms.katalon.core.main.TestCaseExecutor.execute(TestCaseExecutor.java:233)&#xD;&#xA;&#x9;at com.kms.katalon.core.main.TestSuiteExecutor.accessTestCaseMainPhase(TestSuiteExecutor.java:169)&#xD;&#xA;&#x9;at com.kms.katalon.core.main.TestSuiteExecutor.accessTestSuiteMainPhase(TestSuiteExecutor.java:142)&#xD;&#xA;&#x9;at com.kms.katalon.core.main.TestSuiteExecutor.execute(TestSuiteExecutor.java:91)&#xD;&#xA;&#x9;at com.kms.katalon.core.main.TestCaseMain.startTestSuite(TestCaseMain.java:157)&#xD;&#xA;&#x9;at com.kms.katalon.core.main.TestCaseMain$startTestSuite$0.call(Unknown Source)&#xD;&#xA;&#x9;at TempTestSuite1570024884598.run(TempTestSuite1570024884598.groovy:35)&#xD;&#xA;Caused by: com.kms.katalon.core.webui.exception.WebElementNotFoundException: Web element with id: 'Object Repository/Assets/Samsung Marketing Cloud/Page-Samsung Marketing Cloud/div_Gallery_switcher-box sw-gallery' located by 'By.xpath: id(&quot;body&quot;)/main[@class=&quot;page inject-widget-container&quot;]/div[@class=&quot;widget&quot;]/div[@class=&quot;page-container inject-widget-container&quot;]/div[@class=&quot;widget&quot;]/div[@class=&quot;plugin plugin-cms.page&quot;]/div[@class=&quot;widget inject-widget-container&quot;]/div[@class=&quot;widget&quot;]/div[1]/div[@class=&quot;container-fluid asset-gallery-page-container&quot;]/div[@class=&quot;container&quot;]/div[@class=&quot;row&quot;]/div[@class=&quot;col-sm-12&quot;]/nest[1]/div[@class=&quot;loadAndInject-loaded loadAndInject-initialized&quot;]/div[1]/div[@class=&quot;asset-view-container&quot;]/div[@class=&quot;switcher&quot;]/div[@class=&quot;pull-right&quot;]/div[@class=&quot;switcher-box sw-gallery&quot;]' not found&#xD;&#xA;&#x9;at com.kms.katalon.core.webui.common.WebUiCommonHelper.findWebElement(WebUiCommonHelper.java:1097)&#xD;&#xA;&#x9;at com.kms.katalon.core.webui.keyword.internal.WebUIAbstractKeyword.findWebElement(WebUIAbstractKeyword.groovy:27)&#xD;&#xA;&#x9;at com.kms.katalon.core.webui.keyword.internal.WebUIAbstractKeyword.findWebElement(WebUIAbstractKeyword.groovy:26)&#xD;&#xA;&#x9;at com.kms.katalon.core.webui.keyword.builtin.ClickKeyword$_click_closure1.doCall(ClickKeyword.groovy:77)&#xD;&#xA;&#x9;at com.kms.katalon.core.webui.keyword.builtin.ClickKeyword$_click_closure1.call(ClickKeyword.groovy)&#xD;&#xA;&#x9;at com.kms.katalon.core.webui.keyword.internal.WebUIKeywordMain.runKeyword(WebUIKeywordMain.groovy:20)&#xD;&#xA;&#x9;at com.kms.katalon.core.webui.keyword.builtin.ClickKeyword.click(ClickKeyword.groovy:86)&#xD;&#xA;&#x9;at com.kms.katalon.core.webui.keyword.builtin.ClickKeyword.execute(ClickKeyword.groovy:67)&#xD;&#xA;&#x9;at com.kms.katalon.core.keyword.internal.KeywordExecutor.executeKeywordForPlatform(KeywordExecutor.groovy:56)&#xD;&#xA;&#x9;at com.kms.katalon.core.webui.keyword.WebUiBuiltInKeywords.click(WebUiBuiltInKeywords.groovy:616)&#xD;&#xA;&#x9;at com.kms.katalon.core.webui.keyword.WebUiBuiltInKeywords$click$3.call(Unknown Source)&#xD;&#xA;&#x9;at Script1569929805509.run(Script1569929805509.groovy:18)&#xD;&#xA;&#x9;... 13 more&#xD;&#xA;)&#xD;&#xA;&#x9;at com.kms.katalon.core.keyword.internal.KeywordMain.stepFailed(KeywordMain.groovy:39)&#xD;&#xA;&#x9;at com.kms.katalon.core.webui.keyword.internal.WebUIKeywordMain.stepFailed(WebUIKeywordMain.groovy:64)&#xD;&#xA;&#x9;at com.kms.katalon.core.webui.keyword.internal.WebUIKeywordMain.runKeyword(WebUIKeywordMain.groovy:26)&#xD;&#xA;&#x9;at com.kms.katalon.core.webui.keyword.builtin.ClickKeyword.click(ClickKeyword.groovy:86)&#xD;&#xA;&#x9;at com.kms.katalon.core.webui.keyword.builtin.ClickKeyword.execute(ClickKeyword.groovy:67)&#xD;&#xA;&#x9;at com.kms.katalon.core.keyword.internal.KeywordExecutor.executeKeywordForPlatform(KeywordExecutor.groovy:56)&#xD;&#xA;&#x9;at com.kms.katalon.core.webui.keyword.WebUiBuiltInKeywords.click(WebUiBuiltInKeywords.groovy:616)&#xD;&#xA;&#x9;at com.kms.katalon.core.webui.keyword.WebUiBuiltInKeywords$click$3.call(Unknown Source)&#xD;&#xA;&#x9;at Preview Asset.run(Preview Asset:18)&#xD;&#xA;&#x9;at com.kms.katalon.core.main.ScriptEngine.run(ScriptEngine.java:194)&#xD;&#xA;&#x9;at com.kms.katalon.core.main.ScriptEngine.runScriptAsRawText(ScriptEngine.java:119)&#xD;&#xA;&#x9;at com.kms.katalon.core.main.TestCaseExecutor.runScript(TestCaseExecutor.java:337)&#xD;&#xA;&#x9;at com.kms.katalon.core.main.TestCaseExecutor.doExecute(TestCaseExecutor.java:328)&#xD;&#xA;&#x9;at com.kms.katalon.core.main.TestCaseExecutor.processExecutionPhase(TestCaseExecutor.java:307)&#xD;&#xA;&#x9;at com.kms.katalon.core.main.TestCaseExecutor.accessMainPhase(TestCaseExecutor.java:299)&#xD;&#xA;&#x9;at com.kms.katalon.core.main.TestCaseExecutor.execute(TestCaseExecutor.java:233)&#xD;&#xA;&#x9;at com.kms.katalon.core.main.TestSuiteExecutor.accessTestCaseMainPhase(TestSuiteExecutor.java:169)&#xD;&#xA;&#x9;at com.kms.katalon.core.main.TestSuiteExecutor.accessTestSuiteMainPhase(TestSuiteExecutor.java:142)&#xD;&#xA;&#x9;at com.kms.katalon.core.main.TestSuiteExecutor.execute(TestSuiteExecutor.java:91)&#xD;&#xA;&#x9;at com.kms.katalon.core.main.TestCaseMain.startTestSuite(TestCaseMain.java:157)&#xD;&#xA;&#x9;at com.kms.katalon.core.main.TestCaseMain$startTestSuite$0.call(Unknown Source)&#xD;&#xA;&#x9;at TempTestSuite1570024884598.run(TempTestSuite1570024884598.groovy:35)&#xD;&#xA;Caused by: com.kms.katalon.core.exception.StepFailedException: Unable to click on object 'Object Repository/Assets/Samsung Marketing Cloud/Page-Samsung Marketing Cloud/div_Gallery_switcher-box sw-gallery'&#xD;&#xA;&#x9;... 21 more&#xD;&#xA;Caused by: com.kms.katalon.core.webui.exception.WebElementNotFoundException: Web element with id: 'Object Repository/Assets/Samsung Marketing Cloud/Page-Samsung Marketing Cloud/div_Gallery_switcher-box sw-gallery' located by 'By.xpath: id(&quot;body&quot;)/main[@class=&quot;page inject-widget-container&quot;]/div[@class=&quot;widget&quot;]/div[@class=&quot;page-container inject-widget-container&quot;]/div[@class=&quot;widget&quot;]/div[@class=&quot;plugin plugin-cms.page&quot;]/div[@class=&quot;widget inject-widget-container&quot;]/div[@class=&quot;widget&quot;]/div[1]/div[@class=&quot;container-fluid asset-gallery-page-container&quot;]/div[@class=&quot;container&quot;]/div[@class=&quot;row&quot;]/div[@class=&quot;col-sm-12&quot;]/nest[1]/div[@class=&quot;loadAndInject-loaded loadAndInject-initialized&quot;]/div[1]/div[@class=&quot;asset-view-container&quot;]/div[@class=&quot;switcher&quot;]/div[@class=&quot;pull-right&quot;]/div[@class=&quot;switcher-box sw-gallery&quot;]' not found&#xD;&#xA;&#x9;at com.kms.katalon.core.webui.common.WebUiCommonHelper.findWebElement(WebUiCommonHelper.java:1097)&#xD;&#xA;&#x9;at com.kms.katalon.core.webui.keyword.internal.WebUIAbstractKeyword.findWebElement(WebUIAbstractKeyword.groovy:27)&#xD;&#xA;&#x9;at com.kms.katalon.core.webui.keyword.internal.WebUIAbstractKeyword.findWebElement(WebUIAbstractKeyword.groovy:26)&#xD;&#xA;&#x9;at com.kms.katalon.core.webui.keyword.builtin.ClickKeyword$_click_closure1.doCall(ClickKeyword.groovy:77)&#xD;&#xA;&#x9;at com.kms.katalon.core.webui.keyword.builtin.ClickKeyword$_click_closure1.call(ClickKeyword.groovy)&#xD;&#xA;&#x9;at com.kms.katalon.core.webui.keyword.internal.WebUIKeywordMain.runKeyword(WebUIKeywordMain.groovy:20)&#xD;&#xA;&#x9;... 19 more&#xD;&#xA;"/>
            <system-out>2019-10-02 15:02:33 - [TEST_CASE][FAILED] - Test Cases/Assets/Preview Asset: Test Cases/Assets/Preview Asset FAILED.
Reason:
com.kms.katalon.core.exception.StepFailedException: Unable to click on object 'Object Repository/Assets/Samsung Marketing Cloud/Page-Samsung Marketing Cloud/div_Gallery_switcher-box sw-gallery' (Root cause: com.kms.katalon.core.exception.StepFailedException: Unable to click on object 'Object Repository/Assets/Samsung Marketing Cloud/Page-Samsung Marketing Cloud/div_Gallery_switcher-box sw-gallery'&#xD;
	at com.kms.katalon.core.webui.keyword.internal.WebUIKeywordMain.stepFailed(WebUIKeywordMain.groovy:64)&#xD;
	at com.kms.katalon.core.webui.keyword.internal.WebUIKeywordMain.runKeyword(WebUIKeywordMain.groovy:26)&#xD;
	at com.kms.katalon.core.webui.keyword.builtin.ClickKeyword.click(ClickKeyword.groovy:86)&#xD;
	at com.kms.katalon.core.webui.keyword.builtin.ClickKeyword.execute(ClickKeyword.groovy:67)&#xD;
	at com.kms.katalon.core.keyword.internal.KeywordExecutor.executeKeywordForPlatform(KeywordExecutor.groovy:56)&#xD;
	at com.kms.katalon.core.webui.keyword.WebUiBuiltInKeywords.click(WebUiBuiltInKeywords.groovy:616)&#xD;
	at com.kms.katalon.core.webui.keyword.WebUiBuiltInKeywords$click$3.call(Unknown Source)&#xD;
	at Preview Asset.run(Preview Asset:18)&#xD;
	at com.kms.katalon.core.main.ScriptEngine.run(ScriptEngine.java:194)&#xD;
	at com.kms.katalon.core.main.ScriptEngine.runScriptAsRawText(ScriptEngine.java:119)&#xD;
	at com.kms.katalon.core.main.TestCaseExecutor.runScript(TestCaseExecutor.java:337)&#xD;
	at com.kms.katalon.core.main.TestCaseExecutor.doExecute(TestCaseExecutor.java:328)&#xD;
	at com.kms.katalon.core.main.TestCaseExecutor.processExecutionPhase(TestCaseExecutor.java:307)&#xD;
	at com.kms.katalon.core.main.TestCaseExecutor.accessMainPhase(TestCaseExecutor.java:299)&#xD;
	at com.kms.katalon.core.main.TestCaseExecutor.execute(TestCaseExecutor.java:233)&#xD;
	at com.kms.katalon.core.main.TestSuiteExecutor.accessTestCaseMainPhase(TestSuiteExecutor.java:169)&#xD;
	at com.kms.katalon.core.main.TestSuiteExecutor.accessTestSuiteMainPhase(TestSuiteExecutor.java:142)&#xD;
	at com.kms.katalon.core.main.TestSuiteExecutor.execute(TestSuiteExecutor.java:91)&#xD;
	at com.kms.katalon.core.main.TestCaseMain.startTestSuite(TestCaseMain.java:157)&#xD;
	at com.kms.katalon.core.main.TestCaseMain$startTestSuite$0.call(Unknown Source)&#xD;
	at TempTestSuite1570024884598.run(TempTestSuite1570024884598.groovy:35)&#xD;
Caused by: com.kms.katalon.core.webui.exception.WebElementNotFoundException: Web element with id: 'Object Repository/Assets/Samsung Marketing Cloud/Page-Samsung Marketing Cloud/div_Gallery_switcher-box sw-gallery' located by 'By.xpath: id("body")/main[@class="page inject-widget-container"]/div[@class="widget"]/div[@class="page-container inject-widget-container"]/div[@class="widget"]/div[@class="plugin plugin-cms.page"]/div[@class="widget inject-widget-container"]/div[@class="widget"]/div[1]/div[@class="container-fluid asset-gallery-page-container"]/div[@class="container"]/div[@class="row"]/div[@class="col-sm-12"]/nest[1]/div[@class="loadAndInject-loaded loadAndInject-initialized"]/div[1]/div[@class="asset-view-container"]/div[@class="switcher"]/div[@class="pull-right"]/div[@class="switcher-box sw-gallery"]' not found&#xD;
	at com.kms.katalon.core.webui.common.WebUiCommonHelper.findWebElement(WebUiCommonHelper.java:1097)&#xD;
	at com.kms.katalon.core.webui.keyword.internal.WebUIAbstractKeyword.findWebElement(WebUIAbstractKeyword.groovy:27)&#xD;
	at com.kms.katalon.core.webui.keyword.internal.WebUIAbstractKeyword.findWebElement(WebUIAbstractKeyword.groovy:26)&#xD;
	at com.kms.katalon.core.webui.keyword.builtin.ClickKeyword$_click_closure1.doCall(ClickKeyword.groovy:77)&#xD;
	at com.kms.katalon.core.webui.keyword.builtin.ClickKeyword$_click_closure1.call(ClickKeyword.groovy)&#xD;
	at com.kms.katalon.core.webui.keyword.internal.WebUIKeywordMain.runKeyword(WebUIKeywordMain.groovy:20)&#xD;
	at com.kms.katalon.core.webui.keyword.builtin.ClickKeyword.click(ClickKeyword.groovy:86)&#xD;
	at com.kms.katalon.core.webui.keyword.builtin.ClickKeyword.execute(ClickKeyword.groovy:67)&#xD;
	at com.kms.katalon.core.keyword.internal.KeywordExecutor.executeKeywordForPlatform(KeywordExecutor.groovy:56)&#xD;
	at com.kms.katalon.core.webui.keyword.WebUiBuiltInKeywords.click(WebUiBuiltInKeywords.groovy:616)&#xD;
	at com.kms.katalon.core.webui.keyword.WebUiBuiltInKeywords$click$3.call(Unknown Source)&#xD;
	at Script1569929805509.run(Script1569929805509.groovy:18)&#xD;
	... 13 more&#xD;
)&#xD;
	at com.kms.katalon.core.keyword.internal.KeywordMain.stepFailed(KeywordMain.groovy:39)&#xD;
	at com.kms.katalon.core.webui.keyword.internal.WebUIKeywordMain.stepFailed(WebUIKeywordMain.groovy:64)&#xD;
	at com.kms.katalon.core.webui.keyword.internal.WebUIKeywordMain.runKeyword(WebUIKeywordMain.groovy:26)&#xD;
	at com.kms.katalon.core.webui.keyword.builtin.ClickKeyword.click(ClickKeyword.groovy:86)&#xD;
	at com.kms.katalon.core.webui.keyword.builtin.ClickKeyword.execute(ClickKeyword.groovy:67)&#xD;
	at com.kms.katalon.core.keyword.internal.KeywordExecutor.executeKeywordForPlatform(KeywordExecutor.groovy:56)&#xD;
	at com.kms.katalon.core.webui.keyword.WebUiBuiltInKeywords.click(WebUiBuiltInKeywords.groovy:616)&#xD;
	at com.kms.katalon.core.webui.keyword.WebUiBuiltInKeywords$click$3.call(Unknown Source)&#xD;
	at Preview Asset.run(Preview Asset:18)&#xD;
	at com.kms.katalon.core.main.ScriptEngine.run(ScriptEngine.java:194)&#xD;
	at com.kms.katalon.core.main.ScriptEngine.runScriptAsRawText(ScriptEngine.java:119)&#xD;
	at com.kms.katalon.core.main.TestCaseExecutor.runScript(TestCaseExecutor.java:337)&#xD;
	at com.kms.katalon.core.main.TestCaseExecutor.doExecute(TestCaseExecutor.java:328)&#xD;
	at com.kms.katalon.core.main.TestCaseExecutor.processExecutionPhase(TestCaseExecutor.java:307)&#xD;
	at com.kms.katalon.core.main.TestCaseExecutor.accessMainPhase(TestCaseExecutor.java:299)&#xD;
	at com.kms.katalon.core.main.TestCaseExecutor.execute(TestCaseExecutor.java:233)&#xD;
	at com.kms.katalon.core.main.TestSuiteExecutor.accessTestCaseMainPhase(TestSuiteExecutor.java:169)&#xD;
	at com.kms.katalon.core.main.TestSuiteExecutor.accessTestSuiteMainPhase(TestSuiteExecutor.java:142)&#xD;
	at com.kms.katalon.core.main.TestSuiteExecutor.execute(TestSuiteExecutor.java:91)&#xD;
	at com.kms.katalon.core.main.TestCaseMain.startTestSuite(TestCaseMain.java:157)&#xD;
	at com.kms.katalon.core.main.TestCaseMain$startTestSuite$0.call(Unknown Source)&#xD;
	at TempTestSuite1570024884598.run(TempTestSuite1570024884598.groovy:35)&#xD;
Caused by: com.kms.katalon.core.exception.StepFailedException: Unable to click on object 'Object Repository/Assets/Samsung Marketing Cloud/Page-Samsung Marketing Cloud/div_Gallery_switcher-box sw-gallery'&#xD;
	... 21 more&#xD;
Caused by: com.kms.katalon.core.webui.exception.WebElementNotFoundException: Web element with id: 'Object Repository/Assets/Samsung Marketing Cloud/Page-Samsung Marketing Cloud/div_Gallery_switcher-box sw-gallery' located by 'By.xpath: id("body")/main[@class="page inject-widget-container"]/div[@class="widget"]/div[@class="page-container inject-widget-container"]/div[@class="widget"]/div[@class="plugin plugin-cms.page"]/div[@class="widget inject-widget-container"]/div[@class="widget"]/div[1]/div[@class="container-fluid asset-gallery-page-container"]/div[@class="container"]/div[@class="row"]/div[@class="col-sm-12"]/nest[1]/div[@class="loadAndInject-loaded loadAndInject-initialized"]/div[1]/div[@class="asset-view-container"]/div[@class="switcher"]/div[@class="pull-right"]/div[@class="switcher-box sw-gallery"]' not found&#xD;
	at com.kms.katalon.core.webui.common.WebUiCommonHelper.findWebElement(WebUiCommonHelper.java:1097)&#xD;
	at com.kms.katalon.core.webui.keyword.internal.WebUIAbstractKeyword.findWebElement(WebUIAbstractKeyword.groovy:27)&#xD;
	at com.kms.katalon.core.webui.keyword.internal.WebUIAbstractKeyword.findWebElement(WebUIAbstractKeyword.groovy:26)&#xD;
	at com.kms.katalon.core.webui.keyword.builtin.ClickKeyword$_click_closure1.doCall(ClickKeyword.groovy:77)&#xD;
	at com.kms.katalon.core.webui.keyword.builtin.ClickKeyword$_click_closure1.call(ClickKeyword.groovy)&#xD;
	at com.kms.katalon.core.webui.keyword.internal.WebUIKeywordMain.runKeyword(WebUIKeywordMain.groovy:20)&#xD;
	... 19 more&#xD;
&#xD;
&#xD;
2019-10-02 15:02:34 - [TEST_STEP][PASSED] - delay(1): Delayed 1 second(s)&#xD;
&#xD;
2019-10-02 15:02:35 - [MESSAGE][PASSED] - Delayed 1 second(s)&#xD;
&#xD;
2019-10-02 15:02:35 - [TEST_STEP][FAILED] - click(findTestObject("Assets/Samsung Marketing Cloud/Page-Samsung Marketing Cloud/div_Gallery_switcher-box sw-gallery")): Unable to click on object 'Object Repository/Assets/Samsung Marketing Cloud/Page-Samsung Marketing Cloud/div_Gallery_switcher-box sw-gallery' (Root cause: com.kms.katalon.core.exception.StepFailedException: Unable to click on object 'Object Repository/Assets/Samsung Marketing Cloud/Page-Samsung Marketing Cloud/div_Gallery_switcher-box sw-gallery'&#xD;
	at com.kms.katalon.core.webui.keyword.internal.WebUIKeywordMain.stepFailed(WebUIKeywordMain.groovy:64)&#xD;
	at com.kms.katalon.core.webui.keyword.internal.WebUIKeywordMain.runKeyword(WebUIKeywordMain.groovy:26)&#xD;
	at com.kms.katalon.core.webui.keyword.builtin.ClickKeyword.click(ClickKeyword.groovy:86)&#xD;
	at com.kms.katalon.core.webui.keyword.builtin.ClickKeyword.execute(ClickKeyword.groovy:67)&#xD;
	at com.kms.katalon.core.keyword.internal.KeywordExecutor.executeKeywordForPlatform(KeywordExecutor.groovy:56)&#xD;
	at com.kms.katalon.core.webui.keyword.WebUiBuiltInKeywords.click(WebUiBuiltInKeywords.groovy:616)&#xD;
	at com.kms.katalon.core.webui.keyword.WebUiBuiltInKeywords$click$3.call(Unknown Source)&#xD;
	at Preview Asset.run(Preview Asset:18)&#xD;
	at com.kms.katalon.core.main.ScriptEngine.run(ScriptEngine.java:194)&#xD;
	at com.kms.katalon.core.main.ScriptEngine.runScriptAsRawText(ScriptEngine.java:119)&#xD;
	at com.kms.katalon.core.main.TestCaseExecutor.runScript(TestCaseExecutor.java:337)&#xD;
	at com.kms.katalon.core.main.TestCaseExecutor.doExecute(TestCaseExecutor.java:328)&#xD;
	at com.kms.katalon.core.main.TestCaseExecutor.processExecutionPhase(TestCaseExecutor.java:307)&#xD;
	at com.kms.katalon.core.main.TestCaseExecutor.accessMainPhase(TestCaseExecutor.java:299)&#xD;
	at com.kms.katalon.core.main.TestCaseExecutor.execute(TestCaseExecutor.java:233)&#xD;
	at com.kms.katalon.core.main.TestSuiteExecutor.accessTestCaseMainPhase(TestSuiteExecutor.java:169)&#xD;
	at com.kms.katalon.core.main.TestSuiteExecutor.accessTestSuiteMainPhase(TestSuiteExecutor.java:142)&#xD;
	at com.kms.katalon.core.main.TestSuiteExecutor.execute(TestSuiteExecutor.java:91)&#xD;
	at com.kms.katalon.core.main.TestCaseMain.startTestSuite(TestCaseMain.java:157)&#xD;
	at com.kms.katalon.core.main.TestCaseMain$startTestSuite$0.call(Unknown Source)&#xD;
	at TempTestSuite1570024884598.run(TempTestSuite1570024884598.groovy:35)&#xD;
Caused by: com.kms.katalon.core.webui.exception.WebElementNotFoundException: Web element with id: 'Object Repository/Assets/Samsung Marketing Cloud/Page-Samsung Marketing Cloud/div_Gallery_switcher-box sw-gallery' located by 'By.xpath: id("body")/main[@class="page inject-widget-container"]/div[@class="widget"]/div[@class="page-container inject-widget-container"]/div[@class="widget"]/div[@class="plugin plugin-cms.page"]/div[@class="widget inject-widget-container"]/div[@class="widget"]/div[1]/div[@class="container-fluid asset-gallery-page-container"]/div[@class="container"]/div[@class="row"]/div[@class="col-sm-12"]/nest[1]/div[@class="loadAndInject-loaded loadAndInject-initialized"]/div[1]/div[@class="asset-view-container"]/div[@class="switcher"]/div[@class="pull-right"]/div[@class="switcher-box sw-gallery"]' not found&#xD;
	at com.kms.katalon.core.webui.common.WebUiCommonHelper.findWebElement(WebUiCommonHelper.java:1097)&#xD;
	at com.kms.katalon.core.webui.keyword.internal.WebUIAbstractKeyword.findWebElement(WebUIAbstractKeyword.groovy:27)&#xD;
	at com.kms.katalon.core.webui.keyword.internal.WebUIAbstractKeyword.findWebElement(WebUIAbstractKeyword.groovy:26)&#xD;
	at com.kms.katalon.core.webui.keyword.builtin.ClickKeyword$_click_closure1.doCall(ClickKeyword.groovy:77)&#xD;
	at com.kms.katalon.core.webui.keyword.builtin.ClickKeyword$_click_closure1.call(ClickKeyword.groovy)&#xD;
	at com.kms.katalon.core.webui.keyword.internal.WebUIKeywordMain.runKeyword(WebUIKeywordMain.groovy:20)&#xD;
	at com.kms.katalon.core.webui.keyword.builtin.ClickKeyword.click(ClickKeyword.groovy:86)&#xD;
	at com.kms.katalon.core.webui.keyword.builtin.ClickKeyword.execute(ClickKeyword.groovy:67)&#xD;
	at com.kms.katalon.core.keyword.internal.KeywordExecutor.executeKeywordForPlatform(KeywordExecutor.groovy:56)&#xD;
	at com.kms.katalon.core.webui.keyword.WebUiBuiltInKeywords.click(WebUiBuiltInKeywords.groovy:616)&#xD;
	at com.kms.katalon.core.webui.keyword.WebUiBuiltInKeywords$click$3.call(Unknown Source)&#xD;
	at Script1569929805509.run(Script1569929805509.groovy:18)&#xD;
	... 13 more&#xD;
)&#xD;
&#xD;
2019-10-02 15:03:12 - [MESSAGE][INFO] - Unable to find the element located by 'By.xpath: id("body")/main[@class="page inject-widget-container"]/div[@class="widget"]/div[@class="page-container inject-widget-container"]/div[@class="widget"]/div[@class="plugin plugin-cms.page"]/div[@class="widget inject-widget-container"]/div[@class="widget"]/div[1]/div[@class="container-fluid asset-gallery-page-container"]/div[@class="container"]/div[@class="row"]/div[@class="col-sm-12"]/nest[1]/div[@class="loadAndInject-loaded loadAndInject-initialized"]/div[1]/div[@class="asset-view-container"]/div[@class="switcher"]/div[@class="pull-right"]/div[@class="switcher-box sw-gallery"]'. Please recheck the objects properties to make sure the desired element is located. &#xD;
&#xD;
2019-10-02 15:03:13 - [MESSAGE][FAILED] - Unable to click on object 'Object Repository/Assets/Samsung Marketing Cloud/Page-Samsung Marketing Cloud/div_Gallery_switcher-box sw-gallery' (Root cause: com.kms.katalon.core.exception.StepFailedException: Unable to click on object 'Object Repository/Assets/Samsung Marketing Cloud/Page-Samsung Marketing Cloud/div_Gallery_switcher-box sw-gallery'&#xD;
	at com.kms.katalon.core.webui.keyword.internal.WebUIKeywordMain.stepFailed(WebUIKeywordMain.groovy:64)&#xD;
	at com.kms.katalon.core.webui.keyword.internal.WebUIKeywordMain.runKeyword(WebUIKeywordMain.groovy:26)&#xD;
	at com.kms.katalon.core.webui.keyword.builtin.ClickKeyword.click(ClickKeyword.groovy:86)&#xD;
	at com.kms.katalon.core.webui.keyword.builtin.ClickKeyword.execute(ClickKeyword.groovy:67)&#xD;
	at com.kms.katalon.core.keyword.internal.KeywordExecutor.executeKeywordForPlatform(KeywordExecutor.groovy:56)&#xD;
	at com.kms.katalon.core.webui.keyword.WebUiBuiltInKeywords.click(WebUiBuiltInKeywords.groovy:616)&#xD;
	at com.kms.katalon.core.webui.keyword.WebUiBuiltInKeywords$click$3.call(Unknown Source)&#xD;
	at Preview Asset.run(Preview Asset:18)&#xD;
	at com.kms.katalon.core.main.ScriptEngine.run(ScriptEngine.java:194)&#xD;
	at com.kms.katalon.core.main.ScriptEngine.runScriptAsRawText(ScriptEngine.java:119)&#xD;
	at com.kms.katalon.core.main.TestCaseExecutor.runScript(TestCaseExecutor.java:337)&#xD;
	at com.kms.katalon.core.main.TestCaseExecutor.doExecute(TestCaseExecutor.java:328)&#xD;
	at com.kms.katalon.core.main.TestCaseExecutor.processExecutionPhase(TestCaseExecutor.java:307)&#xD;
	at com.kms.katalon.core.main.TestCaseExecutor.accessMainPhase(TestCaseExecutor.java:299)&#xD;
	at com.kms.katalon.core.main.TestCaseExecutor.execute(TestCaseExecutor.java:233)&#xD;
	at com.kms.katalon.core.main.TestSuiteExecutor.accessTestCaseMainPhase(TestSuiteExecutor.java:169)&#xD;
	at com.kms.katalon.core.main.TestSuiteExecutor.accessTestSuiteMainPhase(TestSuiteExecutor.java:142)&#xD;
	at com.kms.katalon.core.main.TestSuiteExecutor.execute(TestSuiteExecutor.java:91)&#xD;
	at com.kms.katalon.core.main.TestCaseMain.startTestSuite(TestCaseMain.java:157)&#xD;
	at com.kms.katalon.core.main.TestCaseMain$startTestSuite$0.call(Unknown Source)&#xD;
	at TempTestSuite1570024884598.run(TempTestSuite1570024884598.groovy:35)&#xD;
Caused by: com.kms.katalon.core.webui.exception.WebElementNotFoundException: Web element with id: 'Object Repository/Assets/Samsung Marketing Cloud/Page-Samsung Marketing Cloud/div_Gallery_switcher-box sw-gallery' located by 'By.xpath: id("body")/main[@class="page inject-widget-container"]/div[@class="widget"]/div[@class="page-container inject-widget-container"]/div[@class="widget"]/div[@class="plugin plugin-cms.page"]/div[@class="widget inject-widget-container"]/div[@class="widget"]/div[1]/div[@class="container-fluid asset-gallery-page-container"]/div[@class="container"]/div[@class="row"]/div[@class="col-sm-12"]/nest[1]/div[@class="loadAndInject-loaded loadAndInject-initialized"]/div[1]/div[@class="asset-view-container"]/div[@class="switcher"]/div[@class="pull-right"]/div[@class="switcher-box sw-gallery"]' not found&#xD;
	at com.kms.katalon.core.webui.common.WebUiCommonHelper.findWebElement(WebUiCommonHelper.java:1097)&#xD;
	at com.kms.katalon.core.webui.keyword.internal.WebUIAbstractKeyword.findWebElement(WebUIAbstractKeyword.groovy:27)&#xD;
	at com.kms.katalon.core.webui.keyword.internal.WebUIAbstractKeyword.findWebElement(WebUIAbstractKeyword.groovy:26)&#xD;
	at com.kms.katalon.core.webui.keyword.builtin.ClickKeyword$_click_closure1.doCall(ClickKeyword.groovy:77)&#xD;
	at com.kms.katalon.core.webui.keyword.builtin.ClickKeyword$_click_closure1.call(ClickKeyword.groovy)&#xD;
	at com.kms.katalon.core.webui.keyword.internal.WebUIKeywordMain.runKeyword(WebUIKeywordMain.groovy:20)&#xD;
	at com.kms.katalon.core.webui.keyword.builtin.ClickKeyword.click(ClickKeyword.groovy:86)&#xD;
	at com.kms.katalon.core.webui.keyword.builtin.ClickKeyword.execute(ClickKeyword.groovy:67)&#xD;
	at com.kms.katalon.core.keyword.internal.KeywordExecutor.executeKeywordForPlatform(KeywordExecutor.groovy:56)&#xD;
	at com.kms.katalon.core.webui.keyword.WebUiBuiltInKeywords.click(WebUiBuiltInKeywords.groovy:616)&#xD;
	at com.kms.katalon.core.webui.keyword.WebUiBuiltInKeywords$click$3.call(Unknown Source)&#xD;
	at Script1569929805509.run(Script1569929805509.groovy:18)&#xD;
	... 13 more&#xD;
)&#xD;
[[ATTACHMENT|C:\\Adzu UAT\\Adzu\\Adzu\\Reports\\20191002_150124\\Marketing Content\\Add Assets\\Asset Tests\\20191002_150124\\1570024992405.png]]&#xD;
&#xD;
2019-10-02 15:03:13 - [TEST_STEP][PASSED] - delay(1): Delayed 1 second(s)&#xD;
&#xD;
2019-10-02 15:03:14 - [MESSAGE][PASSED] - Delayed 1 second(s)&#xD;
&#xD;
2019-10-02 15:03:14 - [TEST_STEP][PASSED] - click(findTestObject("Assets/Action_Menu/Action_Menu")): Object: 'Object Repository/Assets/Action_Menu/Action_Menu' is clicked on&#xD;
&#xD;
2019-10-02 15:03:18 - [MESSAGE][PASSED] - Object: 'Object Repository/Assets/Action_Menu/Action_Menu' is clicked on&#xD;
&#xD;
2019-10-02 15:03:18 - [TEST_STEP][PASSED] - click(findTestObject("Assets/Preview Asset/Page_Samsung Marketing Cloud/a_Preview")): Object: 'Object Repository/Assets/Preview Asset/Page_Samsung Marketing Cloud/a_Preview' is clicked on&#xD;
&#xD;
2019-10-02 15:03:21 - [MESSAGE][PASSED] - Object: 'Object Repository/Assets/Preview Asset/Page_Samsung Marketing Cloud/a_Preview' is clicked on&#xD;
&#xD;
2019-10-02 15:03:21 - [TEST_STEP][PASSED] - kms.turing.katalon.plugins.visualtesting.ScreenCapture.baselineImage("c:\Adzu\Screenshot\Asset_actual.png", ""): kms.turing.katalon.plugins.visualtesting.ScreenCapture.baselineImage is PASSED&#xD;
&#xD;
2019-10-02 15:03:21 - [MESSAGE][INFO] - Add the image file with name: c:\Adzu\Screenshot\Asset_actual.png into baseline dir: &#xD;
&#xD;
2019-10-02 15:03:21 - [MESSAGE][WARNING] - Source 'c:\Adzu\Screenshot\Asset_actual.png' does not exist&#xD;
&#xD;
2019-10-02 15:03:21 - [MESSAGE][PASSED] - kms.turing.katalon.plugins.visualtesting.ScreenCapture.baselineImage is PASSED&#xD;
&#xD;
2019-10-02 15:03:21 - [TEST_STEP][PASSED] - click(findTestObject("Assets/Preview Asset/Page_Samsung Marketing Cloud/Exit_Preview")): Object: 'Object Repository/Assets/Preview Asset/Page_Samsung Marketing Cloud/Exit_Preview' is clicked on&#xD;
&#xD;
2019-10-02 15:03:25 - [MESSAGE][PASSED] - Object: 'Object Repository/Assets/Preview Asset/Page_Samsung Marketing Cloud/Exit_Preview' is clicked on</system-out>
            <system-err>2019-10-02 15:02:33 - [TEST_CASE][FAILED] - Test Cases/Assets/Preview Asset: Test Cases/Assets/Preview Asset FAILED.
Reason:
com.kms.katalon.core.exception.StepFailedException: Unable to click on object 'Object Repository/Assets/Samsung Marketing Cloud/Page-Samsung Marketing Cloud/div_Gallery_switcher-box sw-gallery' (Root cause: com.kms.katalon.core.exception.StepFailedException: Unable to click on object 'Object Repository/Assets/Samsung Marketing Cloud/Page-Samsung Marketing Cloud/div_Gallery_switcher-box sw-gallery'&#xD;
	at com.kms.katalon.core.webui.keyword.internal.WebUIKeywordMain.stepFailed(WebUIKeywordMain.groovy:64)&#xD;
	at com.kms.katalon.core.webui.keyword.internal.WebUIKeywordMain.runKeyword(WebUIKeywordMain.groovy:26)&#xD;
	at com.kms.katalon.core.webui.keyword.builtin.ClickKeyword.click(ClickKeyword.groovy:86)&#xD;
	at com.kms.katalon.core.webui.keyword.builtin.ClickKeyword.execute(ClickKeyword.groovy:67)&#xD;
	at com.kms.katalon.core.keyword.internal.KeywordExecutor.executeKeywordForPlatform(KeywordExecutor.groovy:56)&#xD;
	at com.kms.katalon.core.webui.keyword.WebUiBuiltInKeywords.click(WebUiBuiltInKeywords.groovy:616)&#xD;
	at com.kms.katalon.core.webui.keyword.WebUiBuiltInKeywords$click$3.call(Unknown Source)&#xD;
	at Preview Asset.run(Preview Asset:18)&#xD;
	at com.kms.katalon.core.main.ScriptEngine.run(ScriptEngine.java:194)&#xD;
	at com.kms.katalon.core.main.ScriptEngine.runScriptAsRawText(ScriptEngine.java:119)&#xD;
	at com.kms.katalon.core.main.TestCaseExecutor.runScript(TestCaseExecutor.java:337)&#xD;
	at com.kms.katalon.core.main.TestCaseExecutor.doExecute(TestCaseExecutor.java:328)&#xD;
	at com.kms.katalon.core.main.TestCaseExecutor.processExecutionPhase(TestCaseExecutor.java:307)&#xD;
	at com.kms.katalon.core.main.TestCaseExecutor.accessMainPhase(TestCaseExecutor.java:299)&#xD;
	at com.kms.katalon.core.main.TestCaseExecutor.execute(TestCaseExecutor.java:233)&#xD;
	at com.kms.katalon.core.main.TestSuiteExecutor.accessTestCaseMainPhase(TestSuiteExecutor.java:169)&#xD;
	at com.kms.katalon.core.main.TestSuiteExecutor.accessTestSuiteMainPhase(TestSuiteExecutor.java:142)&#xD;
	at com.kms.katalon.core.main.TestSuiteExecutor.execute(TestSuiteExecutor.java:91)&#xD;
	at com.kms.katalon.core.main.TestCaseMain.startTestSuite(TestCaseMain.java:157)&#xD;
	at com.kms.katalon.core.main.TestCaseMain$startTestSuite$0.call(Unknown Source)&#xD;
	at TempTestSuite1570024884598.run(TempTestSuite1570024884598.groovy:35)&#xD;
Caused by: com.kms.katalon.core.webui.exception.WebElementNotFoundException: Web element with id: 'Object Repository/Assets/Samsung Marketing Cloud/Page-Samsung Marketing Cloud/div_Gallery_switcher-box sw-gallery' located by 'By.xpath: id("body")/main[@class="page inject-widget-container"]/div[@class="widget"]/div[@class="page-container inject-widget-container"]/div[@class="widget"]/div[@class="plugin plugin-cms.page"]/div[@class="widget inject-widget-container"]/div[@class="widget"]/div[1]/div[@class="container-fluid asset-gallery-page-container"]/div[@class="container"]/div[@class="row"]/div[@class="col-sm-12"]/nest[1]/div[@class="loadAndInject-loaded loadAndInject-initialized"]/div[1]/div[@class="asset-view-container"]/div[@class="switcher"]/div[@class="pull-right"]/div[@class="switcher-box sw-gallery"]' not found&#xD;
	at com.kms.katalon.core.webui.common.WebUiCommonHelper.findWebElement(WebUiCommonHelper.java:1097)&#xD;
	at com.kms.katalon.core.webui.keyword.internal.WebUIAbstractKeyword.findWebElement(WebUIAbstractKeyword.groovy:27)&#xD;
	at com.kms.katalon.core.webui.keyword.internal.WebUIAbstractKeyword.findWebElement(WebUIAbstractKeyword.groovy:26)&#xD;
	at com.kms.katalon.core.webui.keyword.builtin.ClickKeyword$_click_closure1.doCall(ClickKeyword.groovy:77)&#xD;
	at com.kms.katalon.core.webui.keyword.builtin.ClickKeyword$_click_closure1.call(ClickKeyword.groovy)&#xD;
	at com.kms.katalon.core.webui.keyword.internal.WebUIKeywordMain.runKeyword(WebUIKeywordMain.groovy:20)&#xD;
	at com.kms.katalon.core.webui.keyword.builtin.ClickKeyword.click(ClickKeyword.groovy:86)&#xD;
	at com.kms.katalon.core.webui.keyword.builtin.ClickKeyword.execute(ClickKeyword.groovy:67)&#xD;
	at com.kms.katalon.core.keyword.internal.KeywordExecutor.executeKeywordForPlatform(KeywordExecutor.groovy:56)&#xD;
	at com.kms.katalon.core.webui.keyword.WebUiBuiltInKeywords.click(WebUiBuiltInKeywords.groovy:616)&#xD;
	at com.kms.katalon.core.webui.keyword.WebUiBuiltInKeywords$click$3.call(Unknown Source)&#xD;
	at Script1569929805509.run(Script1569929805509.groovy:18)&#xD;
	... 13 more&#xD;
)&#xD;
	at com.kms.katalon.core.keyword.internal.KeywordMain.stepFailed(KeywordMain.groovy:39)&#xD;
	at com.kms.katalon.core.webui.keyword.internal.WebUIKeywordMain.stepFailed(WebUIKeywordMain.groovy:64)&#xD;
	at com.kms.katalon.core.webui.keyword.internal.WebUIKeywordMain.runKeyword(WebUIKeywordMain.groovy:26)&#xD;
	at com.kms.katalon.core.webui.keyword.builtin.ClickKeyword.click(ClickKeyword.groovy:86)&#xD;
	at com.kms.katalon.core.webui.keyword.builtin.ClickKeyword.execute(ClickKeyword.groovy:67)&#xD;
	at com.kms.katalon.core.keyword.internal.KeywordExecutor.executeKeywordForPlatform(KeywordExecutor.groovy:56)&#xD;
	at com.kms.katalon.core.webui.keyword.WebUiBuiltInKeywords.click(WebUiBuiltInKeywords.groovy:616)&#xD;
	at com.kms.katalon.core.webui.keyword.WebUiBuiltInKeywords$click$3.call(Unknown Source)&#xD;
	at Preview Asset.run(Preview Asset:18)&#xD;
	at com.kms.katalon.core.main.ScriptEngine.run(ScriptEngine.java:194)&#xD;
	at com.kms.katalon.core.main.ScriptEngine.runScriptAsRawText(ScriptEngine.java:119)&#xD;
	at com.kms.katalon.core.main.TestCaseExecutor.runScript(TestCaseExecutor.java:337)&#xD;
	at com.kms.katalon.core.main.TestCaseExecutor.doExecute(TestCaseExecutor.java:328)&#xD;
	at com.kms.katalon.core.main.TestCaseExecutor.processExecutionPhase(TestCaseExecutor.java:307)&#xD;
	at com.kms.katalon.core.main.TestCaseExecutor.accessMainPhase(TestCaseExecutor.java:299)&#xD;
	at com.kms.katalon.core.main.TestCaseExecutor.execute(TestCaseExecutor.java:233)&#xD;
	at com.kms.katalon.core.main.TestSuiteExecutor.accessTestCaseMainPhase(TestSuiteExecutor.java:169)&#xD;
	at com.kms.katalon.core.main.TestSuiteExecutor.accessTestSuiteMainPhase(TestSuiteExecutor.java:142)&#xD;
	at com.kms.katalon.core.main.TestSuiteExecutor.execute(TestSuiteExecutor.java:91)&#xD;
	at com.kms.katalon.core.main.TestCaseMain.startTestSuite(TestCaseMain.java:157)&#xD;
	at com.kms.katalon.core.main.TestCaseMain$startTestSuite$0.call(Unknown Source)&#xD;
	at TempTestSuite1570024884598.run(TempTestSuite1570024884598.groovy:35)&#xD;
Caused by: com.kms.katalon.core.exception.StepFailedException: Unable to click on object 'Object Repository/Assets/Samsung Marketing Cloud/Page-Samsung Marketing Cloud/div_Gallery_switcher-box sw-gallery'&#xD;
	... 21 more&#xD;
Caused by: com.kms.katalon.core.webui.exception.WebElementNotFoundException: Web element with id: 'Object Repository/Assets/Samsung Marketing Cloud/Page-Samsung Marketing Cloud/div_Gallery_switcher-box sw-gallery' located by 'By.xpath: id("body")/main[@class="page inject-widget-container"]/div[@class="widget"]/div[@class="page-container inject-widget-container"]/div[@class="widget"]/div[@class="plugin plugin-cms.page"]/div[@class="widget inject-widget-container"]/div[@class="widget"]/div[1]/div[@class="container-fluid asset-gallery-page-container"]/div[@class="container"]/div[@class="row"]/div[@class="col-sm-12"]/nest[1]/div[@class="loadAndInject-loaded loadAndInject-initialized"]/div[1]/div[@class="asset-view-container"]/div[@class="switcher"]/div[@class="pull-right"]/div[@class="switcher-box sw-gallery"]' not found&#xD;
	at com.kms.katalon.core.webui.common.WebUiCommonHelper.findWebElement(WebUiCommonHelper.java:1097)&#xD;
	at com.kms.katalon.core.webui.keyword.internal.WebUIAbstractKeyword.findWebElement(WebUIAbstractKeyword.groovy:27)&#xD;
	at com.kms.katalon.core.webui.keyword.internal.WebUIAbstractKeyword.findWebElement(WebUIAbstractKeyword.groovy:26)&#xD;
	at com.kms.katalon.core.webui.keyword.builtin.ClickKeyword$_click_closure1.doCall(ClickKeyword.groovy:77)&#xD;
	at com.kms.katalon.core.webui.keyword.builtin.ClickKeyword$_click_closure1.call(ClickKeyword.groovy)&#xD;
	at com.kms.katalon.core.webui.keyword.internal.WebUIKeywordMain.runKeyword(WebUIKeywordMain.groovy:20)&#xD;
	... 19 more</system-err>
        </testcase>
        <testcase name="Test Cases/Login and Logout - Notifications/Logout - Yes Button" classname="Test Cases/Login and Logout - Notifications/Logout - Yes Button" status="PASSED">
            <system-out>2019-10-02 15:03:28 - [TEST_CASE][PASSED] - Test Cases/Login and Logout - Notifications/Logout - Yes Button: Test Cases/Login and Logout - Notifications/Logout - Yes Button&#xD;
&#xD;
2019-10-02 15:03:28 - [TEST_STEP][PASSED] - click(findTestObject("Logout/Page_Samsung Marketing Cloud/span_gandhi")): Object: 'Object Repository/Logout/Page_Samsung Marketing Cloud/span_gandhi' is clicked on&#xD;
&#xD;
2019-10-02 15:03:32 - [MESSAGE][PASSED] - Object: 'Object Repository/Logout/Page_Samsung Marketing Cloud/span_gandhi' is clicked on&#xD;
&#xD;
2019-10-02 15:03:32 - [TEST_STEP][PASSED] - click(findTestObject("Logout/Page_Samsung Marketing Cloud/Logout")): Object: 'Object Repository/Logout/Page_Samsung Marketing Cloud/Logout' is clicked on&#xD;
&#xD;
2019-10-02 15:03:35 - [MESSAGE][PASSED] - Object: 'Object Repository/Logout/Page_Samsung Marketing Cloud/Logout' is clicked on&#xD;
&#xD;
2019-10-02 15:03:35 - [TEST_STEP][PASSED] - click(findTestObject("Logout/Page_Samsung Marketing Cloud/button_Yes")): Object: 'Object Repository/Logout/Page_Samsung Marketing Cloud/button_Yes' is clicked on&#xD;
&#xD;
2019-10-02 15:03:39 - [MESSAGE][PASSED] - Object: 'Object Repository/Logout/Page_Samsung Marketing Cloud/button_Yes' is clicked on&#xD;
&#xD;
2019-10-02 15:03:39 - [TEST_STEP][PASSED] - closeBrowser(): Browser is closed&#xD;
&#xD;
2019-10-02 15:03:43 - [MESSAGE][PASSED] - Browser is closed</system-out>
            <system-err></system-err>
        </testcase>
        <system-out>2019-10-02 15:01:28 - [TEST_SUITE][INCOMPLETE] - Asset Tests: null</system-out>
        <system-err>2019-10-02 15:01:28 - [TEST_SUITE][INCOMPLETE] - Asset Tests: null</system-err>
    </testsuite>
</testsuites>
