<?xml version="1.0" encoding="UTF-8" standalone="yes"?>
<testsuites name="Forgot Password" time="21" tests="1" failures="0" errors="0">
    <testsuite name="Forgot Password" tests="1" failures="0" errors="0" time="21" timestamp="2019-10-01 11:56:31" hostname="gansat - NOTEEG-12802.nexus.local" id="Test Suites/Translation/German/Forgot Password">
        <properties>
            <property name="deviceName" value=""/>
            <property name="devicePlatform" value=""/>
            <property name="logFolder" value="C:\\Adzu UAT\\Adzu\\Adzu\\Reports\\20191001_115627\\Translation\\German\\Forgot Password\\20191001_115627"/>
            <property name="logFiles" value="C:\\Adzu UAT\\Adzu\\Adzu\\Reports\\20191001_115627\\Translation\\German\\Forgot Password\\20191001_115627\\execution0.log, C:\\Adzu UAT\\Adzu\\Adzu\\Reports\\20191001_115627\\Translation\\German\\Forgot Password\\20191001_115627\\IEDriverServer.log"/>
            <property name="attachments" value=""/>
            <property name="hostName" value="gansat - NOTEEG-12802.nexus.local"/>
            <property name="os" value="Windows 10 64bit"/>
            <property name="katalonVersion" value="6.3.3.11"/>
            <property name="browser" value="IE 11"/>
            <property name="hostAddress" value="10.142.156.106"/>
            <property name="sessionId" value="861bfcac-382c-42d4-b964-eb0161c1959b"/>
            <property name="seleniumVersion" value="3.141.59"/>
            <property name="proxyInformation" value="ProxyInformation{proxyOption=NO_PROXY, proxyServerType=HTTP, password=, proxyServerAddress=, proxyServerPort=0}"/>
            <property name="platform" value="Windows 10"/>
        </properties>
        <testcase name="Test Cases/Translation/Forgot Password - German" classname="Test Cases/Translation/Forgot Password - German" status="PASSED">
            <system-out>2019-10-01 11:56:32 - [TEST_CASE][PASSED] - Test Cases/Translation/Forgot Password - German: Test Cases/Translation/Forgot Password - German&#xD;
&#xD;
2019-10-01 11:56:33 - [TEST_STEP][PASSED] - openBrowser(""): Browser is opened with url: ''&#xD;
&#xD;
2019-10-01 11:56:34 - [MESSAGE][INFO] - Starting 'IE' driver&#xD;
&#xD;
2019-10-01 11:56:34 - [MESSAGE][INFO] - User set preference: ['ignoreProtectedModeSettings', 'true']&#xD;
&#xD;
2019-10-01 11:56:35 - [MESSAGE][INFO] - Action delay is set to 0 seconds&#xD;
&#xD;
2019-10-01 11:56:40 - [MESSAGE][PASSED] - Browser is opened with url: ''&#xD;
&#xD;
2019-10-01 11:56:40 - [TEST_STEP][PASSED] - navigateToUrl("https://samsung-adzu4-staging.codeworldwide.com/#"): Navigate to 'https://samsung-adzu4-staging.codeworldwide.com/#' successfully&#xD;
&#xD;
2019-10-01 11:56:42 - [MESSAGE][PASSED] - Navigate to 'https://samsung-adzu4-staging.codeworldwide.com/#' successfully&#xD;
&#xD;
2019-10-01 11:56:42 - [TEST_STEP][PASSED] - click(findTestObject("Object Repository/Login/Page_Samsung Marketing Cloud/Forgot password")): Object: 'Object Repository/Login/Page_Samsung Marketing Cloud/Forgot password' is clicked on&#xD;
&#xD;
2019-10-01 11:56:48 - [MESSAGE][PASSED] - Object: 'Object Repository/Login/Page_Samsung Marketing Cloud/Forgot password' is clicked on&#xD;
&#xD;
2019-10-01 11:56:48 - [TEST_STEP][PASSED] - kms.turing.katalon.plugins.visualtesting.ScreenCapture.takeScreenshot("c:\Adzu\Screenshot\ForgotPassword_actual.png", CONTINUE_ON_FAILURE): kms.turing.katalon.plugins.visualtesting.ScreenCapture.takeScreenshot is PASSED&#xD;
&#xD;
2019-10-01 11:56:49 - [MESSAGE][PASSED] - kms.turing.katalon.plugins.visualtesting.ScreenCapture.takeScreenshot is PASSED&#xD;
&#xD;
2019-10-01 11:56:49 - [TEST_STEP][PASSED] - kms.turing.katalon.plugins.visualtesting.ImageComparison.areMatched("C:\Adzu\Screenshot\ForgotPassword_expected.png", "C:\Adzu\Screenshot\ForgotPassword_actual.png", CONTINUE_ON_FAILURE): kms.turing.katalon.plugins.visualtesting.ImageComparison.areMatched is PASSED&#xD;
&#xD;
2019-10-01 11:56:50 - [MESSAGE][INFO] - Verify the image at location: C:\Adzu\Screenshot\ForgotPassword_expected.png is matched to the other image at: C:\Adzu\Screenshot\ForgotPassword_actual.png&#xD;
&#xD;
2019-10-01 11:56:50 - [MESSAGE][PASSED] - kms.turing.katalon.plugins.visualtesting.ImageComparison.areMatched is PASSED&#xD;
&#xD;
2019-10-01 11:56:50 - [TEST_STEP][PASSED] - closeBrowser(): Browser is closed&#xD;
&#xD;
2019-10-01 11:56:50 - [MESSAGE][PASSED] - Browser is closed</system-out>
            <system-err></system-err>
        </testcase>
        <system-out>2019-10-01 11:56:31 - [TEST_SUITE][INCOMPLETE] - Forgot Password: null</system-out>
        <system-err>2019-10-01 11:56:31 - [TEST_SUITE][INCOMPLETE] - Forgot Password: null</system-err>
    </testsuite>
</testsuites>
