<?xml version="1.0" encoding="UTF-8" standalone="yes"?>
<testsuites name="Product - Chrome" time="49" tests="2" failures="0" errors="1">
    <testsuite name="Product - Chrome" tests="2" failures="0" errors="1" time="49" timestamp="2019-10-08 09:19:29" hostname="gansat - NOTEEG-12802.nexus.local" id="Test Suites/Home Page/Product - Chrome">
        <properties>
            <property name="deviceName" value=""/>
            <property name="devicePlatform" value=""/>
            <property name="logFolder" value="C:\\Adzu UAT\\Adzu\\Adzu\\Reports\\20191008_091925\\Home Page\\Product - Chrome\\20191008_091925"/>
            <property name="logFiles" value="C:\\Adzu UAT\\Adzu\\Adzu\\Reports\\20191008_091925\\Home Page\\Product - Chrome\\20191008_091925\\execution0.log, C:\\Adzu UAT\\Adzu\\Adzu\\Reports\\20191008_091925\\Home Page\\Product - Chrome\\20191008_091925\\IEDriverServer.log"/>
            <property name="attachments" value=""/>
            <property name="hostName" value="gansat - NOTEEG-12802.nexus.local"/>
            <property name="os" value="Windows 10 64bit"/>
            <property name="katalonVersion" value="6.3.3.11"/>
            <property name="browser" value="IE 11"/>
            <property name="hostAddress" value="10.142.156.106"/>
            <property name="sessionId" value="f8e8f3b1-6f92-4163-8685-6bd3ff93a7ef"/>
            <property name="seleniumVersion" value="3.141.59"/>
            <property name="proxyInformation" value="ProxyInformation{proxyOption=NO_PROXY, proxyServerType=HTTP, password=, proxyServerAddress=, proxyServerPort=0}"/>
            <property name="platform" value="Windows 10"/>
        </properties>
        <testcase name="Test Cases/Login and Logout - Notifications/Login" classname="Test Cases/Login and Logout - Notifications/Login" status="PASSED">
            <system-out>2019-10-08 09:19:29 - [TEST_CASE][PASSED] - Test Cases/Login and Logout - Notifications/Login: Test Cases/Login and Logout - Notifications/Login&#xD;
&#xD;
2019-10-08 09:19:30 - [TEST_STEP][PASSED] - openBrowser(""): Browser is opened with url: ''&#xD;
&#xD;
2019-10-08 09:19:30 - [MESSAGE][INFO] - Starting 'IE' driver&#xD;
&#xD;
2019-10-08 09:19:31 - [MESSAGE][INFO] - User set preference: ['ignoreProtectedModeSettings', 'true']&#xD;
&#xD;
2019-10-08 09:19:31 - [MESSAGE][INFO] - Action delay is set to 1 seconds&#xD;
&#xD;
2019-10-08 09:19:37 - [MESSAGE][PASSED] - Browser is opened with url: ''&#xD;
&#xD;
2019-10-08 09:19:37 - [TEST_STEP][PASSED] - navigateToUrl("https://samsung-adzu4-staging.codeworldwide.com/#"): Navigate to 'https://samsung-adzu4-staging.codeworldwide.com/#' successfully&#xD;
&#xD;
2019-10-08 09:19:39 - [MESSAGE][PASSED] - Navigate to 'https://samsung-adzu4-staging.codeworldwide.com/#' successfully&#xD;
&#xD;
2019-10-08 09:19:39 - [TEST_STEP][PASSED] - setText(findTestObject("Object Repository/Login/Page_Samsung Marketing Cloud/Username_Text"), "satinder.gandhi@codeworldwide.com"): Text 'satinder.gandhi@codeworldwide.com' is set on object 'Object Repository/Login/Page_Samsung Marketing Cloud/Username_Text'&#xD;
&#xD;
2019-10-08 09:19:46 - [MESSAGE][PASSED] - Text 'satinder.gandhi@codeworldwide.com' is set on object 'Object Repository/Login/Page_Samsung Marketing Cloud/Username_Text'&#xD;
&#xD;
2019-10-08 09:19:46 - [TEST_STEP][PASSED] - setEncryptedText(findTestObject("Object Repository/Login/Page_Samsung Marketing Cloud/Password_text"), "yfq/9fVkW5+QvfzWq38qvg=="): Text ****** has been set on object 'Object Repository/Login/Page_Samsung Marketing Cloud/Password_text'&#xD;
&#xD;
2019-10-08 09:19:50 - [MESSAGE][PASSED] - Text ****** has been set on object 'Object Repository/Login/Page_Samsung Marketing Cloud/Password_text'&#xD;
&#xD;
2019-10-08 09:19:50 - [TEST_STEP][PASSED] - click(findTestObject("Object Repository/Login/Page_Samsung Marketing Cloud/button_Login")): Object: 'Object Repository/Login/Page_Samsung Marketing Cloud/button_Login' is clicked on&#xD;
&#xD;
2019-10-08 09:19:55 - [MESSAGE][PASSED] - Object: 'Object Repository/Login/Page_Samsung Marketing Cloud/button_Login' is clicked on&#xD;
&#xD;
2019-10-08 09:19:55 - [TEST_STEP][PASSED] - maximizeWindow(): Current window maximized&#xD;
&#xD;
2019-10-08 09:19:56 - [MESSAGE][PASSED] - Current window maximized</system-out>
            <system-err></system-err>
        </testcase>
        <testcase name="Test Cases/Home Page/Products" classname="Test Cases/Home Page/Products" status="ERROR">
            <error type="ERROR" message="Test Cases/Home Page/Products FAILED.&#xA;Reason:&#xA;groovy.lang.MissingMethodException: No signature of method: org.openqa.selenium.interactions.Actions.moveToElement() is applicable for argument types: (java.lang.String) values: [Home Page/Products/Page_Samsung Marketing Cloud/span_Mobile]&#xA;Possible solutions: moveToElement(org.openqa.selenium.WebElement), moveToElement(org.openqa.selenium.WebElement, int, int)&#xD;&#xA;&#x9;at Products.run(Products:28)&#xD;&#xA;&#x9;at com.kms.katalon.core.main.ScriptEngine.run(ScriptEngine.java:194)&#xD;&#xA;&#x9;at com.kms.katalon.core.main.ScriptEngine.runScriptAsRawText(ScriptEngine.java:119)&#xD;&#xA;&#x9;at com.kms.katalon.core.main.TestCaseExecutor.runScript(TestCaseExecutor.java:337)&#xD;&#xA;&#x9;at com.kms.katalon.core.main.TestCaseExecutor.doExecute(TestCaseExecutor.java:328)&#xD;&#xA;&#x9;at com.kms.katalon.core.main.TestCaseExecutor.processExecutionPhase(TestCaseExecutor.java:307)&#xD;&#xA;&#x9;at com.kms.katalon.core.main.TestCaseExecutor.accessMainPhase(TestCaseExecutor.java:299)&#xD;&#xA;&#x9;at com.kms.katalon.core.main.TestCaseExecutor.execute(TestCaseExecutor.java:233)&#xD;&#xA;&#x9;at com.kms.katalon.core.main.TestSuiteExecutor.accessTestCaseMainPhase(TestSuiteExecutor.java:169)&#xD;&#xA;&#x9;at com.kms.katalon.core.main.TestSuiteExecutor.accessTestSuiteMainPhase(TestSuiteExecutor.java:142)&#xD;&#xA;&#x9;at com.kms.katalon.core.main.TestSuiteExecutor.execute(TestSuiteExecutor.java:91)&#xD;&#xA;&#x9;at com.kms.katalon.core.main.TestCaseMain.startTestSuite(TestCaseMain.java:157)&#xD;&#xA;&#x9;at com.kms.katalon.core.main.TestCaseMain$startTestSuite$0.call(Unknown Source)&#xD;&#xA;&#x9;at TempTestSuite1570522765673.run(TempTestSuite1570522765673.groovy:35)&#xD;&#xA;"/>
            <system-out>2019-10-08 09:19:56 - [TEST_CASE][ERROR] - Test Cases/Home Page/Products: Test Cases/Home Page/Products FAILED.
Reason:
groovy.lang.MissingMethodException: No signature of method: org.openqa.selenium.interactions.Actions.moveToElement() is applicable for argument types: (java.lang.String) values: [Home Page/Products/Page_Samsung Marketing Cloud/span_Mobile]
Possible solutions: moveToElement(org.openqa.selenium.WebElement), moveToElement(org.openqa.selenium.WebElement, int, int)&#xD;
	at Products.run(Products:28)&#xD;
	at com.kms.katalon.core.main.ScriptEngine.run(ScriptEngine.java:194)&#xD;
	at com.kms.katalon.core.main.ScriptEngine.runScriptAsRawText(ScriptEngine.java:119)&#xD;
	at com.kms.katalon.core.main.TestCaseExecutor.runScript(TestCaseExecutor.java:337)&#xD;
	at com.kms.katalon.core.main.TestCaseExecutor.doExecute(TestCaseExecutor.java:328)&#xD;
	at com.kms.katalon.core.main.TestCaseExecutor.processExecutionPhase(TestCaseExecutor.java:307)&#xD;
	at com.kms.katalon.core.main.TestCaseExecutor.accessMainPhase(TestCaseExecutor.java:299)&#xD;
	at com.kms.katalon.core.main.TestCaseExecutor.execute(TestCaseExecutor.java:233)&#xD;
	at com.kms.katalon.core.main.TestSuiteExecutor.accessTestCaseMainPhase(TestSuiteExecutor.java:169)&#xD;
	at com.kms.katalon.core.main.TestSuiteExecutor.accessTestSuiteMainPhase(TestSuiteExecutor.java:142)&#xD;
	at com.kms.katalon.core.main.TestSuiteExecutor.execute(TestSuiteExecutor.java:91)&#xD;
	at com.kms.katalon.core.main.TestCaseMain.startTestSuite(TestCaseMain.java:157)&#xD;
	at com.kms.katalon.core.main.TestCaseMain$startTestSuite$0.call(Unknown Source)&#xD;
	at TempTestSuite1570522765673.run(TempTestSuite1570522765673.groovy:35)&#xD;
&#xD;
&#xD;
2019-10-08 09:19:57 - [TEST_STEP][PASSED] - scrollToElement(findTestObject("Home Page/Products/Page_Samsung Marketing Cloud/h3_Product Categories"), 0): Scroll to object 'Object Repository/Home Page/Products/Page_Samsung Marketing Cloud/h3_Product Categories' successfully&#xD;
&#xD;
2019-10-08 09:19:57 - [MESSAGE][WARNING] - Timeout '0' is invalid. Using default page load timeout: '30'&#xD;
&#xD;
2019-10-08 09:20:02 - [MESSAGE][PASSED] - Scroll to object 'Object Repository/Home Page/Products/Page_Samsung Marketing Cloud/h3_Product Categories' successfully&#xD;
&#xD;
2019-10-08 09:20:02 - [TEST_STEP][PASSED] - click(findTestObject("Home Page/Products/Page_Samsung Marketing Cloud/li_Mobile")): Object: 'Object Repository/Home Page/Products/Page_Samsung Marketing Cloud/li_Mobile' is clicked on&#xD;
&#xD;
2019-10-08 09:20:05 - [MESSAGE][PASSED] - Object: 'Object Repository/Home Page/Products/Page_Samsung Marketing Cloud/li_Mobile' is clicked on&#xD;
&#xD;
2019-10-08 09:20:05 - [TEST_STEP][PASSED] - driver = getWebDriver(): null&#xD;
&#xD;
2019-10-08 09:20:05 - [TEST_STEP][PASSED] - action = new org.openqa.selenium.interactions.Actions(driver): null&#xD;
&#xD;
2019-10-08 09:20:05 - [TEST_STEP][PASSED] - build().perform(): null</system-out>
            <system-err>2019-10-08 09:19:56 - [TEST_CASE][ERROR] - Test Cases/Home Page/Products: Test Cases/Home Page/Products FAILED.
Reason:
groovy.lang.MissingMethodException: No signature of method: org.openqa.selenium.interactions.Actions.moveToElement() is applicable for argument types: (java.lang.String) values: [Home Page/Products/Page_Samsung Marketing Cloud/span_Mobile]
Possible solutions: moveToElement(org.openqa.selenium.WebElement), moveToElement(org.openqa.selenium.WebElement, int, int)&#xD;
	at Products.run(Products:28)&#xD;
	at com.kms.katalon.core.main.ScriptEngine.run(ScriptEngine.java:194)&#xD;
	at com.kms.katalon.core.main.ScriptEngine.runScriptAsRawText(ScriptEngine.java:119)&#xD;
	at com.kms.katalon.core.main.TestCaseExecutor.runScript(TestCaseExecutor.java:337)&#xD;
	at com.kms.katalon.core.main.TestCaseExecutor.doExecute(TestCaseExecutor.java:328)&#xD;
	at com.kms.katalon.core.main.TestCaseExecutor.processExecutionPhase(TestCaseExecutor.java:307)&#xD;
	at com.kms.katalon.core.main.TestCaseExecutor.accessMainPhase(TestCaseExecutor.java:299)&#xD;
	at com.kms.katalon.core.main.TestCaseExecutor.execute(TestCaseExecutor.java:233)&#xD;
	at com.kms.katalon.core.main.TestSuiteExecutor.accessTestCaseMainPhase(TestSuiteExecutor.java:169)&#xD;
	at com.kms.katalon.core.main.TestSuiteExecutor.accessTestSuiteMainPhase(TestSuiteExecutor.java:142)&#xD;
	at com.kms.katalon.core.main.TestSuiteExecutor.execute(TestSuiteExecutor.java:91)&#xD;
	at com.kms.katalon.core.main.TestCaseMain.startTestSuite(TestCaseMain.java:157)&#xD;
	at com.kms.katalon.core.main.TestCaseMain$startTestSuite$0.call(Unknown Source)&#xD;
	at TempTestSuite1570522765673.run(TempTestSuite1570522765673.groovy:35)</system-err>
        </testcase>
        <testcase name="Test Cases/Login and Logout - Notifications/Logout - Yes Button" classname="Test Cases/Login and Logout - Notifications/Logout - Yes Button" status="PASSED">
            <system-out>2019-10-08 09:20:05 - [TEST_CASE][PASSED] - Test Cases/Login and Logout - Notifications/Logout - Yes Button: Test Cases/Login and Logout - Notifications/Logout - Yes Button&#xD;
&#xD;
2019-10-08 09:20:06 - [TEST_STEP][PASSED] - click(findTestObject("Logout/Page_Samsung Marketing Cloud/span_gandhi")): Object: 'Object Repository/Logout/Page_Samsung Marketing Cloud/span_gandhi' is clicked on&#xD;
&#xD;
2019-10-08 09:20:09 - [MESSAGE][PASSED] - Object: 'Object Repository/Logout/Page_Samsung Marketing Cloud/span_gandhi' is clicked on&#xD;
&#xD;
2019-10-08 09:20:09 - [TEST_STEP][PASSED] - click(findTestObject("Logout/Page_Samsung Marketing Cloud/Logout")): Object: 'Object Repository/Logout/Page_Samsung Marketing Cloud/Logout' is clicked on&#xD;
&#xD;
2019-10-08 09:20:13 - [MESSAGE][PASSED] - Object: 'Object Repository/Logout/Page_Samsung Marketing Cloud/Logout' is clicked on&#xD;
&#xD;
2019-10-08 09:20:13 - [TEST_STEP][PASSED] - click(findTestObject("Logout/Page_Samsung Marketing Cloud/button_Yes")): Object: 'Object Repository/Logout/Page_Samsung Marketing Cloud/button_Yes' is clicked on&#xD;
&#xD;
2019-10-08 09:20:16 - [MESSAGE][PASSED] - Object: 'Object Repository/Logout/Page_Samsung Marketing Cloud/button_Yes' is clicked on&#xD;
&#xD;
2019-10-08 09:20:16 - [TEST_STEP][PASSED] - closeBrowser(): Browser is closed&#xD;
&#xD;
2019-10-08 09:20:18 - [MESSAGE][PASSED] - Browser is closed</system-out>
            <system-err></system-err>
        </testcase>
        <system-out>2019-10-08 09:19:29 - [TEST_SUITE][INCOMPLETE] - Product - Chrome: null</system-out>
        <system-err>2019-10-08 09:19:29 - [TEST_SUITE][INCOMPLETE] - Product - Chrome: null</system-err>
    </testsuite>
</testsuites>
