<?xml version="1.0" encoding="UTF-8" standalone="yes"?>
<testsuites name="Forgot Password" time="24" tests="0" failures="1" errors="0">
    <testsuite name="Forgot Password" tests="0" failures="1" errors="0" time="24" timestamp="2019-10-01 11:58:23" hostname="gansat - NOTEEG-12802.nexus.local" id="Test Suites/Translation/German/Forgot Password">
        <properties>
            <property name="deviceName" value=""/>
            <property name="devicePlatform" value=""/>
            <property name="logFolder" value="C:\\Adzu UAT\\Adzu\\Adzu\\Reports\\20191001_115818\\Translation\\German\\Forgot Password\\20191001_115818"/>
            <property name="logFiles" value="C:\\Adzu UAT\\Adzu\\Adzu\\Reports\\20191001_115818\\Translation\\German\\Forgot Password\\20191001_115818\\execution0.log, C:\\Adzu UAT\\Adzu\\Adzu\\Reports\\20191001_115818\\Translation\\German\\Forgot Password\\20191001_115818\\IEDriverServer.log"/>
            <property name="attachments" value=""/>
            <property name="hostName" value="gansat - NOTEEG-12802.nexus.local"/>
            <property name="os" value="Windows 10 64bit"/>
            <property name="katalonVersion" value="6.3.3.11"/>
            <property name="browser" value="IE 11"/>
            <property name="hostAddress" value="10.142.156.106"/>
            <property name="sessionId" value="4571340d-48c9-46d9-9af7-f0117540e14c"/>
            <property name="seleniumVersion" value="3.141.59"/>
            <property name="proxyInformation" value="ProxyInformation{proxyOption=NO_PROXY, proxyServerType=HTTP, password=, proxyServerAddress=, proxyServerPort=0}"/>
            <property name="platform" value="Windows 10"/>
        </properties>
        <testcase name="Test Cases/Translation/Forgot Password - German" classname="Test Cases/Translation/Forgot Password - German" status="FAILED">
            <failure type="FAILED" message="Test Cases/Translation/Forgot Password - German FAILED.&#xA;Reason:&#xA;com.kms.katalon.core.exception.StepFailedException: Actual image does not match to baselined image&#xD;&#xA;&#x9;at com.kms.katalon.core.util.KeywordUtil.markFailed(KeywordUtil.java:19)&#xD;&#xA;&#x9;at com.kms.katalon.core.util.KeywordUtil$markFailed$0.call(Unknown Source)&#xD;&#xA;&#x9;at kms.turing.katalon.plugins.common.ErrorHandler.handleError(ErrorHandler.groovy:14)&#xD;&#xA;&#x9;at kms.turing.katalon.plugins.common.ErrorHandler$handleError.call(Unknown Source)&#xD;&#xA;&#x9;at kms.turing.katalon.plugins.common.BaseKeyword.handleError(BaseKeyword.groovy:14)&#xD;&#xA;&#x9;at kms.turing.katalon.plugins.visualtesting.ImageComparison.areMatched(ImageComparison.groovy:59)&#xD;&#xA;&#x9;at kms.turing.katalon.plugins.common.BaseKeyword.invokeMethod(BaseKeyword.groovy)&#xD;&#xA;&#x9;at com.kms.katalon.core.main.CustomKeywordDelegatingMetaClass.invokeStaticMethod(CustomKeywordDelegatingMetaClass.java:50)&#xD;&#xA;&#x9;at Forgot Password - German.run(Forgot Password - German:25)&#xD;&#xA;&#x9;at com.kms.katalon.core.main.ScriptEngine.run(ScriptEngine.java:194)&#xD;&#xA;&#x9;at com.kms.katalon.core.main.ScriptEngine.runScriptAsRawText(ScriptEngine.java:119)&#xD;&#xA;&#x9;at com.kms.katalon.core.main.TestCaseExecutor.runScript(TestCaseExecutor.java:337)&#xD;&#xA;&#x9;at com.kms.katalon.core.main.TestCaseExecutor.doExecute(TestCaseExecutor.java:328)&#xD;&#xA;&#x9;at com.kms.katalon.core.main.TestCaseExecutor.processExecutionPhase(TestCaseExecutor.java:307)&#xD;&#xA;&#x9;at com.kms.katalon.core.main.TestCaseExecutor.accessMainPhase(TestCaseExecutor.java:299)&#xD;&#xA;&#x9;at com.kms.katalon.core.main.TestCaseExecutor.execute(TestCaseExecutor.java:233)&#xD;&#xA;&#x9;at com.kms.katalon.core.main.TestSuiteExecutor.accessTestCaseMainPhase(TestSuiteExecutor.java:169)&#xD;&#xA;&#x9;at com.kms.katalon.core.main.TestSuiteExecutor.accessTestSuiteMainPhase(TestSuiteExecutor.java:142)&#xD;&#xA;&#x9;at com.kms.katalon.core.main.TestSuiteExecutor.execute(TestSuiteExecutor.java:91)&#xD;&#xA;&#x9;at com.kms.katalon.core.main.TestCaseMain.startTestSuite(TestCaseMain.java:157)&#xD;&#xA;&#x9;at com.kms.katalon.core.main.TestCaseMain$startTestSuite$0.call(Unknown Source)&#xD;&#xA;&#x9;at TempTestSuite1569927498592.run(TempTestSuite1569927498592.groovy:35)&#xD;&#xA;"/>
            <system-out>2019-10-01 11:58:23 - [TEST_CASE][FAILED] - Test Cases/Translation/Forgot Password - German: Test Cases/Translation/Forgot Password - German FAILED.
Reason:
com.kms.katalon.core.exception.StepFailedException: Actual image does not match to baselined image&#xD;
	at com.kms.katalon.core.util.KeywordUtil.markFailed(KeywordUtil.java:19)&#xD;
	at com.kms.katalon.core.util.KeywordUtil$markFailed$0.call(Unknown Source)&#xD;
	at kms.turing.katalon.plugins.common.ErrorHandler.handleError(ErrorHandler.groovy:14)&#xD;
	at kms.turing.katalon.plugins.common.ErrorHandler$handleError.call(Unknown Source)&#xD;
	at kms.turing.katalon.plugins.common.BaseKeyword.handleError(BaseKeyword.groovy:14)&#xD;
	at kms.turing.katalon.plugins.visualtesting.ImageComparison.areMatched(ImageComparison.groovy:59)&#xD;
	at kms.turing.katalon.plugins.common.BaseKeyword.invokeMethod(BaseKeyword.groovy)&#xD;
	at com.kms.katalon.core.main.CustomKeywordDelegatingMetaClass.invokeStaticMethod(CustomKeywordDelegatingMetaClass.java:50)&#xD;
	at Forgot Password - German.run(Forgot Password - German:25)&#xD;
	at com.kms.katalon.core.main.ScriptEngine.run(ScriptEngine.java:194)&#xD;
	at com.kms.katalon.core.main.ScriptEngine.runScriptAsRawText(ScriptEngine.java:119)&#xD;
	at com.kms.katalon.core.main.TestCaseExecutor.runScript(TestCaseExecutor.java:337)&#xD;
	at com.kms.katalon.core.main.TestCaseExecutor.doExecute(TestCaseExecutor.java:328)&#xD;
	at com.kms.katalon.core.main.TestCaseExecutor.processExecutionPhase(TestCaseExecutor.java:307)&#xD;
	at com.kms.katalon.core.main.TestCaseExecutor.accessMainPhase(TestCaseExecutor.java:299)&#xD;
	at com.kms.katalon.core.main.TestCaseExecutor.execute(TestCaseExecutor.java:233)&#xD;
	at com.kms.katalon.core.main.TestSuiteExecutor.accessTestCaseMainPhase(TestSuiteExecutor.java:169)&#xD;
	at com.kms.katalon.core.main.TestSuiteExecutor.accessTestSuiteMainPhase(TestSuiteExecutor.java:142)&#xD;
	at com.kms.katalon.core.main.TestSuiteExecutor.execute(TestSuiteExecutor.java:91)&#xD;
	at com.kms.katalon.core.main.TestCaseMain.startTestSuite(TestCaseMain.java:157)&#xD;
	at com.kms.katalon.core.main.TestCaseMain$startTestSuite$0.call(Unknown Source)&#xD;
	at TempTestSuite1569927498592.run(TempTestSuite1569927498592.groovy:35)&#xD;
&#xD;
&#xD;
2019-10-01 11:58:25 - [TEST_STEP][PASSED] - openBrowser(""): Browser is opened with url: ''&#xD;
&#xD;
2019-10-01 11:58:26 - [MESSAGE][INFO] - Starting 'IE' driver&#xD;
&#xD;
2019-10-01 11:58:26 - [MESSAGE][INFO] - User set preference: ['ignoreProtectedModeSettings', 'true']&#xD;
&#xD;
2019-10-01 11:58:26 - [MESSAGE][INFO] - Action delay is set to 0 seconds&#xD;
&#xD;
2019-10-01 11:58:31 - [MESSAGE][PASSED] - Browser is opened with url: ''&#xD;
&#xD;
2019-10-01 11:58:31 - [TEST_STEP][PASSED] - navigateToUrl("https://samsung-adzu4-staging.codeworldwide.com/#"): Navigate to 'https://samsung-adzu4-staging.codeworldwide.com/#' successfully&#xD;
&#xD;
2019-10-01 11:58:33 - [MESSAGE][PASSED] - Navigate to 'https://samsung-adzu4-staging.codeworldwide.com/#' successfully&#xD;
&#xD;
2019-10-01 11:58:33 - [TEST_STEP][PASSED] - click(findTestObject("Object Repository/Login/Page_Samsung Marketing Cloud/Forgot password")): Object: 'Object Repository/Login/Page_Samsung Marketing Cloud/Forgot password' is clicked on&#xD;
&#xD;
2019-10-01 11:58:40 - [MESSAGE][PASSED] - Object: 'Object Repository/Login/Page_Samsung Marketing Cloud/Forgot password' is clicked on&#xD;
&#xD;
2019-10-01 11:58:40 - [TEST_STEP][PASSED] - kms.turing.katalon.plugins.visualtesting.ScreenCapture.takeScreenshot("c:\Adzu\Screenshot\ForgotPassword_actual.png", CONTINUE_ON_FAILURE): kms.turing.katalon.plugins.visualtesting.ScreenCapture.takeScreenshot is PASSED&#xD;
&#xD;
2019-10-01 11:58:42 - [MESSAGE][PASSED] - kms.turing.katalon.plugins.visualtesting.ScreenCapture.takeScreenshot is PASSED&#xD;
&#xD;
2019-10-01 11:58:42 - [TEST_STEP][FAILED] - kms.turing.katalon.plugins.visualtesting.ImageComparison.areMatched("C:\Adzu\Screenshot\ForgotPassword_expected.png", "C:\Adzu\Screenshot\ForgotPassword_actual.png", CONTINUE_ON_FAILURE): com.kms.katalon.core.exception.StepFailedException: Actual image does not match to baselined image&#xD;
&#xD;
2019-10-01 11:58:42 - [MESSAGE][INFO] - Verify the image at location: C:\Adzu\Screenshot\ForgotPassword_expected.png is matched to the other image at: C:\Adzu\Screenshot\ForgotPassword_actual.png&#xD;
&#xD;
2019-10-01 11:58:45 - [MESSAGE][FAILED] - Actual image does not match to baselined image&#xD;
&#xD;
2019-10-01 11:58:45 - [MESSAGE][FAILED] - com.kms.katalon.core.exception.StepFailedException: Actual image does not match to baselined image&#xD;
&#xD;
2019-10-01 11:58:45 - [TEST_STEP][PASSED] - closeBrowser(): Browser is closed&#xD;
&#xD;
2019-10-01 11:58:46 - [MESSAGE][PASSED] - Browser is closed</system-out>
            <system-err>2019-10-01 11:58:23 - [TEST_CASE][FAILED] - Test Cases/Translation/Forgot Password - German: Test Cases/Translation/Forgot Password - German FAILED.
Reason:
com.kms.katalon.core.exception.StepFailedException: Actual image does not match to baselined image&#xD;
	at com.kms.katalon.core.util.KeywordUtil.markFailed(KeywordUtil.java:19)&#xD;
	at com.kms.katalon.core.util.KeywordUtil$markFailed$0.call(Unknown Source)&#xD;
	at kms.turing.katalon.plugins.common.ErrorHandler.handleError(ErrorHandler.groovy:14)&#xD;
	at kms.turing.katalon.plugins.common.ErrorHandler$handleError.call(Unknown Source)&#xD;
	at kms.turing.katalon.plugins.common.BaseKeyword.handleError(BaseKeyword.groovy:14)&#xD;
	at kms.turing.katalon.plugins.visualtesting.ImageComparison.areMatched(ImageComparison.groovy:59)&#xD;
	at kms.turing.katalon.plugins.common.BaseKeyword.invokeMethod(BaseKeyword.groovy)&#xD;
	at com.kms.katalon.core.main.CustomKeywordDelegatingMetaClass.invokeStaticMethod(CustomKeywordDelegatingMetaClass.java:50)&#xD;
	at Forgot Password - German.run(Forgot Password - German:25)&#xD;
	at com.kms.katalon.core.main.ScriptEngine.run(ScriptEngine.java:194)&#xD;
	at com.kms.katalon.core.main.ScriptEngine.runScriptAsRawText(ScriptEngine.java:119)&#xD;
	at com.kms.katalon.core.main.TestCaseExecutor.runScript(TestCaseExecutor.java:337)&#xD;
	at com.kms.katalon.core.main.TestCaseExecutor.doExecute(TestCaseExecutor.java:328)&#xD;
	at com.kms.katalon.core.main.TestCaseExecutor.processExecutionPhase(TestCaseExecutor.java:307)&#xD;
	at com.kms.katalon.core.main.TestCaseExecutor.accessMainPhase(TestCaseExecutor.java:299)&#xD;
	at com.kms.katalon.core.main.TestCaseExecutor.execute(TestCaseExecutor.java:233)&#xD;
	at com.kms.katalon.core.main.TestSuiteExecutor.accessTestCaseMainPhase(TestSuiteExecutor.java:169)&#xD;
	at com.kms.katalon.core.main.TestSuiteExecutor.accessTestSuiteMainPhase(TestSuiteExecutor.java:142)&#xD;
	at com.kms.katalon.core.main.TestSuiteExecutor.execute(TestSuiteExecutor.java:91)&#xD;
	at com.kms.katalon.core.main.TestCaseMain.startTestSuite(TestCaseMain.java:157)&#xD;
	at com.kms.katalon.core.main.TestCaseMain$startTestSuite$0.call(Unknown Source)&#xD;
	at TempTestSuite1569927498592.run(TempTestSuite1569927498592.groovy:35)</system-err>
        </testcase>
        <system-out>2019-10-01 11:58:23 - [TEST_SUITE][INCOMPLETE] - Forgot Password: null</system-out>
        <system-err>2019-10-01 11:58:23 - [TEST_SUITE][INCOMPLETE] - Forgot Password: null</system-err>
    </testsuite>
</testsuites>
