<?xml version="1.0" encoding="UTF-8" standalone="yes"?>
<testsuites name="Campaign" time="26" tests="1" failures="1" errors="0">
    <testsuite name="Campaign" tests="1" failures="1" errors="0" time="26" timestamp="2019-10-09 11:03:31" hostname="KanKir - GB3CODW08386HQS.nexus.local" id="Test Suites/Home Page/Campaign">
        <properties>
            <property name="deviceName" value=""/>
            <property name="devicePlatform" value=""/>
            <property name="logFolder" value="C:\\Users\\kankir\\git\\adZU-OS-UAT-Automation\\Reports\\20191009_110329\\Home Page\\Campaign\\20191009_110329"/>
            <property name="logFiles" value="C:\\Users\\kankir\\git\\adZU-OS-UAT-Automation\\Reports\\20191009_110329\\Home Page\\Campaign\\20191009_110329\\execution0.log"/>
            <property name="attachments" value=""/>
            <property name="hostName" value="KanKir - GB3CODW08386HQS.nexus.local"/>
            <property name="os" value="Windows 10 64bit"/>
            <property name="katalonVersion" value="6.3.3.11"/>
            <property name="browser" value="Chrome 77.0.3865.90"/>
            <property name="hostAddress" value="192.168.0.16"/>
            <property name="sessionId" value="bbc3e4c1aa8f80c84c66bc526ea3b559"/>
            <property name="seleniumVersion" value="3.141.59"/>
            <property name="proxyInformation" value="ProxyInformation{proxyOption=NO_PROXY, proxyServerType=HTTP, password=, proxyServerAddress=, proxyServerPort=0}"/>
            <property name="platform" value="Windows 10"/>
        </properties>
        <testcase name="Test Cases/Login and Logout - Notifications/Login" classname="Test Cases/Login and Logout - Notifications/Login" status="PASSED">
            <system-out>2019-10-09 11:03:31 - [TEST_CASE][PASSED] - Test Cases/Login and Logout - Notifications/Login: Test Cases/Login and Logout - Notifications/Login&#xD;
&#xD;
2019-10-09 11:03:31 - [TEST_STEP][PASSED] - openBrowser(""): Browser is opened with url: ''&#xD;
&#xD;
2019-10-09 11:03:31 - [MESSAGE][INFO] - Starting 'Chrome' driver&#xD;
&#xD;
2019-10-09 11:03:31 - [MESSAGE][INFO] - Action delay is set to 1 seconds&#xD;
&#xD;
2019-10-09 11:03:36 - [MESSAGE][PASSED] - Browser is opened with url: ''&#xD;
&#xD;
2019-10-09 11:03:36 - [TEST_STEP][PASSED] - navigateToUrl("https://samsung-adzu4-staging.codeworldwide.com/#"): Navigate to 'https://samsung-adzu4-staging.codeworldwide.com/#' successfully&#xD;
&#xD;
2019-10-09 11:03:38 - [MESSAGE][PASSED] - Navigate to 'https://samsung-adzu4-staging.codeworldwide.com/#' successfully&#xD;
&#xD;
2019-10-09 11:03:38 - [TEST_STEP][PASSED] - setText(findTestObject("Object Repository/Login/Page_Samsung Marketing Cloud/Username_Text"), "satinder.gandhi@codeworldwide.com"): Text 'satinder.gandhi@codeworldwide.com' is set on object 'Object Repository/Login/Page_Samsung Marketing Cloud/Username_Text'&#xD;
&#xD;
2019-10-09 11:03:41 - [MESSAGE][PASSED] - Text 'satinder.gandhi@codeworldwide.com' is set on object 'Object Repository/Login/Page_Samsung Marketing Cloud/Username_Text'&#xD;
&#xD;
2019-10-09 11:03:41 - [TEST_STEP][PASSED] - setEncryptedText(findTestObject("Object Repository/Login/Page_Samsung Marketing Cloud/Password_text"), "yfq/9fVkW5+QvfzWq38qvg=="): Text ****** has been set on object 'Object Repository/Login/Page_Samsung Marketing Cloud/Password_text'&#xD;
&#xD;
2019-10-09 11:03:45 - [MESSAGE][PASSED] - Text ****** has been set on object 'Object Repository/Login/Page_Samsung Marketing Cloud/Password_text'&#xD;
&#xD;
2019-10-09 11:03:45 - [TEST_STEP][PASSED] - click(findTestObject("Object Repository/Login/Page_Samsung Marketing Cloud/button_Login")): Object: 'Object Repository/Login/Page_Samsung Marketing Cloud/button_Login' is clicked on&#xD;
&#xD;
2019-10-09 11:03:47 - [MESSAGE][PASSED] - Object: 'Object Repository/Login/Page_Samsung Marketing Cloud/button_Login' is clicked on&#xD;
&#xD;
2019-10-09 11:03:47 - [TEST_STEP][PASSED] - maximizeWindow(): Current window maximized&#xD;
&#xD;
2019-10-09 11:03:50 - [MESSAGE][PASSED] - Current window maximized</system-out>
            <system-err></system-err>
        </testcase>
        <testcase name="Test Cases/Home Page/Campaigns/S10 Campaign" classname="Test Cases/Home Page/Campaigns/S10 Campaign" status="FAILED">
            <failure type="FAILED" message="Test Cases/Home Page/Campaigns/S10 Campaign FAILED.&#xA;Reason:&#xA;com.kms.katalon.core.exception.StepFailedException: Unable to verify match between actual text 'https://samsung-adzu4-staging.codeworldwide.com/#page/Assets?TagsID=5e861b2e-476e-47a7-8da6-1f8eaac0545d&amp;CampaignID=51a8da8e-2afa-4c47-ae26-e14f01ff5e7c&amp;CampaignText=S10%20Test%20Campaign' and expected text 'https://samsung-adzu4-https://samsung-adzu4-staging.codeworldwide.com/#page/Assets?TagsID=5e861b2e-476e-47a7-8da6-1f8eaac0545d&amp;CampaignID=51a8da8e-2afa-4c47-ae26-e14f01ff5e7c&amp;CampaignText=S10%20Test%20Campaign' (Root cause: com.kms.katalon.core.exception.StepFailedException: Actual text 'https://samsung-adzu4-staging.codeworldwide.com/#page/Assets?TagsID=5e861b2e-476e-47a7-8da6-1f8eaac0545d&amp;CampaignID=51a8da8e-2afa-4c47-ae26-e14f01ff5e7c&amp;CampaignText=S10%20Test%20Campaign' and expected text 'https://samsung-adzu4-https://samsung-adzu4-staging.codeworldwide.com/#page/Assets?TagsID=5e861b2e-476e-47a7-8da6-1f8eaac0545d&amp;CampaignID=51a8da8e-2afa-4c47-ae26-e14f01ff5e7c&amp;CampaignText=S10%20Test%20Campaign' are not matched&#xD;&#xA;&#x9;at com.kms.katalon.core.keyword.builtin.VerifyMatchKeyword$_verifyMatch_closure1.doCall(VerifyMatchKeyword.groovy:57)&#xD;&#xA;&#x9;at com.kms.katalon.core.keyword.builtin.VerifyMatchKeyword$_verifyMatch_closure1.call(VerifyMatchKeyword.groovy)&#xD;&#xA;&#x9;at com.kms.katalon.core.keyword.internal.KeywordMain.runKeyword(KeywordMain.groovy:68)&#xD;&#xA;&#x9;at com.kms.katalon.core.keyword.builtin.VerifyMatchKeyword.verifyMatch(VerifyMatchKeyword.groovy:60)&#xD;&#xA;&#x9;at com.kms.katalon.core.keyword.builtin.VerifyMatchKeyword.execute(VerifyMatchKeyword.groovy:45)&#xD;&#xA;&#x9;at com.kms.katalon.core.keyword.internal.KeywordExecutor.executeKeywordForPlatform(KeywordExecutor.groovy:56)&#xD;&#xA;&#x9;at com.kms.katalon.core.keyword.BuiltinKeywords.verifyMatch(BuiltinKeywords.groovy:73)&#xD;&#xA;&#x9;at S10 Campaign.run(S10 Campaign:27)&#xD;&#xA;&#x9;at com.kms.katalon.core.main.ScriptEngine.run(ScriptEngine.java:194)&#xD;&#xA;&#x9;at com.kms.katalon.core.main.ScriptEngine.runScriptAsRawText(ScriptEngine.java:119)&#xD;&#xA;&#x9;at com.kms.katalon.core.main.TestCaseExecutor.runScript(TestCaseExecutor.java:337)&#xD;&#xA;&#x9;at com.kms.katalon.core.main.TestCaseExecutor.doExecute(TestCaseExecutor.java:328)&#xD;&#xA;&#x9;at com.kms.katalon.core.main.TestCaseExecutor.processExecutionPhase(TestCaseExecutor.java:307)&#xD;&#xA;&#x9;at com.kms.katalon.core.main.TestCaseExecutor.accessMainPhase(TestCaseExecutor.java:299)&#xD;&#xA;&#x9;at com.kms.katalon.core.main.TestCaseExecutor.execute(TestCaseExecutor.java:233)&#xD;&#xA;&#x9;at com.kms.katalon.core.main.TestSuiteExecutor.accessTestCaseMainPhase(TestSuiteExecutor.java:169)&#xD;&#xA;&#x9;at com.kms.katalon.core.main.TestSuiteExecutor.accessTestSuiteMainPhase(TestSuiteExecutor.java:142)&#xD;&#xA;&#x9;at com.kms.katalon.core.main.TestSuiteExecutor.execute(TestSuiteExecutor.java:91)&#xD;&#xA;&#x9;at com.kms.katalon.core.main.TestCaseMain.startTestSuite(TestCaseMain.java:157)&#xD;&#xA;&#x9;at com.kms.katalon.core.main.TestCaseMain$startTestSuite$0.call(Unknown Source)&#xD;&#xA;&#x9;at TempTestSuite1570615409622.run(TempTestSuite1570615409622.groovy:35)&#xD;&#xA;)&#xD;&#xA;&#x9;at com.kms.katalon.core.keyword.internal.KeywordMain.stepFailed(KeywordMain.groovy:39)&#xD;&#xA;&#x9;at com.kms.katalon.core.keyword.internal.KeywordMain.stepFailed(KeywordMain.groovy)&#xD;&#xA;&#x9;at com.kms.katalon.core.keyword.internal.KeywordMain.runKeyword(KeywordMain.groovy:70)&#xD;&#xA;&#x9;at com.kms.katalon.core.keyword.builtin.VerifyMatchKeyword.verifyMatch(VerifyMatchKeyword.groovy:60)&#xD;&#xA;&#x9;at com.kms.katalon.core.keyword.builtin.VerifyMatchKeyword.execute(VerifyMatchKeyword.groovy:45)&#xD;&#xA;&#x9;at com.kms.katalon.core.keyword.internal.KeywordExecutor.executeKeywordForPlatform(KeywordExecutor.groovy:56)&#xD;&#xA;&#x9;at com.kms.katalon.core.keyword.BuiltinKeywords.verifyMatch(BuiltinKeywords.groovy:73)&#xD;&#xA;&#x9;at S10 Campaign.run(S10 Campaign:27)&#xD;&#xA;&#x9;at com.kms.katalon.core.main.ScriptEngine.run(ScriptEngine.java:194)&#xD;&#xA;&#x9;at com.kms.katalon.core.main.ScriptEngine.runScriptAsRawText(ScriptEngine.java:119)&#xD;&#xA;&#x9;at com.kms.katalon.core.main.TestCaseExecutor.runScript(TestCaseExecutor.java:337)&#xD;&#xA;&#x9;at com.kms.katalon.core.main.TestCaseExecutor.doExecute(TestCaseExecutor.java:328)&#xD;&#xA;&#x9;at com.kms.katalon.core.main.TestCaseExecutor.processExecutionPhase(TestCaseExecutor.java:307)&#xD;&#xA;&#x9;at com.kms.katalon.core.main.TestCaseExecutor.accessMainPhase(TestCaseExecutor.java:299)&#xD;&#xA;&#x9;at com.kms.katalon.core.main.TestCaseExecutor.execute(TestCaseExecutor.java:233)&#xD;&#xA;&#x9;at com.kms.katalon.core.main.TestSuiteExecutor.accessTestCaseMainPhase(TestSuiteExecutor.java:169)&#xD;&#xA;&#x9;at com.kms.katalon.core.main.TestSuiteExecutor.accessTestSuiteMainPhase(TestSuiteExecutor.java:142)&#xD;&#xA;&#x9;at com.kms.katalon.core.main.TestSuiteExecutor.execute(TestSuiteExecutor.java:91)&#xD;&#xA;&#x9;at com.kms.katalon.core.main.TestCaseMain.startTestSuite(TestCaseMain.java:157)&#xD;&#xA;&#x9;at com.kms.katalon.core.main.TestCaseMain$startTestSuite$0.call(Unknown Source)&#xD;&#xA;&#x9;at TempTestSuite1570615409622.run(TempTestSuite1570615409622.groovy:35)&#xD;&#xA;Caused by: com.kms.katalon.core.exception.StepFailedException: Actual text 'https://samsung-adzu4-staging.codeworldwide.com/#page/Assets?TagsID=5e861b2e-476e-47a7-8da6-1f8eaac0545d&amp;CampaignID=51a8da8e-2afa-4c47-ae26-e14f01ff5e7c&amp;CampaignText=S10%20Test%20Campaign' and expected text 'https://samsung-adzu4-https://samsung-adzu4-staging.codeworldwide.com/#page/Assets?TagsID=5e861b2e-476e-47a7-8da6-1f8eaac0545d&amp;CampaignID=51a8da8e-2afa-4c47-ae26-e14f01ff5e7c&amp;CampaignText=S10%20Test%20Campaign' are not matched&#xD;&#xA;&#x9;at com.kms.katalon.core.keyword.builtin.VerifyMatchKeyword$_verifyMatch_closure1.doCall(VerifyMatchKeyword.groovy:57)&#xD;&#xA;&#x9;at com.kms.katalon.core.keyword.builtin.VerifyMatchKeyword$_verifyMatch_closure1.call(VerifyMatchKeyword.groovy)&#xD;&#xA;&#x9;at com.kms.katalon.core.keyword.internal.KeywordMain.runKeyword(KeywordMain.groovy:68)&#xD;&#xA;&#x9;... 18 more&#xD;&#xA;"/>
            <system-out>2019-10-09 11:03:50 - [TEST_CASE][FAILED] - Test Cases/Home Page/Campaigns/S10 Campaign: Test Cases/Home Page/Campaigns/S10 Campaign FAILED.
Reason:
com.kms.katalon.core.exception.StepFailedException: Unable to verify match between actual text 'https://samsung-adzu4-staging.codeworldwide.com/#page/Assets?TagsID=5e861b2e-476e-47a7-8da6-1f8eaac0545d&amp;CampaignID=51a8da8e-2afa-4c47-ae26-e14f01ff5e7c&amp;CampaignText=S10%20Test%20Campaign' and expected text 'https://samsung-adzu4-https://samsung-adzu4-staging.codeworldwide.com/#page/Assets?TagsID=5e861b2e-476e-47a7-8da6-1f8eaac0545d&amp;CampaignID=51a8da8e-2afa-4c47-ae26-e14f01ff5e7c&amp;CampaignText=S10%20Test%20Campaign' (Root cause: com.kms.katalon.core.exception.StepFailedException: Actual text 'https://samsung-adzu4-staging.codeworldwide.com/#page/Assets?TagsID=5e861b2e-476e-47a7-8da6-1f8eaac0545d&amp;CampaignID=51a8da8e-2afa-4c47-ae26-e14f01ff5e7c&amp;CampaignText=S10%20Test%20Campaign' and expected text 'https://samsung-adzu4-https://samsung-adzu4-staging.codeworldwide.com/#page/Assets?TagsID=5e861b2e-476e-47a7-8da6-1f8eaac0545d&amp;CampaignID=51a8da8e-2afa-4c47-ae26-e14f01ff5e7c&amp;CampaignText=S10%20Test%20Campaign' are not matched&#xD;
	at com.kms.katalon.core.keyword.builtin.VerifyMatchKeyword$_verifyMatch_closure1.doCall(VerifyMatchKeyword.groovy:57)&#xD;
	at com.kms.katalon.core.keyword.builtin.VerifyMatchKeyword$_verifyMatch_closure1.call(VerifyMatchKeyword.groovy)&#xD;
	at com.kms.katalon.core.keyword.internal.KeywordMain.runKeyword(KeywordMain.groovy:68)&#xD;
	at com.kms.katalon.core.keyword.builtin.VerifyMatchKeyword.verifyMatch(VerifyMatchKeyword.groovy:60)&#xD;
	at com.kms.katalon.core.keyword.builtin.VerifyMatchKeyword.execute(VerifyMatchKeyword.groovy:45)&#xD;
	at com.kms.katalon.core.keyword.internal.KeywordExecutor.executeKeywordForPlatform(KeywordExecutor.groovy:56)&#xD;
	at com.kms.katalon.core.keyword.BuiltinKeywords.verifyMatch(BuiltinKeywords.groovy:73)&#xD;
	at S10 Campaign.run(S10 Campaign:27)&#xD;
	at com.kms.katalon.core.main.ScriptEngine.run(ScriptEngine.java:194)&#xD;
	at com.kms.katalon.core.main.ScriptEngine.runScriptAsRawText(ScriptEngine.java:119)&#xD;
	at com.kms.katalon.core.main.TestCaseExecutor.runScript(TestCaseExecutor.java:337)&#xD;
	at com.kms.katalon.core.main.TestCaseExecutor.doExecute(TestCaseExecutor.java:328)&#xD;
	at com.kms.katalon.core.main.TestCaseExecutor.processExecutionPhase(TestCaseExecutor.java:307)&#xD;
	at com.kms.katalon.core.main.TestCaseExecutor.accessMainPhase(TestCaseExecutor.java:299)&#xD;
	at com.kms.katalon.core.main.TestCaseExecutor.execute(TestCaseExecutor.java:233)&#xD;
	at com.kms.katalon.core.main.TestSuiteExecutor.accessTestCaseMainPhase(TestSuiteExecutor.java:169)&#xD;
	at com.kms.katalon.core.main.TestSuiteExecutor.accessTestSuiteMainPhase(TestSuiteExecutor.java:142)&#xD;
	at com.kms.katalon.core.main.TestSuiteExecutor.execute(TestSuiteExecutor.java:91)&#xD;
	at com.kms.katalon.core.main.TestCaseMain.startTestSuite(TestCaseMain.java:157)&#xD;
	at com.kms.katalon.core.main.TestCaseMain$startTestSuite$0.call(Unknown Source)&#xD;
	at TempTestSuite1570615409622.run(TempTestSuite1570615409622.groovy:35)&#xD;
)&#xD;
	at com.kms.katalon.core.keyword.internal.KeywordMain.stepFailed(KeywordMain.groovy:39)&#xD;
	at com.kms.katalon.core.keyword.internal.KeywordMain.stepFailed(KeywordMain.groovy)&#xD;
	at com.kms.katalon.core.keyword.internal.KeywordMain.runKeyword(KeywordMain.groovy:70)&#xD;
	at com.kms.katalon.core.keyword.builtin.VerifyMatchKeyword.verifyMatch(VerifyMatchKeyword.groovy:60)&#xD;
	at com.kms.katalon.core.keyword.builtin.VerifyMatchKeyword.execute(VerifyMatchKeyword.groovy:45)&#xD;
	at com.kms.katalon.core.keyword.internal.KeywordExecutor.executeKeywordForPlatform(KeywordExecutor.groovy:56)&#xD;
	at com.kms.katalon.core.keyword.BuiltinKeywords.verifyMatch(BuiltinKeywords.groovy:73)&#xD;
	at S10 Campaign.run(S10 Campaign:27)&#xD;
	at com.kms.katalon.core.main.ScriptEngine.run(ScriptEngine.java:194)&#xD;
	at com.kms.katalon.core.main.ScriptEngine.runScriptAsRawText(ScriptEngine.java:119)&#xD;
	at com.kms.katalon.core.main.TestCaseExecutor.runScript(TestCaseExecutor.java:337)&#xD;
	at com.kms.katalon.core.main.TestCaseExecutor.doExecute(TestCaseExecutor.java:328)&#xD;
	at com.kms.katalon.core.main.TestCaseExecutor.processExecutionPhase(TestCaseExecutor.java:307)&#xD;
	at com.kms.katalon.core.main.TestCaseExecutor.accessMainPhase(TestCaseExecutor.java:299)&#xD;
	at com.kms.katalon.core.main.TestCaseExecutor.execute(TestCaseExecutor.java:233)&#xD;
	at com.kms.katalon.core.main.TestSuiteExecutor.accessTestCaseMainPhase(TestSuiteExecutor.java:169)&#xD;
	at com.kms.katalon.core.main.TestSuiteExecutor.accessTestSuiteMainPhase(TestSuiteExecutor.java:142)&#xD;
	at com.kms.katalon.core.main.TestSuiteExecutor.execute(TestSuiteExecutor.java:91)&#xD;
	at com.kms.katalon.core.main.TestCaseMain.startTestSuite(TestCaseMain.java:157)&#xD;
	at com.kms.katalon.core.main.TestCaseMain$startTestSuite$0.call(Unknown Source)&#xD;
	at TempTestSuite1570615409622.run(TempTestSuite1570615409622.groovy:35)&#xD;
Caused by: com.kms.katalon.core.exception.StepFailedException: Actual text 'https://samsung-adzu4-staging.codeworldwide.com/#page/Assets?TagsID=5e861b2e-476e-47a7-8da6-1f8eaac0545d&amp;CampaignID=51a8da8e-2afa-4c47-ae26-e14f01ff5e7c&amp;CampaignText=S10%20Test%20Campaign' and expected text 'https://samsung-adzu4-https://samsung-adzu4-staging.codeworldwide.com/#page/Assets?TagsID=5e861b2e-476e-47a7-8da6-1f8eaac0545d&amp;CampaignID=51a8da8e-2afa-4c47-ae26-e14f01ff5e7c&amp;CampaignText=S10%20Test%20Campaign' are not matched&#xD;
	at com.kms.katalon.core.keyword.builtin.VerifyMatchKeyword$_verifyMatch_closure1.doCall(VerifyMatchKeyword.groovy:57)&#xD;
	at com.kms.katalon.core.keyword.builtin.VerifyMatchKeyword$_verifyMatch_closure1.call(VerifyMatchKeyword.groovy)&#xD;
	at com.kms.katalon.core.keyword.internal.KeywordMain.runKeyword(KeywordMain.groovy:68)&#xD;
	... 18 more&#xD;
&#xD;
&#xD;
2019-10-09 11:03:50 - [TEST_STEP][PASSED] - navigateToUrl("https://samsung-adzu4-staging.codeworldwide.com/#"): Navigate to 'https://samsung-adzu4-staging.codeworldwide.com/#' successfully&#xD;
&#xD;
2019-10-09 11:03:51 - [MESSAGE][PASSED] - Navigate to 'https://samsung-adzu4-staging.codeworldwide.com/#' successfully&#xD;
&#xD;
2019-10-09 11:03:51 - [TEST_STEP][PASSED] - waitForPageLoad(1): Wait for page load successfully&#xD;
&#xD;
2019-10-09 11:03:52 - [MESSAGE][PASSED] - Wait for page load successfully&#xD;
&#xD;
2019-10-09 11:03:52 - [TEST_STEP][PASSED] - click(findTestObject("Home Page/Homa Page Tiles/Campaigns/a_S10")): Object: 'Object Repository/Home Page/Homa Page Tiles/Campaigns/a_S10' is clicked on&#xD;
&#xD;
2019-10-09 11:03:54 - [MESSAGE][PASSED] - Object: 'Object Repository/Home Page/Homa Page Tiles/Campaigns/a_S10' is clicked on&#xD;
&#xD;
2019-10-09 11:03:54 - [TEST_STEP][PASSED] - click(findTestObject("Home Page/Homa Page Tiles/Campaigns/Page_Samsung Marketing Cloud/a_Guidelines")): Object: 'Object Repository/Home Page/Homa Page Tiles/Campaigns/Page_Samsung Marketing Cloud/a_Guidelines' is clicked on&#xD;
&#xD;
2019-10-09 11:03:56 - [MESSAGE][PASSED] - Object: 'Object Repository/Home Page/Homa Page Tiles/Campaigns/Page_Samsung Marketing Cloud/a_Guidelines' is clicked on&#xD;
&#xD;
2019-10-09 11:03:56 - [TEST_STEP][PASSED] - url = getUrl(): Current window's url is: 'https://samsung-adzu4-staging.codeworldwide.com/#page/Assets?TagsID=5e861b2e-476e-47a7-8da6-1f8eaac0545d&amp;CampaignID=51a8da8e-2afa-4c47-ae26-e14f01ff5e7c&amp;CampaignText=S10%20Test%20Campaign'&#xD;
&#xD;
2019-10-09 11:03:57 - [MESSAGE][PASSED] - Current window's url is: 'https://samsung-adzu4-staging.codeworldwide.com/#page/Assets?TagsID=5e861b2e-476e-47a7-8da6-1f8eaac0545d&amp;CampaignID=51a8da8e-2afa-4c47-ae26-e14f01ff5e7c&amp;CampaignText=S10%20Test%20Campaign'&#xD;
&#xD;
2019-10-09 11:03:57 - [TEST_STEP][FAILED] - verifyMatch(url, "https://samsung-adzu4-https://samsung-adzu4-staging.codeworldwide.com/#page/Assets?TagsID=5e861b2e-476e-47a7-8da6-1f8eaac0545d&amp;CampaignID=51a8da8e-2afa-4c47-ae26-e14f01ff5e7c&amp;CampaignText=S10%20Test%20Campaign", false): Unable to verify match between actual text 'https://samsung-adzu4-staging.codeworldwide.com/#page/Assets?TagsID=5e861b2e-476e-47a7-8da6-1f8eaac0545d&amp;CampaignID=51a8da8e-2afa-4c47-ae26-e14f01ff5e7c&amp;CampaignText=S10%20Test%20Campaign' and expected text 'https://samsung-adzu4-https://samsung-adzu4-staging.codeworldwide.com/#page/Assets?TagsID=5e861b2e-476e-47a7-8da6-1f8eaac0545d&amp;CampaignID=51a8da8e-2afa-4c47-ae26-e14f01ff5e7c&amp;CampaignText=S10%20Test%20Campaign' (Root cause: com.kms.katalon.core.exception.StepFailedException: Actual text 'https://samsung-adzu4-staging.codeworldwide.com/#page/Assets?TagsID=5e861b2e-476e-47a7-8da6-1f8eaac0545d&amp;CampaignID=51a8da8e-2afa-4c47-ae26-e14f01ff5e7c&amp;CampaignText=S10%20Test%20Campaign' and expected text 'https://samsung-adzu4-https://samsung-adzu4-staging.codeworldwide.com/#page/Assets?TagsID=5e861b2e-476e-47a7-8da6-1f8eaac0545d&amp;CampaignID=51a8da8e-2afa-4c47-ae26-e14f01ff5e7c&amp;CampaignText=S10%20Test%20Campaign' are not matched&#xD;
	at com.kms.katalon.core.keyword.builtin.VerifyMatchKeyword$_verifyMatch_closure1.doCall(VerifyMatchKeyword.groovy:57)&#xD;
	at com.kms.katalon.core.keyword.builtin.VerifyMatchKeyword$_verifyMatch_closure1.call(VerifyMatchKeyword.groovy)&#xD;
	at com.kms.katalon.core.keyword.internal.KeywordMain.runKeyword(KeywordMain.groovy:68)&#xD;
	at com.kms.katalon.core.keyword.builtin.VerifyMatchKeyword.verifyMatch(VerifyMatchKeyword.groovy:60)&#xD;
	at com.kms.katalon.core.keyword.builtin.VerifyMatchKeyword.execute(VerifyMatchKeyword.groovy:45)&#xD;
	at com.kms.katalon.core.keyword.internal.KeywordExecutor.executeKeywordForPlatform(KeywordExecutor.groovy:56)&#xD;
	at com.kms.katalon.core.keyword.BuiltinKeywords.verifyMatch(BuiltinKeywords.groovy:73)&#xD;
	at S10 Campaign.run(S10 Campaign:27)&#xD;
	at com.kms.katalon.core.main.ScriptEngine.run(ScriptEngine.java:194)&#xD;
	at com.kms.katalon.core.main.ScriptEngine.runScriptAsRawText(ScriptEngine.java:119)&#xD;
	at com.kms.katalon.core.main.TestCaseExecutor.runScript(TestCaseExecutor.java:337)&#xD;
	at com.kms.katalon.core.main.TestCaseExecutor.doExecute(TestCaseExecutor.java:328)&#xD;
	at com.kms.katalon.core.main.TestCaseExecutor.processExecutionPhase(TestCaseExecutor.java:307)&#xD;
	at com.kms.katalon.core.main.TestCaseExecutor.accessMainPhase(TestCaseExecutor.java:299)&#xD;
	at com.kms.katalon.core.main.TestCaseExecutor.execute(TestCaseExecutor.java:233)&#xD;
	at com.kms.katalon.core.main.TestSuiteExecutor.accessTestCaseMainPhase(TestSuiteExecutor.java:169)&#xD;
	at com.kms.katalon.core.main.TestSuiteExecutor.accessTestSuiteMainPhase(TestSuiteExecutor.java:142)&#xD;
	at com.kms.katalon.core.main.TestSuiteExecutor.execute(TestSuiteExecutor.java:91)&#xD;
	at com.kms.katalon.core.main.TestCaseMain.startTestSuite(TestCaseMain.java:157)&#xD;
	at com.kms.katalon.core.main.TestCaseMain$startTestSuite$0.call(Unknown Source)&#xD;
	at TempTestSuite1570615409622.run(TempTestSuite1570615409622.groovy:35)&#xD;
)&#xD;
&#xD;
2019-10-09 11:03:57 - [MESSAGE][FAILED] - Unable to verify match between actual text 'https://samsung-adzu4-staging.codeworldwide.com/#page/Assets?TagsID=5e861b2e-476e-47a7-8da6-1f8eaac0545d&amp;CampaignID=51a8da8e-2afa-4c47-ae26-e14f01ff5e7c&amp;CampaignText=S10%20Test%20Campaign' and expected text 'https://samsung-adzu4-https://samsung-adzu4-staging.codeworldwide.com/#page/Assets?TagsID=5e861b2e-476e-47a7-8da6-1f8eaac0545d&amp;CampaignID=51a8da8e-2afa-4c47-ae26-e14f01ff5e7c&amp;CampaignText=S10%20Test%20Campaign' (Root cause: com.kms.katalon.core.exception.StepFailedException: Actual text 'https://samsung-adzu4-staging.codeworldwide.com/#page/Assets?TagsID=5e861b2e-476e-47a7-8da6-1f8eaac0545d&amp;CampaignID=51a8da8e-2afa-4c47-ae26-e14f01ff5e7c&amp;CampaignText=S10%20Test%20Campaign' and expected text 'https://samsung-adzu4-https://samsung-adzu4-staging.codeworldwide.com/#page/Assets?TagsID=5e861b2e-476e-47a7-8da6-1f8eaac0545d&amp;CampaignID=51a8da8e-2afa-4c47-ae26-e14f01ff5e7c&amp;CampaignText=S10%20Test%20Campaign' are not matched&#xD;
	at com.kms.katalon.core.keyword.builtin.VerifyMatchKeyword$_verifyMatch_closure1.doCall(VerifyMatchKeyword.groovy:57)&#xD;
	at com.kms.katalon.core.keyword.builtin.VerifyMatchKeyword$_verifyMatch_closure1.call(VerifyMatchKeyword.groovy)&#xD;
	at com.kms.katalon.core.keyword.internal.KeywordMain.runKeyword(KeywordMain.groovy:68)&#xD;
	at com.kms.katalon.core.keyword.builtin.VerifyMatchKeyword.verifyMatch(VerifyMatchKeyword.groovy:60)&#xD;
	at com.kms.katalon.core.keyword.builtin.VerifyMatchKeyword.execute(VerifyMatchKeyword.groovy:45)&#xD;
	at com.kms.katalon.core.keyword.internal.KeywordExecutor.executeKeywordForPlatform(KeywordExecutor.groovy:56)&#xD;
	at com.kms.katalon.core.keyword.BuiltinKeywords.verifyMatch(BuiltinKeywords.groovy:73)&#xD;
	at S10 Campaign.run(S10 Campaign:27)&#xD;
	at com.kms.katalon.core.main.ScriptEngine.run(ScriptEngine.java:194)&#xD;
	at com.kms.katalon.core.main.ScriptEngine.runScriptAsRawText(ScriptEngine.java:119)&#xD;
	at com.kms.katalon.core.main.TestCaseExecutor.runScript(TestCaseExecutor.java:337)&#xD;
	at com.kms.katalon.core.main.TestCaseExecutor.doExecute(TestCaseExecutor.java:328)&#xD;
	at com.kms.katalon.core.main.TestCaseExecutor.processExecutionPhase(TestCaseExecutor.java:307)&#xD;
	at com.kms.katalon.core.main.TestCaseExecutor.accessMainPhase(TestCaseExecutor.java:299)&#xD;
	at com.kms.katalon.core.main.TestCaseExecutor.execute(TestCaseExecutor.java:233)&#xD;
	at com.kms.katalon.core.main.TestSuiteExecutor.accessTestCaseMainPhase(TestSuiteExecutor.java:169)&#xD;
	at com.kms.katalon.core.main.TestSuiteExecutor.accessTestSuiteMainPhase(TestSuiteExecutor.java:142)&#xD;
	at com.kms.katalon.core.main.TestSuiteExecutor.execute(TestSuiteExecutor.java:91)&#xD;
	at com.kms.katalon.core.main.TestCaseMain.startTestSuite(TestCaseMain.java:157)&#xD;
	at com.kms.katalon.core.main.TestCaseMain$startTestSuite$0.call(Unknown Source)&#xD;
	at TempTestSuite1570615409622.run(TempTestSuite1570615409622.groovy:35)&#xD;
)</system-out>
            <system-err>2019-10-09 11:03:50 - [TEST_CASE][FAILED] - Test Cases/Home Page/Campaigns/S10 Campaign: Test Cases/Home Page/Campaigns/S10 Campaign FAILED.
Reason:
com.kms.katalon.core.exception.StepFailedException: Unable to verify match between actual text 'https://samsung-adzu4-staging.codeworldwide.com/#page/Assets?TagsID=5e861b2e-476e-47a7-8da6-1f8eaac0545d&amp;CampaignID=51a8da8e-2afa-4c47-ae26-e14f01ff5e7c&amp;CampaignText=S10%20Test%20Campaign' and expected text 'https://samsung-adzu4-https://samsung-adzu4-staging.codeworldwide.com/#page/Assets?TagsID=5e861b2e-476e-47a7-8da6-1f8eaac0545d&amp;CampaignID=51a8da8e-2afa-4c47-ae26-e14f01ff5e7c&amp;CampaignText=S10%20Test%20Campaign' (Root cause: com.kms.katalon.core.exception.StepFailedException: Actual text 'https://samsung-adzu4-staging.codeworldwide.com/#page/Assets?TagsID=5e861b2e-476e-47a7-8da6-1f8eaac0545d&amp;CampaignID=51a8da8e-2afa-4c47-ae26-e14f01ff5e7c&amp;CampaignText=S10%20Test%20Campaign' and expected text 'https://samsung-adzu4-https://samsung-adzu4-staging.codeworldwide.com/#page/Assets?TagsID=5e861b2e-476e-47a7-8da6-1f8eaac0545d&amp;CampaignID=51a8da8e-2afa-4c47-ae26-e14f01ff5e7c&amp;CampaignText=S10%20Test%20Campaign' are not matched&#xD;
	at com.kms.katalon.core.keyword.builtin.VerifyMatchKeyword$_verifyMatch_closure1.doCall(VerifyMatchKeyword.groovy:57)&#xD;
	at com.kms.katalon.core.keyword.builtin.VerifyMatchKeyword$_verifyMatch_closure1.call(VerifyMatchKeyword.groovy)&#xD;
	at com.kms.katalon.core.keyword.internal.KeywordMain.runKeyword(KeywordMain.groovy:68)&#xD;
	at com.kms.katalon.core.keyword.builtin.VerifyMatchKeyword.verifyMatch(VerifyMatchKeyword.groovy:60)&#xD;
	at com.kms.katalon.core.keyword.builtin.VerifyMatchKeyword.execute(VerifyMatchKeyword.groovy:45)&#xD;
	at com.kms.katalon.core.keyword.internal.KeywordExecutor.executeKeywordForPlatform(KeywordExecutor.groovy:56)&#xD;
	at com.kms.katalon.core.keyword.BuiltinKeywords.verifyMatch(BuiltinKeywords.groovy:73)&#xD;
	at S10 Campaign.run(S10 Campaign:27)&#xD;
	at com.kms.katalon.core.main.ScriptEngine.run(ScriptEngine.java:194)&#xD;
	at com.kms.katalon.core.main.ScriptEngine.runScriptAsRawText(ScriptEngine.java:119)&#xD;
	at com.kms.katalon.core.main.TestCaseExecutor.runScript(TestCaseExecutor.java:337)&#xD;
	at com.kms.katalon.core.main.TestCaseExecutor.doExecute(TestCaseExecutor.java:328)&#xD;
	at com.kms.katalon.core.main.TestCaseExecutor.processExecutionPhase(TestCaseExecutor.java:307)&#xD;
	at com.kms.katalon.core.main.TestCaseExecutor.accessMainPhase(TestCaseExecutor.java:299)&#xD;
	at com.kms.katalon.core.main.TestCaseExecutor.execute(TestCaseExecutor.java:233)&#xD;
	at com.kms.katalon.core.main.TestSuiteExecutor.accessTestCaseMainPhase(TestSuiteExecutor.java:169)&#xD;
	at com.kms.katalon.core.main.TestSuiteExecutor.accessTestSuiteMainPhase(TestSuiteExecutor.java:142)&#xD;
	at com.kms.katalon.core.main.TestSuiteExecutor.execute(TestSuiteExecutor.java:91)&#xD;
	at com.kms.katalon.core.main.TestCaseMain.startTestSuite(TestCaseMain.java:157)&#xD;
	at com.kms.katalon.core.main.TestCaseMain$startTestSuite$0.call(Unknown Source)&#xD;
	at TempTestSuite1570615409622.run(TempTestSuite1570615409622.groovy:35)&#xD;
)&#xD;
	at com.kms.katalon.core.keyword.internal.KeywordMain.stepFailed(KeywordMain.groovy:39)&#xD;
	at com.kms.katalon.core.keyword.internal.KeywordMain.stepFailed(KeywordMain.groovy)&#xD;
	at com.kms.katalon.core.keyword.internal.KeywordMain.runKeyword(KeywordMain.groovy:70)&#xD;
	at com.kms.katalon.core.keyword.builtin.VerifyMatchKeyword.verifyMatch(VerifyMatchKeyword.groovy:60)&#xD;
	at com.kms.katalon.core.keyword.builtin.VerifyMatchKeyword.execute(VerifyMatchKeyword.groovy:45)&#xD;
	at com.kms.katalon.core.keyword.internal.KeywordExecutor.executeKeywordForPlatform(KeywordExecutor.groovy:56)&#xD;
	at com.kms.katalon.core.keyword.BuiltinKeywords.verifyMatch(BuiltinKeywords.groovy:73)&#xD;
	at S10 Campaign.run(S10 Campaign:27)&#xD;
	at com.kms.katalon.core.main.ScriptEngine.run(ScriptEngine.java:194)&#xD;
	at com.kms.katalon.core.main.ScriptEngine.runScriptAsRawText(ScriptEngine.java:119)&#xD;
	at com.kms.katalon.core.main.TestCaseExecutor.runScript(TestCaseExecutor.java:337)&#xD;
	at com.kms.katalon.core.main.TestCaseExecutor.doExecute(TestCaseExecutor.java:328)&#xD;
	at com.kms.katalon.core.main.TestCaseExecutor.processExecutionPhase(TestCaseExecutor.java:307)&#xD;
	at com.kms.katalon.core.main.TestCaseExecutor.accessMainPhase(TestCaseExecutor.java:299)&#xD;
	at com.kms.katalon.core.main.TestCaseExecutor.execute(TestCaseExecutor.java:233)&#xD;
	at com.kms.katalon.core.main.TestSuiteExecutor.accessTestCaseMainPhase(TestSuiteExecutor.java:169)&#xD;
	at com.kms.katalon.core.main.TestSuiteExecutor.accessTestSuiteMainPhase(TestSuiteExecutor.java:142)&#xD;
	at com.kms.katalon.core.main.TestSuiteExecutor.execute(TestSuiteExecutor.java:91)&#xD;
	at com.kms.katalon.core.main.TestCaseMain.startTestSuite(TestCaseMain.java:157)&#xD;
	at com.kms.katalon.core.main.TestCaseMain$startTestSuite$0.call(Unknown Source)&#xD;
	at TempTestSuite1570615409622.run(TempTestSuite1570615409622.groovy:35)&#xD;
Caused by: com.kms.katalon.core.exception.StepFailedException: Actual text 'https://samsung-adzu4-staging.codeworldwide.com/#page/Assets?TagsID=5e861b2e-476e-47a7-8da6-1f8eaac0545d&amp;CampaignID=51a8da8e-2afa-4c47-ae26-e14f01ff5e7c&amp;CampaignText=S10%20Test%20Campaign' and expected text 'https://samsung-adzu4-https://samsung-adzu4-staging.codeworldwide.com/#page/Assets?TagsID=5e861b2e-476e-47a7-8da6-1f8eaac0545d&amp;CampaignID=51a8da8e-2afa-4c47-ae26-e14f01ff5e7c&amp;CampaignText=S10%20Test%20Campaign' are not matched&#xD;
	at com.kms.katalon.core.keyword.builtin.VerifyMatchKeyword$_verifyMatch_closure1.doCall(VerifyMatchKeyword.groovy:57)&#xD;
	at com.kms.katalon.core.keyword.builtin.VerifyMatchKeyword$_verifyMatch_closure1.call(VerifyMatchKeyword.groovy)&#xD;
	at com.kms.katalon.core.keyword.internal.KeywordMain.runKeyword(KeywordMain.groovy:68)&#xD;
	... 18 more</system-err>
        </testcase>
        <system-out>2019-10-09 11:03:31 - [TEST_SUITE][INCOMPLETE] - Campaign: null</system-out>
        <system-err>2019-10-09 11:03:31 - [TEST_SUITE][INCOMPLETE] - Campaign: null</system-err>
    </testsuite>
</testsuites>
