<?xml version="1.0" encoding="UTF-8" standalone="yes"?>
<testsuites name="Forgot Password" time="63" tests="3" failures="0" errors="0">
    <testsuite name="Forgot Password" tests="3" failures="0" errors="0" time="63" timestamp="2019-09-18 13:34:31" hostname="gansat - NOTEEG-12802.nexus.local" id="Test Suites/Translation/German/Forgot Password">
        <properties>
            <property name="deviceName" value=""/>
            <property name="devicePlatform" value=""/>
            <property name="logFolder" value="C:\\Adzu UAT\\Adzu\\Adzu\\Reports\\20190918_133427\\Translation\\German\\Forgot Password\\20190918_133427"/>
            <property name="logFiles" value="C:\\Adzu UAT\\Adzu\\Adzu\\Reports\\20190918_133427\\Translation\\German\\Forgot Password\\20190918_133427\\execution0.log, C:\\Adzu UAT\\Adzu\\Adzu\\Reports\\20190918_133427\\Translation\\German\\Forgot Password\\20190918_133427\\IEDriverServer.log"/>
            <property name="attachments" value=""/>
            <property name="hostName" value="gansat - NOTEEG-12802.nexus.local"/>
            <property name="os" value="Windows 10 64bit"/>
            <property name="katalonVersion" value="6.3.3.11"/>
            <property name="browser" value="IE 11"/>
            <property name="hostAddress" value="10.142.156.106"/>
            <property name="sessionId" value="d732ad09-777f-4735-b302-c82bdc411783"/>
            <property name="seleniumVersion" value="3.141.59"/>
            <property name="proxyInformation" value="ProxyInformation{proxyOption=NO_PROXY, proxyServerType=HTTP, password=, proxyServerAddress=, proxyServerPort=0}"/>
            <property name="platform" value="Windows 10"/>
        </properties>
        <testcase name="Test Cases/Login and Logout - Notifications/Login" classname="Test Cases/Login and Logout - Notifications/Login" status="PASSED">
            <system-out>2019-09-18 13:34:32 - [TEST_CASE][PASSED] - Test Cases/Login and Logout - Notifications/Login: Test Cases/Login and Logout - Notifications/Login&#xD;
&#xD;
2019-09-18 13:34:33 - [TEST_STEP][PASSED] - openBrowser(""): Browser is opened with url: ''&#xD;
&#xD;
2019-09-18 13:34:34 - [MESSAGE][INFO] - Starting 'IE' driver&#xD;
&#xD;
2019-09-18 13:34:34 - [MESSAGE][INFO] - User set preference: ['ignoreProtectedModeSettings', 'true']&#xD;
&#xD;
2019-09-18 13:34:34 - [MESSAGE][INFO] - Action delay is set to 0 seconds&#xD;
&#xD;
2019-09-18 13:34:40 - [MESSAGE][PASSED] - Browser is opened with url: ''&#xD;
&#xD;
2019-09-18 13:34:40 - [TEST_STEP][PASSED] - navigateToUrl("https://samsung-adzu4-staging.codeworldwide.com/#"): Navigate to 'https://samsung-adzu4-staging.codeworldwide.com/#' successfully&#xD;
&#xD;
2019-09-18 13:34:42 - [MESSAGE][PASSED] - Navigate to 'https://samsung-adzu4-staging.codeworldwide.com/#' successfully&#xD;
&#xD;
2019-09-18 13:34:42 - [TEST_STEP][PASSED] - setText(findTestObject("Object Repository/Login/Page_Samsung Marketing Cloud/Username_Text"), "satinder.gandhi@codeworldwide.com"): Text 'satinder.gandhi@codeworldwide.com' is set on object 'Object Repository/Login/Page_Samsung Marketing Cloud/Username_Text'&#xD;
&#xD;
2019-09-18 13:34:49 - [MESSAGE][PASSED] - Text 'satinder.gandhi@codeworldwide.com' is set on object 'Object Repository/Login/Page_Samsung Marketing Cloud/Username_Text'&#xD;
&#xD;
2019-09-18 13:34:49 - [TEST_STEP][PASSED] - setEncryptedText(findTestObject("Object Repository/Login/Page_Samsung Marketing Cloud/Password_text"), "yfq/9fVkW5+QvfzWq38qvg=="): Text ****** has been set on object 'Object Repository/Login/Page_Samsung Marketing Cloud/Password_text'&#xD;
&#xD;
2019-09-18 13:34:50 - [MESSAGE][PASSED] - Text ****** has been set on object 'Object Repository/Login/Page_Samsung Marketing Cloud/Password_text'&#xD;
&#xD;
2019-09-18 13:34:50 - [TEST_STEP][PASSED] - click(findTestObject("Object Repository/Login/Page_Samsung Marketing Cloud/button_Login")): Object: 'Object Repository/Login/Page_Samsung Marketing Cloud/button_Login' is clicked on&#xD;
&#xD;
2019-09-18 13:34:53 - [MESSAGE][PASSED] - Object: 'Object Repository/Login/Page_Samsung Marketing Cloud/button_Login' is clicked on&#xD;
&#xD;
2019-09-18 13:34:53 - [TEST_STEP][PASSED] - maximizeWindow(): Current window maximized&#xD;
&#xD;
2019-09-18 13:34:54 - [MESSAGE][PASSED] - Current window maximized</system-out>
            <system-err></system-err>
        </testcase>
        <testcase name="Test Cases/Translation/Select Langauge - German" classname="Test Cases/Translation/Select Langauge - German" status="PASSED">
            <system-out>2019-09-18 13:34:56 - [TEST_CASE][PASSED] - Test Cases/Translation/Select Langauge - German: Test Cases/Translation/Select Langauge - German&#xD;
&#xD;
2019-09-18 13:34:57 - [TEST_STEP][PASSED] - click(findTestObject("Logout/Page_Samsung Marketing Cloud/span_gandhi")): Object: 'Object Repository/Logout/Page_Samsung Marketing Cloud/span_gandhi' is clicked on&#xD;
&#xD;
2019-09-18 13:35:01 - [MESSAGE][PASSED] - Object: 'Object Repository/Logout/Page_Samsung Marketing Cloud/span_gandhi' is clicked on&#xD;
&#xD;
2019-09-18 13:35:01 - [TEST_STEP][PASSED] - click(findTestObject("Globalization/Page_Samsung Marketing Cloud/a_Globalisation Info")): Object: 'Object Repository/Globalization/Page_Samsung Marketing Cloud/a_Globalisation Info' is clicked on&#xD;
&#xD;
2019-09-18 13:35:03 - [MESSAGE][PASSED] - Object: 'Object Repository/Globalization/Page_Samsung Marketing Cloud/a_Globalisation Info' is clicked on&#xD;
&#xD;
2019-09-18 13:35:03 - [TEST_STEP][PASSED] - click(findTestObject("Globalization/Page_Samsung Marketing Cloud/Culture _Dropdown")): Object: 'Object Repository/Globalization/Page_Samsung Marketing Cloud/Culture _Dropdown' is clicked on&#xD;
&#xD;
2019-09-18 13:35:05 - [MESSAGE][PASSED] - Object: 'Object Repository/Globalization/Page_Samsung Marketing Cloud/Culture _Dropdown' is clicked on&#xD;
&#xD;
2019-09-18 13:35:05 - [TEST_STEP][PASSED] - delay(1): Delayed 1 second(s)&#xD;
&#xD;
2019-09-18 13:35:06 - [MESSAGE][PASSED] - Delayed 1 second(s)&#xD;
&#xD;
2019-09-18 13:35:06 - [TEST_STEP][PASSED] - setText(findTestObject("Globalization/Page_Samsung Marketing Cloud/Culture_ddText"), "German"): Text 'German' is set on object 'Object Repository/Globalization/Page_Samsung Marketing Cloud/Culture_ddText'&#xD;
&#xD;
2019-09-18 13:35:08 - [MESSAGE][PASSED] - Text 'German' is set on object 'Object Repository/Globalization/Page_Samsung Marketing Cloud/Culture_ddText'&#xD;
&#xD;
2019-09-18 13:35:08 - [TEST_STEP][PASSED] - click(findTestObject("Globalization/Page_Samsung Marketing Cloud/div_German (Germany)")): Object: 'Object Repository/Globalization/Page_Samsung Marketing Cloud/div_German (Germany)' is clicked on&#xD;
&#xD;
2019-09-18 13:35:10 - [MESSAGE][PASSED] - Object: 'Object Repository/Globalization/Page_Samsung Marketing Cloud/div_German (Germany)' is clicked on&#xD;
&#xD;
2019-09-18 13:35:10 - [TEST_STEP][PASSED] - click(findTestObject("Globalization/Page_Samsung Marketing Cloud/Page_Base/button_Save")): Object: 'Object Repository/Globalization/Page_Samsung Marketing Cloud/Page_Base/button_Save' is clicked on&#xD;
&#xD;
2019-09-18 13:35:12 - [MESSAGE][PASSED] - Object: 'Object Repository/Globalization/Page_Samsung Marketing Cloud/Page_Base/button_Save' is clicked on</system-out>
            <system-err></system-err>
        </testcase>
        <testcase name="Test Cases/Translation/Forgot Password - German" classname="Test Cases/Translation/Forgot Password - German" status="PASSED">
            <system-out>2019-09-18 13:35:14 - [TEST_CASE][PASSED] - Test Cases/Translation/Forgot Password - German: Test Cases/Translation/Forgot Password - German&#xD;
&#xD;
2019-09-18 13:35:15 - [TEST_STEP][PASSED] - openBrowser(""): Browser is opened with url: ''&#xD;
&#xD;
2019-09-18 13:35:15 - [MESSAGE][WARNING] - A browser is already opened. Closing browser and opening a new one&#xD;
&#xD;
2019-09-18 13:35:17 - [MESSAGE][INFO] - Starting 'IE' driver&#xD;
&#xD;
2019-09-18 13:35:17 - [MESSAGE][INFO] - User set preference: ['ignoreProtectedModeSettings', 'true']&#xD;
&#xD;
2019-09-18 13:35:22 - [MESSAGE][PASSED] - Browser is opened with url: ''&#xD;
&#xD;
2019-09-18 13:35:22 - [TEST_STEP][PASSED] - navigateToUrl("https://samsung-adzu4-staging.codeworldwide.com/#"): Navigate to 'https://samsung-adzu4-staging.codeworldwide.com/#' successfully&#xD;
&#xD;
2019-09-18 13:35:24 - [MESSAGE][PASSED] - Navigate to 'https://samsung-adzu4-staging.codeworldwide.com/#' successfully&#xD;
&#xD;
2019-09-18 13:35:24 - [TEST_STEP][PASSED] - click(findTestObject("Object Repository/Login/Page_Samsung Marketing Cloud/Forgot password")): Object: 'Object Repository/Login/Page_Samsung Marketing Cloud/Forgot password' is clicked on&#xD;
&#xD;
2019-09-18 13:35:31 - [MESSAGE][PASSED] - Object: 'Object Repository/Login/Page_Samsung Marketing Cloud/Forgot password' is clicked on&#xD;
&#xD;
2019-09-18 13:35:31 - [TEST_STEP][PASSED] - kms.turing.katalon.plugins.visualtesting.ScreenCapture.takeScreenshot("c:\Adzu\Screenshot\ForgotPassword_actual.png", CONTINUE_ON_FAILURE): kms.turing.katalon.plugins.visualtesting.ScreenCapture.takeScreenshot is PASSED&#xD;
&#xD;
2019-09-18 13:35:32 - [MESSAGE][PASSED] - kms.turing.katalon.plugins.visualtesting.ScreenCapture.takeScreenshot is PASSED&#xD;
&#xD;
2019-09-18 13:35:32 - [TEST_STEP][PASSED] - kms.turing.katalon.plugins.visualtesting.ImageComparison.areMatched("C:\Adzu\Screenshot\ForgotPassword_expected.png", "C:\Adzu\Screenshot\ForgotPassword_actual.png", CONTINUE_ON_FAILURE): kms.turing.katalon.plugins.visualtesting.ImageComparison.areMatched is PASSED&#xD;
&#xD;
2019-09-18 13:35:32 - [MESSAGE][INFO] - Verify the image at location: C:\Adzu\Screenshot\ForgotPassword_expected.png is matched to the other image at: C:\Adzu\Screenshot\ForgotPassword_actual.png&#xD;
&#xD;
2019-09-18 13:35:32 - [MESSAGE][PASSED] - kms.turing.katalon.plugins.visualtesting.ImageComparison.areMatched is PASSED&#xD;
&#xD;
2019-09-18 13:35:32 - [TEST_STEP][PASSED] - closeBrowser(): Browser is closed&#xD;
&#xD;
2019-09-18 13:35:33 - [MESSAGE][PASSED] - Browser is closed</system-out>
            <system-err></system-err>
        </testcase>
        <system-out>2019-09-18 13:34:31 - [TEST_SUITE][INCOMPLETE] - Forgot Password: null</system-out>
        <system-err>2019-09-18 13:34:31 - [TEST_SUITE][INCOMPLETE] - Forgot Password: null</system-err>
    </testsuite>
</testsuites>
