<?xml version="1.0" encoding="UTF-8" standalone="yes"?>
<testsuites name="Quick Link" time="54" tests="4" failures="0" errors="1">
    <testsuite name="Quick Link" tests="4" failures="0" errors="1" time="54" timestamp="2019-09-18 11:05:14" hostname="gansat - NOTEEG-12802.nexus.local" id="Test Suites/Home Page/Quick Link">
        <properties>
            <property name="deviceName" value=""/>
            <property name="devicePlatform" value=""/>
            <property name="logFolder" value="C:\\Adzu UAT\\Adzu\\Adzu\\Reports\\20190918_110510\\Home Page\\Quick Link\\20190918_110510"/>
            <property name="logFiles" value="C:\\Adzu UAT\\Adzu\\Adzu\\Reports\\20190918_110510\\Home Page\\Quick Link\\20190918_110510\\execution0.log, C:\\Adzu UAT\\Adzu\\Adzu\\Reports\\20190918_110510\\Home Page\\Quick Link\\20190918_110510\\IEDriverServer.log"/>
            <property name="attachments" value=""/>
            <property name="hostName" value="gansat - NOTEEG-12802.nexus.local"/>
            <property name="os" value="Windows 10 64bit"/>
            <property name="katalonVersion" value="6.3.3.11"/>
            <property name="browser" value="IE 11"/>
            <property name="hostAddress" value="10.142.156.106"/>
            <property name="sessionId" value="8b833d81-b4fe-402f-97f3-5a08f13de6d1"/>
            <property name="seleniumVersion" value="3.141.59"/>
            <property name="proxyInformation" value="ProxyInformation{proxyOption=NO_PROXY, proxyServerType=HTTP, password=, proxyServerAddress=, proxyServerPort=0}"/>
            <property name="platform" value="Windows 10"/>
        </properties>
        <testcase name="Test Cases/Login and Logout - Notifications/Login" classname="Test Cases/Login and Logout - Notifications/Login" status="PASSED">
            <system-out>2019-09-18 11:05:15 - [TEST_CASE][PASSED] - Test Cases/Login and Logout - Notifications/Login: Test Cases/Login and Logout - Notifications/Login&#xD;
&#xD;
2019-09-18 11:05:16 - [TEST_STEP][PASSED] - openBrowser(""): Browser is opened with url: ''&#xD;
&#xD;
2019-09-18 11:05:16 - [MESSAGE][INFO] - Starting 'IE' driver&#xD;
&#xD;
2019-09-18 11:05:16 - [MESSAGE][INFO] - User set preference: ['ignoreProtectedModeSettings', 'true']&#xD;
&#xD;
2019-09-18 11:05:16 - [MESSAGE][INFO] - Action delay is set to 0 seconds&#xD;
&#xD;
2019-09-18 11:05:21 - [MESSAGE][PASSED] - Browser is opened with url: ''&#xD;
&#xD;
2019-09-18 11:05:21 - [TEST_STEP][PASSED] - navigateToUrl("https://samsung-adzu4-staging.codeworldwide.com/#"): Navigate to 'https://samsung-adzu4-staging.codeworldwide.com/#' successfully&#xD;
&#xD;
2019-09-18 11:05:24 - [MESSAGE][PASSED] - Navigate to 'https://samsung-adzu4-staging.codeworldwide.com/#' successfully&#xD;
&#xD;
2019-09-18 11:05:24 - [TEST_STEP][PASSED] - setText(findTestObject("Object Repository/Login/Page_Samsung Marketing Cloud/Username_Text"), "satinder.gandhi@codeworldwide.com"): Text 'satinder.gandhi@codeworldwide.com' is set on object 'Object Repository/Login/Page_Samsung Marketing Cloud/Username_Text'&#xD;
&#xD;
2019-09-18 11:05:29 - [MESSAGE][PASSED] - Text 'satinder.gandhi@codeworldwide.com' is set on object 'Object Repository/Login/Page_Samsung Marketing Cloud/Username_Text'&#xD;
&#xD;
2019-09-18 11:05:29 - [TEST_STEP][PASSED] - setEncryptedText(findTestObject("Object Repository/Login/Page_Samsung Marketing Cloud/Password_text"), "yfq/9fVkW5+QvfzWq38qvg=="): Text ****** has been set on object 'Object Repository/Login/Page_Samsung Marketing Cloud/Password_text'&#xD;
&#xD;
2019-09-18 11:05:30 - [MESSAGE][PASSED] - Text ****** has been set on object 'Object Repository/Login/Page_Samsung Marketing Cloud/Password_text'&#xD;
&#xD;
2019-09-18 11:05:30 - [TEST_STEP][PASSED] - click(findTestObject("Object Repository/Login/Page_Samsung Marketing Cloud/button_Login")): Object: 'Object Repository/Login/Page_Samsung Marketing Cloud/button_Login' is clicked on&#xD;
&#xD;
2019-09-18 11:05:33 - [MESSAGE][PASSED] - Object: 'Object Repository/Login/Page_Samsung Marketing Cloud/button_Login' is clicked on&#xD;
&#xD;
2019-09-18 11:05:33 - [TEST_STEP][PASSED] - maximizeWindow(): Current window maximized&#xD;
&#xD;
2019-09-18 11:05:34 - [MESSAGE][PASSED] - Current window maximized</system-out>
            <system-err></system-err>
        </testcase>
        <testcase name="Test Cases/Home Page/Brand" classname="Test Cases/Home Page/Brand" status="PASSED">
            <system-out>2019-09-18 11:05:36 - [TEST_CASE][PASSED] - Test Cases/Home Page/Brand: Test Cases/Home Page/Brand&#xD;
&#xD;
2019-09-18 11:05:37 - [TEST_STEP][PASSED] - navigateToUrl("https://samsung-adzu4-staging.codeworldwide.com/#"): Navigate to 'https://samsung-adzu4-staging.codeworldwide.com/#' successfully&#xD;
&#xD;
2019-09-18 11:05:39 - [MESSAGE][PASSED] - Navigate to 'https://samsung-adzu4-staging.codeworldwide.com/#' successfully&#xD;
&#xD;
2019-09-18 11:05:39 - [TEST_STEP][PASSED] - scrollToElement(findTestObject("Home Page/Page_Samsung Marketing Cloud/div_Quick Links"), 0): Scroll to object 'Object Repository/Home Page/Page_Samsung Marketing Cloud/div_Quick Links' successfully&#xD;
&#xD;
2019-09-18 11:05:39 - [MESSAGE][WARNING] - Timeout '0' is invalid. Using default page load timeout: '30'&#xD;
&#xD;
2019-09-18 11:05:39 - [MESSAGE][PASSED] - Scroll to object 'Object Repository/Home Page/Page_Samsung Marketing Cloud/div_Quick Links' successfully&#xD;
&#xD;
2019-09-18 11:05:39 - [TEST_STEP][PASSED] - click(findTestObject("Home Page/Page_Samsung Marketing Cloud/div_Brand")): Object: 'Object Repository/Home Page/Page_Samsung Marketing Cloud/div_Brand' is clicked on&#xD;
&#xD;
2019-09-18 11:05:42 - [MESSAGE][PASSED] - Object: 'Object Repository/Home Page/Page_Samsung Marketing Cloud/div_Brand' is clicked on&#xD;
&#xD;
2019-09-18 11:05:42 - [TEST_STEP][PASSED] - url = getUrl(): Current window's url is: 'https://samsung-adzu4-staging.codeworldwide.com/#page/Assets?TagsID=c3478931-e7bb-4f43-84a7-561e1f41688e'&#xD;
&#xD;
2019-09-18 11:05:42 - [MESSAGE][PASSED] - Current window's url is: 'https://samsung-adzu4-staging.codeworldwide.com/#page/Assets?TagsID=c3478931-e7bb-4f43-84a7-561e1f41688e'&#xD;
&#xD;
2019-09-18 11:05:42 - [TEST_STEP][PASSED] - verifyMatch(url, "https://samsung-adzu4-staging.codeworldwide.com/#page/Assets?TagsID=c3478931-e7bb-4f43-84a7-561e1f41688e", false): Actual text 'https://samsung-adzu4-staging.codeworldwide.com/#page/Assets?TagsID=c3478931-e7bb-4f43-84a7-561e1f41688e' and expected text 'https://samsung-adzu4-staging.codeworldwide.com/#page/Assets?TagsID=c3478931-e7bb-4f43-84a7-561e1f41688e' are matched &#xD;
&#xD;
2019-09-18 11:05:42 - [MESSAGE][PASSED] - Actual text 'https://samsung-adzu4-staging.codeworldwide.com/#page/Assets?TagsID=c3478931-e7bb-4f43-84a7-561e1f41688e' and expected text 'https://samsung-adzu4-staging.codeworldwide.com/#page/Assets?TagsID=c3478931-e7bb-4f43-84a7-561e1f41688e' are matched</system-out>
            <system-err></system-err>
        </testcase>
        <testcase name="Test Cases/Home Page/Learning" classname="Test Cases/Home Page/Learning" status="PASSED">
            <system-out>2019-09-18 11:05:44 - [TEST_CASE][PASSED] - Test Cases/Home Page/Learning: Test Cases/Home Page/Learning&#xD;
&#xD;
2019-09-18 11:05:45 - [TEST_STEP][PASSED] - navigateToUrl("https://samsung-adzu4-staging.codeworldwide.com/#"): Navigate to 'https://samsung-adzu4-staging.codeworldwide.com/#' successfully&#xD;
&#xD;
2019-09-18 11:05:48 - [MESSAGE][PASSED] - Navigate to 'https://samsung-adzu4-staging.codeworldwide.com/#' successfully&#xD;
&#xD;
2019-09-18 11:05:48 - [TEST_STEP][PASSED] - scrollToElement(findTestObject("Home Page/Page_Samsung Marketing Cloud/div_Quick Links"), 0): Scroll to object 'Object Repository/Home Page/Page_Samsung Marketing Cloud/div_Quick Links' successfully&#xD;
&#xD;
2019-09-18 11:05:48 - [MESSAGE][WARNING] - Timeout '0' is invalid. Using default page load timeout: '30'&#xD;
&#xD;
2019-09-18 11:05:49 - [MESSAGE][PASSED] - Scroll to object 'Object Repository/Home Page/Page_Samsung Marketing Cloud/div_Quick Links' successfully&#xD;
&#xD;
2019-09-18 11:05:49 - [TEST_STEP][PASSED] - click(findTestObject("Home Page/Page_Samsung Marketing Cloud/div_Learning")): Object: 'Object Repository/Home Page/Page_Samsung Marketing Cloud/div_Learning' is clicked on&#xD;
&#xD;
2019-09-18 11:05:51 - [MESSAGE][PASSED] - Object: 'Object Repository/Home Page/Page_Samsung Marketing Cloud/div_Learning' is clicked on&#xD;
&#xD;
2019-09-18 11:05:51 - [TEST_STEP][PASSED] - url = getUrl(): Current window's url is: 'https://samsung-adzu4-staging.codeworldwide.com/#page/Assets?TagsID=1a290171-39cc-4418-a06c-24d802e4c8df'&#xD;
&#xD;
2019-09-18 11:05:51 - [MESSAGE][PASSED] - Current window's url is: 'https://samsung-adzu4-staging.codeworldwide.com/#page/Assets?TagsID=1a290171-39cc-4418-a06c-24d802e4c8df'&#xD;
&#xD;
2019-09-18 11:05:51 - [TEST_STEP][PASSED] - verifyMatch(url, "https://samsung-adzu4-staging.codeworldwide.com/#page/Assets?TagsID=1a290171-39cc-4418-a06c-24d802e4c8df", false): Actual text 'https://samsung-adzu4-staging.codeworldwide.com/#page/Assets?TagsID=1a290171-39cc-4418-a06c-24d802e4c8df' and expected text 'https://samsung-adzu4-staging.codeworldwide.com/#page/Assets?TagsID=1a290171-39cc-4418-a06c-24d802e4c8df' are matched &#xD;
&#xD;
2019-09-18 11:05:51 - [MESSAGE][PASSED] - Actual text 'https://samsung-adzu4-staging.codeworldwide.com/#page/Assets?TagsID=1a290171-39cc-4418-a06c-24d802e4c8df' and expected text 'https://samsung-adzu4-staging.codeworldwide.com/#page/Assets?TagsID=1a290171-39cc-4418-a06c-24d802e4c8df' are matched</system-out>
            <system-err></system-err>
        </testcase>
        <testcase name="Test Cases/Home Page/Help and Support" classname="Test Cases/Home Page/Help and Support" status="ERROR">
            <error type="ERROR" message="Test Cases/Home Page/Help and Support FAILED.&#xA;Reason:&#xA;groovy.lang.MissingPropertyException: No such property: a for class: Script1567778740110&#xD;&#xA;&#x9;at Help and Support.run(Help and Support:24)&#xD;&#xA;&#x9;at com.kms.katalon.core.main.ScriptEngine.run(ScriptEngine.java:194)&#xD;&#xA;&#x9;at com.kms.katalon.core.main.ScriptEngine.runScriptAsRawText(ScriptEngine.java:119)&#xD;&#xA;&#x9;at com.kms.katalon.core.main.TestCaseExecutor.runScript(TestCaseExecutor.java:337)&#xD;&#xA;&#x9;at com.kms.katalon.core.main.TestCaseExecutor.doExecute(TestCaseExecutor.java:328)&#xD;&#xA;&#x9;at com.kms.katalon.core.main.TestCaseExecutor.processExecutionPhase(TestCaseExecutor.java:307)&#xD;&#xA;&#x9;at com.kms.katalon.core.main.TestCaseExecutor.accessMainPhase(TestCaseExecutor.java:299)&#xD;&#xA;&#x9;at com.kms.katalon.core.main.TestCaseExecutor.execute(TestCaseExecutor.java:233)&#xD;&#xA;&#x9;at com.kms.katalon.core.main.TestSuiteExecutor.accessTestCaseMainPhase(TestSuiteExecutor.java:169)&#xD;&#xA;&#x9;at com.kms.katalon.core.main.TestSuiteExecutor.accessTestSuiteMainPhase(TestSuiteExecutor.java:142)&#xD;&#xA;&#x9;at com.kms.katalon.core.main.TestSuiteExecutor.execute(TestSuiteExecutor.java:91)&#xD;&#xA;&#x9;at com.kms.katalon.core.main.TestCaseMain.startTestSuite(TestCaseMain.java:157)&#xD;&#xA;&#x9;at com.kms.katalon.core.main.TestCaseMain$startTestSuite$0.call(Unknown Source)&#xD;&#xA;&#x9;at TempTestSuite1568801110723.run(TempTestSuite1568801110723.groovy:35)&#xD;&#xA;"/>
            <system-out>2019-09-18 11:05:53 - [TEST_CASE][ERROR] - Test Cases/Home Page/Help and Support: Test Cases/Home Page/Help and Support FAILED.
Reason:
groovy.lang.MissingPropertyException: No such property: a for class: Script1567778740110&#xD;
	at Help and Support.run(Help and Support:24)&#xD;
	at com.kms.katalon.core.main.ScriptEngine.run(ScriptEngine.java:194)&#xD;
	at com.kms.katalon.core.main.ScriptEngine.runScriptAsRawText(ScriptEngine.java:119)&#xD;
	at com.kms.katalon.core.main.TestCaseExecutor.runScript(TestCaseExecutor.java:337)&#xD;
	at com.kms.katalon.core.main.TestCaseExecutor.doExecute(TestCaseExecutor.java:328)&#xD;
	at com.kms.katalon.core.main.TestCaseExecutor.processExecutionPhase(TestCaseExecutor.java:307)&#xD;
	at com.kms.katalon.core.main.TestCaseExecutor.accessMainPhase(TestCaseExecutor.java:299)&#xD;
	at com.kms.katalon.core.main.TestCaseExecutor.execute(TestCaseExecutor.java:233)&#xD;
	at com.kms.katalon.core.main.TestSuiteExecutor.accessTestCaseMainPhase(TestSuiteExecutor.java:169)&#xD;
	at com.kms.katalon.core.main.TestSuiteExecutor.accessTestSuiteMainPhase(TestSuiteExecutor.java:142)&#xD;
	at com.kms.katalon.core.main.TestSuiteExecutor.execute(TestSuiteExecutor.java:91)&#xD;
	at com.kms.katalon.core.main.TestCaseMain.startTestSuite(TestCaseMain.java:157)&#xD;
	at com.kms.katalon.core.main.TestCaseMain$startTestSuite$0.call(Unknown Source)&#xD;
	at TempTestSuite1568801110723.run(TempTestSuite1568801110723.groovy:35)&#xD;
&#xD;
&#xD;
2019-09-18 11:05:54 - [TEST_STEP][PASSED] - navigateToUrl("https://samsung-adzu4-staging.codeworldwide.com/#"): Navigate to 'https://samsung-adzu4-staging.codeworldwide.com/#' successfully&#xD;
&#xD;
2019-09-18 11:05:56 - [MESSAGE][PASSED] - Navigate to 'https://samsung-adzu4-staging.codeworldwide.com/#' successfully&#xD;
&#xD;
2019-09-18 11:05:56 - [TEST_STEP][PASSED] - scrollToElement(findTestObject("Home Page/Page_Samsung Marketing Cloud/div_Quick Links"), 0): Scroll to object 'Object Repository/Home Page/Page_Samsung Marketing Cloud/div_Quick Links' successfully&#xD;
&#xD;
2019-09-18 11:05:57 - [MESSAGE][WARNING] - Timeout '0' is invalid. Using default page load timeout: '30'&#xD;
&#xD;
2019-09-18 11:05:57 - [MESSAGE][PASSED] - Scroll to object 'Object Repository/Home Page/Page_Samsung Marketing Cloud/div_Quick Links' successfully&#xD;
&#xD;
2019-09-18 11:05:57 - [TEST_STEP][PASSED] - click(findTestObject("Home Page/Page_Samsung Marketing Cloud/div_Help and Support")): Object: 'Object Repository/Home Page/Page_Samsung Marketing Cloud/div_Help and Support' is clicked on&#xD;
&#xD;
2019-09-18 11:05:59 - [MESSAGE][PASSED] - Object: 'Object Repository/Home Page/Page_Samsung Marketing Cloud/div_Help and Support' is clicked on&#xD;
&#xD;
2019-09-18 11:05:59 - [TEST_STEP][PASSED] - url = getUrl(): Current window's url is: 'https://samsung-adzu4-staging.codeworldwide.com/#page/Help-and-Support'&#xD;
&#xD;
2019-09-18 11:05:59 - [MESSAGE][PASSED] - Current window's url is: 'https://samsung-adzu4-staging.codeworldwide.com/#page/Help-and-Support'&#xD;
&#xD;
2019-09-18 11:05:59 - [TEST_STEP][PASSED] - verifyMatch(a, "https://samsung-adzu4-staging.codeworldwide.com/#page/Help-and-Support", false): null</system-out>
            <system-err>2019-09-18 11:05:53 - [TEST_CASE][ERROR] - Test Cases/Home Page/Help and Support: Test Cases/Home Page/Help and Support FAILED.
Reason:
groovy.lang.MissingPropertyException: No such property: a for class: Script1567778740110&#xD;
	at Help and Support.run(Help and Support:24)&#xD;
	at com.kms.katalon.core.main.ScriptEngine.run(ScriptEngine.java:194)&#xD;
	at com.kms.katalon.core.main.ScriptEngine.runScriptAsRawText(ScriptEngine.java:119)&#xD;
	at com.kms.katalon.core.main.TestCaseExecutor.runScript(TestCaseExecutor.java:337)&#xD;
	at com.kms.katalon.core.main.TestCaseExecutor.doExecute(TestCaseExecutor.java:328)&#xD;
	at com.kms.katalon.core.main.TestCaseExecutor.processExecutionPhase(TestCaseExecutor.java:307)&#xD;
	at com.kms.katalon.core.main.TestCaseExecutor.accessMainPhase(TestCaseExecutor.java:299)&#xD;
	at com.kms.katalon.core.main.TestCaseExecutor.execute(TestCaseExecutor.java:233)&#xD;
	at com.kms.katalon.core.main.TestSuiteExecutor.accessTestCaseMainPhase(TestSuiteExecutor.java:169)&#xD;
	at com.kms.katalon.core.main.TestSuiteExecutor.accessTestSuiteMainPhase(TestSuiteExecutor.java:142)&#xD;
	at com.kms.katalon.core.main.TestSuiteExecutor.execute(TestSuiteExecutor.java:91)&#xD;
	at com.kms.katalon.core.main.TestCaseMain.startTestSuite(TestCaseMain.java:157)&#xD;
	at com.kms.katalon.core.main.TestCaseMain$startTestSuite$0.call(Unknown Source)&#xD;
	at TempTestSuite1568801110723.run(TempTestSuite1568801110723.groovy:35)</system-err>
        </testcase>
        <testcase name="Test Cases/Login and Logout - Notifications/Logout - Yes Button" classname="Test Cases/Login and Logout - Notifications/Logout - Yes Button" status="PASSED">
            <system-out>2019-09-18 11:06:01 - [TEST_CASE][PASSED] - Test Cases/Login and Logout - Notifications/Logout - Yes Button: Test Cases/Login and Logout - Notifications/Logout - Yes Button&#xD;
&#xD;
2019-09-18 11:06:01 - [TEST_STEP][PASSED] - click(findTestObject("Logout/Page_Samsung Marketing Cloud/span_gandhi")): Object: 'Object Repository/Logout/Page_Samsung Marketing Cloud/span_gandhi' is clicked on&#xD;
&#xD;
2019-09-18 11:06:03 - [MESSAGE][PASSED] - Object: 'Object Repository/Logout/Page_Samsung Marketing Cloud/span_gandhi' is clicked on&#xD;
&#xD;
2019-09-18 11:06:03 - [TEST_STEP][PASSED] - click(findTestObject("Logout/Page_Samsung Marketing Cloud/Logout")): Object: 'Object Repository/Logout/Page_Samsung Marketing Cloud/Logout' is clicked on&#xD;
&#xD;
2019-09-18 11:06:05 - [MESSAGE][PASSED] - Object: 'Object Repository/Logout/Page_Samsung Marketing Cloud/Logout' is clicked on&#xD;
&#xD;
2019-09-18 11:06:05 - [TEST_STEP][PASSED] - click(findTestObject("Logout/Page_Samsung Marketing Cloud/button_Yes")): Object: 'Object Repository/Logout/Page_Samsung Marketing Cloud/button_Yes' is clicked on&#xD;
&#xD;
2019-09-18 11:06:07 - [MESSAGE][PASSED] - Object: 'Object Repository/Logout/Page_Samsung Marketing Cloud/button_Yes' is clicked on</system-out>
            <system-err></system-err>
        </testcase>
        <system-out>2019-09-18 11:05:14 - [TEST_SUITE][INCOMPLETE] - Quick Link: null</system-out>
        <system-err>2019-09-18 11:05:14 - [TEST_SUITE][INCOMPLETE] - Quick Link: null</system-err>
    </testsuite>
</testsuites>
