<?xml version="1.0" encoding="UTF-8" standalone="yes"?>
<testsuites name="Asset Test Suite" time="68" tests="5" failures="1" errors="0">
    <testsuite name="Asset Test Suite" tests="5" failures="1" errors="0" time="68" timestamp="2019-10-10 13:11:15" hostname="KanKir - GB3CODW08386HQS.nexus.local" id="Test Suites/Marketing Content/Add Assets/Asset Test Suite">
        <properties>
            <property name="deviceName" value=""/>
            <property name="devicePlatform" value=""/>
            <property name="logFolder" value="C:\\Users\\kankir\\git\\adZU-OS-UAT-Automation\\Reports\\20191010_131113\\Marketing Content\\Add Assets\\Asset Test Suite\\20191010_131113"/>
            <property name="logFiles" value="C:\\Users\\kankir\\git\\adZU-OS-UAT-Automation\\Reports\\20191010_131113\\Marketing Content\\Add Assets\\Asset Test Suite\\20191010_131113\\execution0.log"/>
            <property name="attachments" value=""/>
            <property name="hostName" value="KanKir - GB3CODW08386HQS.nexus.local"/>
            <property name="os" value="Windows 10 64bit"/>
            <property name="katalonVersion" value="6.3.3.11"/>
            <property name="browser" value="Chrome 77.0.3865.90"/>
            <property name="hostAddress" value="10.141.18.113"/>
            <property name="sessionId" value="7ad6e6d415ded7b82caa797e67c6d4d8"/>
            <property name="seleniumVersion" value="3.141.59"/>
            <property name="proxyInformation" value="ProxyInformation{proxyOption=NO_PROXY, proxyServerType=HTTP, password=, proxyServerAddress=, proxyServerPort=0}"/>
            <property name="platform" value="Windows 10"/>
        </properties>
        <testcase name="Test Cases/Login and Logout - Notifications/Login" classname="Test Cases/Login and Logout - Notifications/Login" status="PASSED">
            <system-out>2019-10-10 13:11:15 - [TEST_CASE][PASSED] - Test Cases/Login and Logout - Notifications/Login: Test Cases/Login and Logout - Notifications/Login&#xD;
&#xD;
2019-10-10 13:11:16 - [TEST_STEP][PASSED] - openBrowser(""): Browser is opened with url: ''&#xD;
&#xD;
2019-10-10 13:11:16 - [MESSAGE][INFO] - Starting 'Chrome' driver&#xD;
&#xD;
2019-10-10 13:11:16 - [MESSAGE][INFO] - User set preference: ['prefs', '{profile.default_content_settings.popups=0.0, download.default_directory=C:\Adzu}']&#xD;
&#xD;
2019-10-10 13:11:16 - [MESSAGE][INFO] - User set preference: ['args', '[--test-type, --disable-extensions]']&#xD;
&#xD;
2019-10-10 13:11:16 - [MESSAGE][INFO] - Action delay is set to 1 seconds&#xD;
&#xD;
2019-10-10 13:11:21 - [MESSAGE][PASSED] - Browser is opened with url: ''&#xD;
&#xD;
2019-10-10 13:11:21 - [TEST_STEP][PASSED] - navigateToUrl("https://samsung-adzu4-staging.codeworldwide.com/#"): Navigate to 'https://samsung-adzu4-staging.codeworldwide.com/#' successfully&#xD;
&#xD;
2019-10-10 13:11:23 - [MESSAGE][PASSED] - Navigate to 'https://samsung-adzu4-staging.codeworldwide.com/#' successfully&#xD;
&#xD;
2019-10-10 13:11:23 - [TEST_STEP][PASSED] - setText(findTestObject("Object Repository/Login/Page_Samsung Marketing Cloud/Username_Text"), "satinder.gandhi@codeworldwide.com"): Text 'satinder.gandhi@codeworldwide.com' is set on object 'Object Repository/Login/Page_Samsung Marketing Cloud/Username_Text'&#xD;
&#xD;
2019-10-10 13:11:28 - [MESSAGE][PASSED] - Text 'satinder.gandhi@codeworldwide.com' is set on object 'Object Repository/Login/Page_Samsung Marketing Cloud/Username_Text'&#xD;
&#xD;
2019-10-10 13:11:28 - [TEST_STEP][PASSED] - setEncryptedText(findTestObject("Object Repository/Login/Page_Samsung Marketing Cloud/Password_text"), "yfq/9fVkW5+QvfzWq38qvg=="): Text ****** has been set on object 'Object Repository/Login/Page_Samsung Marketing Cloud/Password_text'&#xD;
&#xD;
2019-10-10 13:11:31 - [MESSAGE][PASSED] - Text ****** has been set on object 'Object Repository/Login/Page_Samsung Marketing Cloud/Password_text'&#xD;
&#xD;
2019-10-10 13:11:31 - [TEST_STEP][PASSED] - click(findTestObject("Object Repository/Login/Page_Samsung Marketing Cloud/button_Login")): Object: 'Object Repository/Login/Page_Samsung Marketing Cloud/button_Login' is clicked on&#xD;
&#xD;
2019-10-10 13:11:34 - [MESSAGE][PASSED] - Object: 'Object Repository/Login/Page_Samsung Marketing Cloud/button_Login' is clicked on&#xD;
&#xD;
2019-10-10 13:11:34 - [TEST_STEP][PASSED] - maximizeWindow(): Current window maximized&#xD;
&#xD;
2019-10-10 13:11:36 - [MESSAGE][PASSED] - Current window maximized</system-out>
            <system-err></system-err>
        </testcase>
        <testcase name="Test Cases/Assets/Open Assets Page" classname="Test Cases/Assets/Open Assets Page" status="PASSED">
            <system-out>2019-10-10 13:11:36 - [TEST_CASE][PASSED] - Test Cases/Assets/Open Assets Page: Test Cases/Assets/Open Assets Page&#xD;
&#xD;
2019-10-10 13:11:36 - [TEST_STEP][PASSED] - click(findTestObject("Assets/Add Asset/a_Assets")): Object: 'Object Repository/Assets/Add Asset/a_Assets' is clicked on&#xD;
&#xD;
2019-10-10 13:11:38 - [MESSAGE][PASSED] - Object: 'Object Repository/Assets/Add Asset/a_Assets' is clicked on&#xD;
&#xD;
2019-10-10 13:11:38 - [TEST_STEP][PASSED] - delay(1): Delayed 1 second(s)&#xD;
&#xD;
2019-10-10 13:11:39 - [MESSAGE][PASSED] - Delayed 1 second(s)</system-out>
            <system-err></system-err>
        </testcase>
        <testcase name="Test Cases/Assets/Search Asset" classname="Test Cases/Assets/Search Asset" status="PASSED">
            <system-out>2019-10-10 13:11:39 - [TEST_CASE][PASSED] - Test Cases/Assets/Search Asset: Test Cases/Assets/Search Asset&#xD;
&#xD;
2019-10-10 13:11:39 - [TEST_STEP][PASSED] - click(findTestObject("Assets/Search Assets/Page_Samsung Marketing Cloud/filter_icon")): Object: 'Object Repository/Assets/Search Assets/Page_Samsung Marketing Cloud/filter_icon' is clicked on&#xD;
&#xD;
2019-10-10 13:11:46 - [MESSAGE][PASSED] - Object: 'Object Repository/Assets/Search Assets/Page_Samsung Marketing Cloud/filter_icon' is clicked on&#xD;
&#xD;
2019-10-10 13:11:46 - [TEST_STEP][PASSED] - setText(findTestObject("Assets/Search Assets/Page_Samsung Marketing Cloud/Text_SearchText"), search_text): Text 'update asset' is set on object 'Object Repository/Assets/Search Assets/Page_Samsung Marketing Cloud/Text_SearchText'&#xD;
&#xD;
2019-10-10 13:11:50 - [MESSAGE][PASSED] - Text 'update asset' is set on object 'Object Repository/Assets/Search Assets/Page_Samsung Marketing Cloud/Text_SearchText'&#xD;
&#xD;
2019-10-10 13:11:50 - [TEST_STEP][PASSED] - span_obj = modifyObjectProperty(findTestObject("Assets/Search Assets/Page_Samsung Marketing Cloud/span_asset"), "text", "equals", search_text, false): Modify property of object successfully&#xD;
&#xD;
2019-10-10 13:11:50 - [MESSAGE][PASSED] - Modify property of object successfully&#xD;
&#xD;
2019-10-10 13:11:50 - [TEST_STEP][PASSED] - click(span_obj): Object: 'Object Repository/Assets/Search Assets/Page_Samsung Marketing Cloud/span_asset' is clicked on&#xD;
&#xD;
2019-10-10 13:11:52 - [MESSAGE][PASSED] - Object: 'Object Repository/Assets/Search Assets/Page_Samsung Marketing Cloud/span_asset' is clicked on&#xD;
&#xD;
2019-10-10 13:11:52 - [TEST_STEP][PASSED] - click(findTestObject("Object Repository/Assets/Search Assets/Page_Samsung Marketing Cloud/button_Hide")): Object: 'Object Repository/Assets/Search Assets/Page_Samsung Marketing Cloud/button_Hide' is clicked on&#xD;
&#xD;
2019-10-10 13:11:54 - [MESSAGE][PASSED] - Object: 'Object Repository/Assets/Search Assets/Page_Samsung Marketing Cloud/button_Hide' is clicked on&#xD;
&#xD;
2019-10-10 13:11:54 - [TEST_STEP][PASSED] - delay(1): Delayed 1 second(s)&#xD;
&#xD;
2019-10-10 13:11:55 - [MESSAGE][PASSED] - Delayed 1 second(s)&#xD;
&#xD;
2019-10-10 13:11:55 - [TEST_STEP][PASSED] - click(findTestObject("Assets/Add Asset/Page-Samsung Marketing Cloud/div_Gallery_switcher-box sw-gallery")): Object: 'Object Repository/Assets/Add Asset/Page-Samsung Marketing Cloud/div_Gallery_switcher-box sw-gallery' is clicked on&#xD;
&#xD;
2019-10-10 13:11:57 - [MESSAGE][PASSED] - Object: 'Object Repository/Assets/Add Asset/Page-Samsung Marketing Cloud/div_Gallery_switcher-box sw-gallery' is clicked on</system-out>
            <system-err></system-err>
        </testcase>
        <testcase name="Test Cases/Assets/Preview Asset" classname="Test Cases/Assets/Preview Asset" status="FAILED">
            <failure type="FAILED" message="Test Cases/Assets/Preview Asset FAILED.&#xA;Reason:&#xA;com.kms.katalon.core.exception.StepFailedException: Actual image does not match to baselined image&#xD;&#xA;&#x9;at com.kms.katalon.core.util.KeywordUtil.markFailedAndStop(KeywordUtil.java:28)&#xD;&#xA;&#x9;at com.kms.katalon.core.util.KeywordUtil$markFailedAndStop$0.call(Unknown Source)&#xD;&#xA;&#x9;at kms.turing.katalon.plugins.common.ErrorHandler.handleError(ErrorHandler.groovy:11)&#xD;&#xA;&#x9;at kms.turing.katalon.plugins.common.ErrorHandler$handleError.callStatic(Unknown Source)&#xD;&#xA;&#x9;at kms.turing.katalon.plugins.common.ErrorHandler.handleError(ErrorHandler.groovy:25)&#xD;&#xA;&#x9;at kms.turing.katalon.plugins.common.ErrorHandler$handleError$0.call(Unknown Source)&#xD;&#xA;&#x9;at kms.turing.katalon.plugins.common.BaseKeyword.handleError(BaseKeyword.groovy:18)&#xD;&#xA;&#x9;at kms.turing.katalon.plugins.visualtesting.ImageComparison.areMatched(ImageComparison.groovy:62)&#xD;&#xA;&#x9;at kms.turing.katalon.plugins.visualtesting.ImageComparison.areMatched(ImageComparison.groovy)&#xD;&#xA;&#x9;at kms.turing.katalon.plugins.common.BaseKeyword.invokeMethod(BaseKeyword.groovy)&#xD;&#xA;&#x9;at com.kms.katalon.core.main.CustomKeywordDelegatingMetaClass.invokeStaticMethod(CustomKeywordDelegatingMetaClass.java:50)&#xD;&#xA;&#x9;at Preview Asset.run(Preview Asset:31)&#xD;&#xA;&#x9;at com.kms.katalon.core.main.ScriptEngine.run(ScriptEngine.java:194)&#xD;&#xA;&#x9;at com.kms.katalon.core.main.ScriptEngine.runScriptAsRawText(ScriptEngine.java:119)&#xD;&#xA;&#x9;at com.kms.katalon.core.main.TestCaseExecutor.runScript(TestCaseExecutor.java:337)&#xD;&#xA;&#x9;at com.kms.katalon.core.main.TestCaseExecutor.doExecute(TestCaseExecutor.java:328)&#xD;&#xA;&#x9;at com.kms.katalon.core.main.TestCaseExecutor.processExecutionPhase(TestCaseExecutor.java:307)&#xD;&#xA;&#x9;at com.kms.katalon.core.main.TestCaseExecutor.accessMainPhase(TestCaseExecutor.java:299)&#xD;&#xA;&#x9;at com.kms.katalon.core.main.TestCaseExecutor.execute(TestCaseExecutor.java:233)&#xD;&#xA;&#x9;at com.kms.katalon.core.main.TestSuiteExecutor.accessTestCaseMainPhase(TestSuiteExecutor.java:169)&#xD;&#xA;&#x9;at com.kms.katalon.core.main.TestSuiteExecutor.accessTestSuiteMainPhase(TestSuiteExecutor.java:142)&#xD;&#xA;&#x9;at com.kms.katalon.core.main.TestSuiteExecutor.execute(TestSuiteExecutor.java:91)&#xD;&#xA;&#x9;at com.kms.katalon.core.main.TestCaseMain.startTestSuite(TestCaseMain.java:157)&#xD;&#xA;&#x9;at com.kms.katalon.core.main.TestCaseMain$startTestSuite$0.call(Unknown Source)&#xD;&#xA;&#x9;at TempTestSuite1570709473888.run(TempTestSuite1570709473888.groovy:35)&#xD;&#xA;"/>
            <system-out>2019-10-10 13:11:57 - [TEST_CASE][FAILED] - Test Cases/Assets/Preview Asset: Test Cases/Assets/Preview Asset FAILED.
Reason:
com.kms.katalon.core.exception.StepFailedException: Actual image does not match to baselined image&#xD;
	at com.kms.katalon.core.util.KeywordUtil.markFailedAndStop(KeywordUtil.java:28)&#xD;
	at com.kms.katalon.core.util.KeywordUtil$markFailedAndStop$0.call(Unknown Source)&#xD;
	at kms.turing.katalon.plugins.common.ErrorHandler.handleError(ErrorHandler.groovy:11)&#xD;
	at kms.turing.katalon.plugins.common.ErrorHandler$handleError.callStatic(Unknown Source)&#xD;
	at kms.turing.katalon.plugins.common.ErrorHandler.handleError(ErrorHandler.groovy:25)&#xD;
	at kms.turing.katalon.plugins.common.ErrorHandler$handleError$0.call(Unknown Source)&#xD;
	at kms.turing.katalon.plugins.common.BaseKeyword.handleError(BaseKeyword.groovy:18)&#xD;
	at kms.turing.katalon.plugins.visualtesting.ImageComparison.areMatched(ImageComparison.groovy:62)&#xD;
	at kms.turing.katalon.plugins.visualtesting.ImageComparison.areMatched(ImageComparison.groovy)&#xD;
	at kms.turing.katalon.plugins.common.BaseKeyword.invokeMethod(BaseKeyword.groovy)&#xD;
	at com.kms.katalon.core.main.CustomKeywordDelegatingMetaClass.invokeStaticMethod(CustomKeywordDelegatingMetaClass.java:50)&#xD;
	at Preview Asset.run(Preview Asset:31)&#xD;
	at com.kms.katalon.core.main.ScriptEngine.run(ScriptEngine.java:194)&#xD;
	at com.kms.katalon.core.main.ScriptEngine.runScriptAsRawText(ScriptEngine.java:119)&#xD;
	at com.kms.katalon.core.main.TestCaseExecutor.runScript(TestCaseExecutor.java:337)&#xD;
	at com.kms.katalon.core.main.TestCaseExecutor.doExecute(TestCaseExecutor.java:328)&#xD;
	at com.kms.katalon.core.main.TestCaseExecutor.processExecutionPhase(TestCaseExecutor.java:307)&#xD;
	at com.kms.katalon.core.main.TestCaseExecutor.accessMainPhase(TestCaseExecutor.java:299)&#xD;
	at com.kms.katalon.core.main.TestCaseExecutor.execute(TestCaseExecutor.java:233)&#xD;
	at com.kms.katalon.core.main.TestSuiteExecutor.accessTestCaseMainPhase(TestSuiteExecutor.java:169)&#xD;
	at com.kms.katalon.core.main.TestSuiteExecutor.accessTestSuiteMainPhase(TestSuiteExecutor.java:142)&#xD;
	at com.kms.katalon.core.main.TestSuiteExecutor.execute(TestSuiteExecutor.java:91)&#xD;
	at com.kms.katalon.core.main.TestCaseMain.startTestSuite(TestCaseMain.java:157)&#xD;
	at com.kms.katalon.core.main.TestCaseMain$startTestSuite$0.call(Unknown Source)&#xD;
	at TempTestSuite1570709473888.run(TempTestSuite1570709473888.groovy:35)&#xD;
&#xD;
&#xD;
2019-10-10 13:11:57 - [TEST_STEP][PASSED] - delay(1): Delayed 1 second(s)&#xD;
&#xD;
2019-10-10 13:11:58 - [MESSAGE][PASSED] - Delayed 1 second(s)&#xD;
&#xD;
2019-10-10 13:11:58 - [TEST_STEP][PASSED] - click(findTestObject("Assets/Action_Menu/Action_Menu")): Object: 'Object Repository/Assets/Action_Menu/Action_Menu' is clicked on&#xD;
&#xD;
2019-10-10 13:12:01 - [MESSAGE][PASSED] - Object: 'Object Repository/Assets/Action_Menu/Action_Menu' is clicked on&#xD;
&#xD;
2019-10-10 13:12:01 - [TEST_STEP][PASSED] - click(findTestObject("Assets/Preview Asset/Page_Samsung Marketing Cloud/a_Preview")): Object: 'Object Repository/Assets/Preview Asset/Page_Samsung Marketing Cloud/a_Preview' is clicked on&#xD;
&#xD;
2019-10-10 13:12:03 - [MESSAGE][PASSED] - Object: 'Object Repository/Assets/Preview Asset/Page_Samsung Marketing Cloud/a_Preview' is clicked on&#xD;
&#xD;
2019-10-10 13:12:03 - [TEST_STEP][PASSED] - delay(1): Delayed 1 second(s)&#xD;
&#xD;
2019-10-10 13:12:04 - [MESSAGE][PASSED] - Delayed 1 second(s)&#xD;
&#xD;
2019-10-10 13:12:04 - [TEST_STEP][PASSED] - kms.turing.katalon.plugins.visualtesting.ScreenCapture.takeScreenshot("C:\Adzu\Screenshot\Preview Asset\Asset_actual.png", CONTINUE_ON_FAILURE): kms.turing.katalon.plugins.visualtesting.ScreenCapture.takeScreenshot is PASSED&#xD;
&#xD;
2019-10-10 13:12:05 - [MESSAGE][PASSED] - kms.turing.katalon.plugins.visualtesting.ScreenCapture.takeScreenshot is PASSED&#xD;
&#xD;
2019-10-10 13:12:05 - [TEST_STEP][PASSED] - delay(1): Delayed 1 second(s)&#xD;
&#xD;
2019-10-10 13:12:06 - [MESSAGE][PASSED] - Delayed 1 second(s)&#xD;
&#xD;
2019-10-10 13:12:06 - [TEST_STEP][PASSED] - click(findTestObject("Assets/Preview Asset/Page_Samsung Marketing Cloud/Exit_Preview")): Object: 'Object Repository/Assets/Preview Asset/Page_Samsung Marketing Cloud/Exit_Preview' is clicked on&#xD;
&#xD;
2019-10-10 13:12:09 - [MESSAGE][PASSED] - Object: 'Object Repository/Assets/Preview Asset/Page_Samsung Marketing Cloud/Exit_Preview' is clicked on&#xD;
&#xD;
2019-10-10 13:12:09 - [TEST_STEP][FAILED] - kms.turing.katalon.plugins.visualtesting.ImageComparison.areMatched("C:\Adzu\Screenshot\Preview Asset\Asset_expected.png", "C:\Adzu\Screenshot\Preview Asset\Asset_actual.png"): Actual image does not match to baselined image&#xD;
&#xD;
2019-10-10 13:12:09 - [MESSAGE][INFO] - Verify the image at location: C:\Adzu\Screenshot\Preview Asset\Asset_expected.png is matched to the other image at: C:\Adzu\Screenshot\Preview Asset\Asset_actual.png&#xD;
&#xD;
2019-10-10 13:12:11 - [MESSAGE][FAILED] - Actual image does not match to baselined image</system-out>
            <system-err>2019-10-10 13:11:57 - [TEST_CASE][FAILED] - Test Cases/Assets/Preview Asset: Test Cases/Assets/Preview Asset FAILED.
Reason:
com.kms.katalon.core.exception.StepFailedException: Actual image does not match to baselined image&#xD;
	at com.kms.katalon.core.util.KeywordUtil.markFailedAndStop(KeywordUtil.java:28)&#xD;
	at com.kms.katalon.core.util.KeywordUtil$markFailedAndStop$0.call(Unknown Source)&#xD;
	at kms.turing.katalon.plugins.common.ErrorHandler.handleError(ErrorHandler.groovy:11)&#xD;
	at kms.turing.katalon.plugins.common.ErrorHandler$handleError.callStatic(Unknown Source)&#xD;
	at kms.turing.katalon.plugins.common.ErrorHandler.handleError(ErrorHandler.groovy:25)&#xD;
	at kms.turing.katalon.plugins.common.ErrorHandler$handleError$0.call(Unknown Source)&#xD;
	at kms.turing.katalon.plugins.common.BaseKeyword.handleError(BaseKeyword.groovy:18)&#xD;
	at kms.turing.katalon.plugins.visualtesting.ImageComparison.areMatched(ImageComparison.groovy:62)&#xD;
	at kms.turing.katalon.plugins.visualtesting.ImageComparison.areMatched(ImageComparison.groovy)&#xD;
	at kms.turing.katalon.plugins.common.BaseKeyword.invokeMethod(BaseKeyword.groovy)&#xD;
	at com.kms.katalon.core.main.CustomKeywordDelegatingMetaClass.invokeStaticMethod(CustomKeywordDelegatingMetaClass.java:50)&#xD;
	at Preview Asset.run(Preview Asset:31)&#xD;
	at com.kms.katalon.core.main.ScriptEngine.run(ScriptEngine.java:194)&#xD;
	at com.kms.katalon.core.main.ScriptEngine.runScriptAsRawText(ScriptEngine.java:119)&#xD;
	at com.kms.katalon.core.main.TestCaseExecutor.runScript(TestCaseExecutor.java:337)&#xD;
	at com.kms.katalon.core.main.TestCaseExecutor.doExecute(TestCaseExecutor.java:328)&#xD;
	at com.kms.katalon.core.main.TestCaseExecutor.processExecutionPhase(TestCaseExecutor.java:307)&#xD;
	at com.kms.katalon.core.main.TestCaseExecutor.accessMainPhase(TestCaseExecutor.java:299)&#xD;
	at com.kms.katalon.core.main.TestCaseExecutor.execute(TestCaseExecutor.java:233)&#xD;
	at com.kms.katalon.core.main.TestSuiteExecutor.accessTestCaseMainPhase(TestSuiteExecutor.java:169)&#xD;
	at com.kms.katalon.core.main.TestSuiteExecutor.accessTestSuiteMainPhase(TestSuiteExecutor.java:142)&#xD;
	at com.kms.katalon.core.main.TestSuiteExecutor.execute(TestSuiteExecutor.java:91)&#xD;
	at com.kms.katalon.core.main.TestCaseMain.startTestSuite(TestCaseMain.java:157)&#xD;
	at com.kms.katalon.core.main.TestCaseMain$startTestSuite$0.call(Unknown Source)&#xD;
	at TempTestSuite1570709473888.run(TempTestSuite1570709473888.groovy:35)</system-err>
        </testcase>
        <testcase name="Test Cases/Assets/Download Asset" classname="Test Cases/Assets/Download Asset" status="PASSED">
            <system-out>2019-10-10 13:12:11 - [TEST_CASE][PASSED] - Test Cases/Assets/Download Asset: Test Cases/Assets/Download Asset&#xD;
&#xD;
2019-10-10 13:12:11 - [TEST_STEP][PASSED] - click(findTestObject("Assets/Action_Menu/Action_Menu")): Object: 'Object Repository/Assets/Action_Menu/Action_Menu' is clicked on&#xD;
&#xD;
2019-10-10 13:12:13 - [MESSAGE][PASSED] - Object: 'Object Repository/Assets/Action_Menu/Action_Menu' is clicked on&#xD;
&#xD;
2019-10-10 13:12:13 - [TEST_STEP][PASSED] - click(findTestObject("Assets/Download Asset/a_Download")): Object: 'Object Repository/Assets/Download Asset/a_Download' is clicked on&#xD;
&#xD;
2019-10-10 13:12:15 - [MESSAGE][PASSED] - Object: 'Object Repository/Assets/Download Asset/a_Download' is clicked on</system-out>
            <system-err></system-err>
        </testcase>
        <testcase name="Test Cases/Login and Logout - Notifications/Logout - Yes Button" classname="Test Cases/Login and Logout - Notifications/Logout - Yes Button" status="PASSED">
            <system-out>2019-10-10 13:12:15 - [TEST_CASE][PASSED] - Test Cases/Login and Logout - Notifications/Logout - Yes Button: Test Cases/Login and Logout - Notifications/Logout - Yes Button&#xD;
&#xD;
2019-10-10 13:12:16 - [TEST_STEP][PASSED] - click(findTestObject("Logout/Page_Samsung Marketing Cloud/span_gandhi")): Object: 'Object Repository/Logout/Page_Samsung Marketing Cloud/span_gandhi' is clicked on&#xD;
&#xD;
2019-10-10 13:12:18 - [MESSAGE][PASSED] - Object: 'Object Repository/Logout/Page_Samsung Marketing Cloud/span_gandhi' is clicked on&#xD;
&#xD;
2019-10-10 13:12:18 - [TEST_STEP][PASSED] - click(findTestObject("Logout/Page_Samsung Marketing Cloud/Logout")): Object: 'Object Repository/Logout/Page_Samsung Marketing Cloud/Logout' is clicked on&#xD;
&#xD;
2019-10-10 13:12:20 - [MESSAGE][PASSED] - Object: 'Object Repository/Logout/Page_Samsung Marketing Cloud/Logout' is clicked on&#xD;
&#xD;
2019-10-10 13:12:20 - [TEST_STEP][PASSED] - click(findTestObject("Logout/Page_Samsung Marketing Cloud/button_Yes")): Object: 'Object Repository/Logout/Page_Samsung Marketing Cloud/button_Yes' is clicked on&#xD;
&#xD;
2019-10-10 13:12:22 - [MESSAGE][PASSED] - Object: 'Object Repository/Logout/Page_Samsung Marketing Cloud/button_Yes' is clicked on&#xD;
&#xD;
2019-10-10 13:12:22 - [TEST_STEP][PASSED] - closeBrowser(): Browser is closed&#xD;
&#xD;
2019-10-10 13:12:24 - [MESSAGE][PASSED] - Browser is closed</system-out>
            <system-err></system-err>
        </testcase>
        <system-out>2019-10-10 13:11:15 - [TEST_SUITE][INCOMPLETE] - Asset Test Suite: null</system-out>
        <system-err>2019-10-10 13:11:15 - [TEST_SUITE][INCOMPLETE] - Asset Test Suite: null</system-err>
    </testsuite>
</testsuites>
